{"/Users/agoley/hackathon/Air/server/server.js": {"path":"/Users/agoley/hackathon/Air/server/server.js","statementMap":{"0":{"start":{"line":1,"column":16},"end":{"line":1,"column":34}},"1":{"start":{"line":2,"column":13},"end":{"line":2,"column":28}},"2":{"start":{"line":3,"column":13},"end":{"line":3,"column":28}},"3":{"start":{"line":4,"column":18},"end":{"line":4,"column":31}},"4":{"start":{"line":5,"column":15},"end":{"line":5,"column":32}},"5":{"start":{"line":6,"column":13},"end":{"line":6,"column":28}},"6":{"start":{"line":9,"column":0},"end":{"line":9,"column":16}},"7":{"start":{"line":12,"column":24},"end":{"line":12,"column":53}},"8":{"start":{"line":13,"column":22},"end":{"line":13,"column":49}},"9":{"start":{"line":16,"column":23},"end":{"line":16,"column":62}},"10":{"start":{"line":19,"column":12},"end":{"line":19,"column":21}},"11":{"start":{"line":20,"column":15},"end":{"line":20,"column":37}},"12":{"start":{"line":23,"column":20},"end":{"line":28,"column":1}},"13":{"start":{"line":30,"column":0},"end":{"line":30,"column":27}},"14":{"start":{"line":31,"column":0},"end":{"line":31,"column":41}},"15":{"start":{"line":32,"column":0},"end":{"line":32,"column":63}},"16":{"start":{"line":35,"column":0},"end":{"line":77,"column":3}},"17":{"start":{"line":36,"column":2},"end":{"line":76,"column":3}},"18":{"start":{"line":37,"column":17},"end":{"line":37,"column":35}},"19":{"start":{"line":40,"column":23},"end":{"line":44,"column":6}},"20":{"start":{"line":47,"column":24},"end":{"line":47,"column":25}},"21":{"start":{"line":48,"column":20},"end":{"line":48,"column":22}},"22":{"start":{"line":50,"column":4},"end":{"line":56,"column":5}},"23":{"start":{"line":51,"column":26},"end":{"line":51,"column":76}},"24":{"start":{"line":52,"column":6},"end":{"line":52,"column":58}},"25":{"start":{"line":54,"column":25},"end":{"line":54,"column":76}},"26":{"start":{"line":55,"column":6},"end":{"line":55,"column":34}},"27":{"start":{"line":58,"column":4},"end":{"line":68,"column":7}},"28":{"start":{"line":70,"column":4},"end":{"line":75,"column":7}},"29":{"start":{"line":80,"column":0},"end":{"line":80,"column":43}},"30":{"start":{"line":81,"column":0},"end":{"line":81,"column":41}},"31":{"start":{"line":84,"column":0},"end":{"line":100,"column":3}},"32":{"start":{"line":85,"column":2},"end":{"line":92,"column":3}},"33":{"start":{"line":86,"column":4},"end":{"line":91,"column":7}},"34":{"start":{"line":95,"column":2},"end":{"line":95,"column":43}},"35":{"start":{"line":96,"column":2},"end":{"line":99,"column":5}},"36":{"start":{"line":103,"column":12},"end":{"line":103,"column":44}},"37":{"start":{"line":104,"column":0},"end":{"line":104,"column":20}},"38":{"start":{"line":107,"column":0},"end":{"line":230,"column":1}},"39":{"start":{"line":108,"column":26},"end":{"line":108,"column":65}},"40":{"start":{"line":109,"column":24},"end":{"line":109,"column":64}},"41":{"start":{"line":111,"column":2},"end":{"line":149,"column":3}},"42":{"start":{"line":113,"column":4},"end":{"line":139,"column":5}},"43":{"start":{"line":114,"column":6},"end":{"line":114,"column":47}},"44":{"start":{"line":115,"column":6},"end":{"line":124,"column":9}},"45":{"start":{"line":117,"column":8},"end":{"line":123,"column":9}},"46":{"start":{"line":118,"column":10},"end":{"line":118,"column":38}},"47":{"start":{"line":120,"column":10},"end":{"line":122,"column":73}},"48":{"start":{"line":125,"column":6},"end":{"line":125,"column":70}},"49":{"start":{"line":127,"column":6},"end":{"line":129,"column":8}},"50":{"start":{"line":130,"column":6},"end":{"line":138,"column":9}},"51":{"start":{"line":131,"column":8},"end":{"line":134,"column":9}},"52":{"start":{"line":133,"column":10},"end":{"line":133,"column":24}},"53":{"start":{"line":135,"column":8},"end":{"line":137,"column":71}},"54":{"start":{"line":141,"column":4},"end":{"line":141,"column":66}},"55":{"start":{"line":142,"column":4},"end":{"line":148,"column":7}},"56":{"start":{"line":143,"column":6},"end":{"line":147,"column":7}},"57":{"start":{"line":144,"column":8},"end":{"line":146,"column":71}},"58":{"start":{"line":150,"column":7},"end":{"line":230,"column":1}},"59":{"start":{"line":155,"column":2},"end":{"line":155,"column":42}},"60":{"start":{"line":156,"column":2},"end":{"line":229,"column":5}},"61":{"start":{"line":157,"column":4},"end":{"line":228,"column":7}},"62":{"start":{"line":233,"column":0},"end":{"line":239,"column":3}},"63":{"start":{"line":234,"column":2},"end":{"line":234,"column":27}},"64":{"start":{"line":235,"column":2},"end":{"line":238,"column":5}},"65":{"start":{"line":242,"column":26},"end":{"line":242,"column":52}},"66":{"start":{"line":244,"column":20},"end":{"line":261,"column":1}},"67":{"start":{"line":245,"column":2},"end":{"line":260,"column":3}},"68":{"start":{"line":247,"column":4},"end":{"line":247,"column":50}},"69":{"start":{"line":248,"column":4},"end":{"line":248,"column":26}},"70":{"start":{"line":249,"column":4},"end":{"line":249,"column":62}},"71":{"start":{"line":252,"column":17},"end":{"line":252,"column":41}},"72":{"start":{"line":253,"column":4},"end":{"line":255,"column":7}},"73":{"start":{"line":254,"column":6},"end":{"line":254,"column":52}},"74":{"start":{"line":257,"column":4},"end":{"line":257,"column":52}},"75":{"start":{"line":258,"column":4},"end":{"line":258,"column":61}},"76":{"start":{"line":259,"column":4},"end":{"line":259,"column":20}},"77":{"start":{"line":264,"column":0},"end":{"line":264,"column":14}},"78":{"start":{"line":266,"column":0},"end":{"line":266,"column":24}}},"fnMap":{"0":{"name":"(anonymous_0)","decl":{"start":{"line":35,"column":22},"end":{"line":35,"column":23}},"loc":{"start":{"line":35,"column":42},"end":{"line":77,"column":1}},"line":35},"1":{"name":"(anonymous_1)","decl":{"start":{"line":84,"column":8},"end":{"line":84,"column":9}},"loc":{"start":{"line":84,"column":35},"end":{"line":100,"column":1}},"line":84},"2":{"name":"(anonymous_2)","decl":{"start":{"line":115,"column":19},"end":{"line":115,"column":20}},"loc":{"start":{"line":115,"column":33},"end":{"line":124,"column":7}},"line":115},"3":{"name":"(anonymous_3)","decl":{"start":{"line":130,"column":19},"end":{"line":130,"column":20}},"loc":{"start":{"line":130,"column":33},"end":{"line":138,"column":7}},"line":130},"4":{"name":"(anonymous_4)","decl":{"start":{"line":142,"column":17},"end":{"line":142,"column":18}},"loc":{"start":{"line":142,"column":31},"end":{"line":148,"column":5}},"line":142},"5":{"name":"(anonymous_5)","decl":{"start":{"line":156,"column":15},"end":{"line":156,"column":16}},"loc":{"start":{"line":156,"column":29},"end":{"line":229,"column":3}},"line":156},"6":{"name":"(anonymous_6)","decl":{"start":{"line":233,"column":8},"end":{"line":233,"column":9}},"loc":{"start":{"line":233,"column":33},"end":{"line":239,"column":1}},"line":233},"7":{"name":"(anonymous_7)","decl":{"start":{"line":244,"column":20},"end":{"line":244,"column":21}},"loc":{"start":{"line":244,"column":32},"end":{"line":261,"column":1}},"line":244},"8":{"name":"(anonymous_8)","decl":{"start":{"line":253,"column":24},"end":{"line":253,"column":25}},"loc":{"start":{"line":253,"column":30},"end":{"line":255,"column":5}},"line":253}},"branchMap":{"0":{"loc":{"start":{"line":24,"column":10},"end":{"line":24,"column":40}},"type":"binary-expr","locations":[{"start":{"line":24,"column":10},"end":{"line":24,"column":33}},{"start":{"line":24,"column":37},"end":{"line":24,"column":40}}],"line":24},"1":{"loc":{"start":{"line":50,"column":4},"end":{"line":56,"column":5}},"type":"if","locations":[{"start":{"line":50,"column":4},"end":{"line":56,"column":5}},{"start":{},"end":{}}],"line":50},"2":{"loc":{"start":{"line":85,"column":2},"end":{"line":92,"column":3}},"type":"if","locations":[{"start":{"line":85,"column":2},"end":{"line":92,"column":3}},{"start":{},"end":{}}],"line":85},"3":{"loc":{"start":{"line":107,"column":0},"end":{"line":230,"column":1}},"type":"if","locations":[{"start":{"line":107,"column":0},"end":{"line":230,"column":1}},{"start":{"line":150,"column":7},"end":{"line":230,"column":1}}],"line":107},"4":{"loc":{"start":{"line":107,"column":4},"end":{"line":107,"column":76}},"type":"binary-expr","locations":[{"start":{"line":107,"column":4},"end":{"line":107,"column":41}},{"start":{"line":107,"column":45},"end":{"line":107,"column":76}}],"line":107},"5":{"loc":{"start":{"line":113,"column":4},"end":{"line":139,"column":5}},"type":"if","locations":[{"start":{"line":113,"column":4},"end":{"line":139,"column":5}},{"start":{"line":126,"column":11},"end":{"line":139,"column":5}}],"line":113},"6":{"loc":{"start":{"line":117,"column":8},"end":{"line":123,"column":9}},"type":"if","locations":[{"start":{"line":117,"column":8},"end":{"line":123,"column":9}},{"start":{"line":119,"column":15},"end":{"line":123,"column":9}}],"line":117},"7":{"loc":{"start":{"line":131,"column":8},"end":{"line":134,"column":9}},"type":"if","locations":[{"start":{"line":131,"column":8},"end":{"line":134,"column":9}},{"start":{},"end":{}}],"line":131},"8":{"loc":{"start":{"line":143,"column":6},"end":{"line":147,"column":7}},"type":"if","locations":[{"start":{"line":143,"column":6},"end":{"line":147,"column":7}},{"start":{},"end":{}}],"line":143},"9":{"loc":{"start":{"line":150,"column":7},"end":{"line":230,"column":1}},"type":"if","locations":[{"start":{"line":150,"column":7},"end":{"line":230,"column":1}},{"start":{},"end":{}}],"line":150},"10":{"loc":{"start":{"line":151,"column":2},"end":{"line":152,"column":33}},"type":"binary-expr","locations":[{"start":{"line":151,"column":2},"end":{"line":151,"column":39}},{"start":{"line":152,"column":2},"end":{"line":152,"column":33}}],"line":151},"11":{"loc":{"start":{"line":237,"column":13},"end":{"line":237,"column":77}},"type":"cond-expr","locations":[{"start":{"line":237,"column":54},"end":{"line":237,"column":65}},{"start":{"line":237,"column":68},"end":{"line":237,"column":77}}],"line":237},"12":{"loc":{"start":{"line":252,"column":17},"end":{"line":252,"column":41}},"type":"binary-expr","locations":[{"start":{"line":252,"column":17},"end":{"line":252,"column":33}},{"start":{"line":252,"column":37},"end":{"line":252,"column":41}}],"line":252}},"s":{"0":0,"1":0,"2":0,"3":0,"4":0,"5":0,"6":0,"7":0,"8":0,"9":0,"10":0,"11":0,"12":0,"13":0,"14":0,"15":0,"16":0,"17":0,"18":0,"19":0,"20":0,"21":0,"22":0,"23":0,"24":0,"25":0,"26":0,"27":0,"28":0,"29":0,"30":0,"31":0,"32":0,"33":0,"34":0,"35":0,"36":0,"37":0,"38":0,"39":0,"40":0,"41":0,"42":0,"43":0,"44":0,"45":0,"46":0,"47":0,"48":0,"49":0,"50":0,"51":0,"52":0,"53":0,"54":0,"55":0,"56":0,"57":0,"58":0,"59":0,"60":0,"61":0,"62":0,"63":0,"64":0,"65":0,"66":0,"67":0,"68":0,"69":0,"70":0,"71":0,"72":0,"73":0,"74":0,"75":0,"76":0,"77":0,"78":0},"f":{"0":0,"1":0,"2":0,"3":0,"4":0,"5":0,"6":0,"7":0,"8":0},"b":{"0":[0,0],"1":[0,0],"2":[0,0],"3":[0,0],"4":[0,0],"5":[0,0],"6":[0,0],"7":[0,0],"8":[0,0],"9":[0,0],"10":[0,0],"11":[0,0],"12":[0,0]}}
,"/Users/agoley/hackathon/Air/server/controllers/documentsController.js": {"path":"/Users/agoley/hackathon/Air/server/controllers/documentsController.js","statementMap":{"0":{"start":{"line":1,"column":17},"end":{"line":1,"column":46}},"1":{"start":{"line":4,"column":23},"end":{"line":18,"column":1}},"2":{"start":{"line":5,"column":2},"end":{"line":17,"column":3}},"3":{"start":{"line":6,"column":31},"end":{"line":6,"column":39}},"4":{"start":{"line":8,"column":4},"end":{"line":10,"column":5}},"5":{"start":{"line":9,"column":6},"end":{"line":9,"column":66}},"6":{"start":{"line":12,"column":24},"end":{"line":12,"column":67}},"7":{"start":{"line":13,"column":4},"end":{"line":13,"column":38}},"8":{"start":{"line":15,"column":4},"end":{"line":15,"column":53}},"9":{"start":{"line":16,"column":4},"end":{"line":16,"column":65}},"10":{"start":{"line":21,"column":24},"end":{"line":35,"column":1}},"11":{"start":{"line":22,"column":2},"end":{"line":34,"column":3}},"12":{"start":{"line":23,"column":19},"end":{"line":23,"column":29}},"13":{"start":{"line":24,"column":21},"end":{"line":24,"column":48}},"14":{"start":{"line":26,"column":4},"end":{"line":28,"column":5}},"15":{"start":{"line":27,"column":6},"end":{"line":27,"column":67}},"16":{"start":{"line":30,"column":4},"end":{"line":30,"column":23}},"17":{"start":{"line":32,"column":4},"end":{"line":32,"column":54}},"18":{"start":{"line":33,"column":4},"end":{"line":33,"column":67}},"19":{"start":{"line":38,"column":23},"end":{"line":78,"column":1}},"20":{"start":{"line":39,"column":2},"end":{"line":77,"column":3}},"21":{"start":{"line":40,"column":19},"end":{"line":40,"column":29}},"22":{"start":{"line":41,"column":31},"end":{"line":41,"column":39}},"23":{"start":{"line":44,"column":24},"end":{"line":44,"column":68}},"24":{"start":{"line":45,"column":4},"end":{"line":45,"column":79}},"25":{"start":{"line":47,"column":4},"end":{"line":51,"column":5}},"26":{"start":{"line":48,"column":6},"end":{"line":50,"column":62}},"27":{"start":{"line":53,"column":21},"end":{"line":53,"column":48}},"28":{"start":{"line":54,"column":4},"end":{"line":56,"column":5}},"29":{"start":{"line":55,"column":6},"end":{"line":55,"column":67}},"30":{"start":{"line":58,"column":28},"end":{"line":61,"column":6}},"31":{"start":{"line":63,"column":4},"end":{"line":63,"column":30}},"32":{"start":{"line":65,"column":4},"end":{"line":65,"column":53}},"33":{"start":{"line":68,"column":4},"end":{"line":74,"column":5}},"34":{"start":{"line":69,"column":6},"end":{"line":73,"column":9}},"35":{"start":{"line":76,"column":4},"end":{"line":76,"column":65}},"36":{"start":{"line":81,"column":23},"end":{"line":96,"column":1}},"37":{"start":{"line":82,"column":2},"end":{"line":95,"column":3}},"38":{"start":{"line":83,"column":19},"end":{"line":83,"column":29}},"39":{"start":{"line":84,"column":21},"end":{"line":84,"column":48}},"40":{"start":{"line":86,"column":4},"end":{"line":88,"column":5}},"41":{"start":{"line":87,"column":6},"end":{"line":87,"column":67}},"42":{"start":{"line":90,"column":4},"end":{"line":90,"column":30}},"43":{"start":{"line":91,"column":4},"end":{"line":91,"column":59}},"44":{"start":{"line":93,"column":4},"end":{"line":93,"column":53}},"45":{"start":{"line":94,"column":4},"end":{"line":94,"column":65}},"46":{"start":{"line":99,"column":24},"end":{"line":114,"column":1}},"47":{"start":{"line":100,"column":2},"end":{"line":113,"column":3}},"48":{"start":{"line":101,"column":22},"end":{"line":101,"column":46}},"49":{"start":{"line":102,"column":4},"end":{"line":102,"column":24}},"50":{"start":{"line":104,"column":4},"end":{"line":104,"column":54}},"51":{"start":{"line":105,"column":4},"end":{"line":105,"column":51}},"52":{"start":{"line":106,"column":4},"end":{"line":106,"column":45}},"53":{"start":{"line":107,"column":4},"end":{"line":107,"column":47}},"54":{"start":{"line":108,"column":4},"end":{"line":112,"column":7}},"55":{"start":{"line":116,"column":0},"end":{"line":122,"column":2}}},"fnMap":{"0":{"name":"(anonymous_0)","decl":{"start":{"line":4,"column":23},"end":{"line":4,"column":24}},"loc":{"start":{"line":4,"column":43},"end":{"line":18,"column":1}},"line":4},"1":{"name":"(anonymous_1)","decl":{"start":{"line":21,"column":24},"end":{"line":21,"column":25}},"loc":{"start":{"line":21,"column":44},"end":{"line":35,"column":1}},"line":21},"2":{"name":"(anonymous_2)","decl":{"start":{"line":38,"column":23},"end":{"line":38,"column":24}},"loc":{"start":{"line":38,"column":43},"end":{"line":78,"column":1}},"line":38},"3":{"name":"(anonymous_3)","decl":{"start":{"line":81,"column":23},"end":{"line":81,"column":24}},"loc":{"start":{"line":81,"column":43},"end":{"line":96,"column":1}},"line":81},"4":{"name":"(anonymous_4)","decl":{"start":{"line":99,"column":24},"end":{"line":99,"column":25}},"loc":{"start":{"line":99,"column":44},"end":{"line":114,"column":1}},"line":99}},"branchMap":{"0":{"loc":{"start":{"line":8,"column":4},"end":{"line":10,"column":5}},"type":"if","locations":[{"start":{"line":8,"column":4},"end":{"line":10,"column":5}},{"start":{},"end":{}}],"line":8},"1":{"loc":{"start":{"line":12,"column":53},"end":{"line":12,"column":66}},"type":"binary-expr","locations":[{"start":{"line":12,"column":53},"end":{"line":12,"column":60}},{"start":{"line":12,"column":64},"end":{"line":12,"column":66}}],"line":12},"2":{"loc":{"start":{"line":26,"column":4},"end":{"line":28,"column":5}},"type":"if","locations":[{"start":{"line":26,"column":4},"end":{"line":28,"column":5}},{"start":{},"end":{}}],"line":26},"3":{"loc":{"start":{"line":44,"column":24},"end":{"line":44,"column":68}},"type":"cond-expr","locations":[{"start":{"line":44,"column":34},"end":{"line":44,"column":64}},{"start":{"line":44,"column":67},"end":{"line":44,"column":68}}],"line":44},"4":{"loc":{"start":{"line":47,"column":4},"end":{"line":51,"column":5}},"type":"if","locations":[{"start":{"line":47,"column":4},"end":{"line":51,"column":5}},{"start":{},"end":{}}],"line":47},"5":{"loc":{"start":{"line":47,"column":8},"end":{"line":47,"column":39}},"type":"binary-expr","locations":[{"start":{"line":47,"column":8},"end":{"line":47,"column":14}},{"start":{"line":47,"column":18},"end":{"line":47,"column":39}}],"line":47},"6":{"loc":{"start":{"line":54,"column":4},"end":{"line":56,"column":5}},"type":"if","locations":[{"start":{"line":54,"column":4},"end":{"line":56,"column":5}},{"start":{},"end":{}}],"line":54},"7":{"loc":{"start":{"line":59,"column":13},"end":{"line":59,"column":36}},"type":"binary-expr","locations":[{"start":{"line":59,"column":13},"end":{"line":59,"column":18}},{"start":{"line":59,"column":22},"end":{"line":59,"column":36}}],"line":59},"8":{"loc":{"start":{"line":60,"column":15},"end":{"line":60,"column":65}},"type":"cond-expr","locations":[{"start":{"line":60,"column":39},"end":{"line":60,"column":46}},{"start":{"line":60,"column":49},"end":{"line":60,"column":65}}],"line":60},"9":{"loc":{"start":{"line":68,"column":4},"end":{"line":74,"column":5}},"type":"if","locations":[{"start":{"line":68,"column":4},"end":{"line":74,"column":5}},{"start":{},"end":{}}],"line":68},"10":{"loc":{"start":{"line":86,"column":4},"end":{"line":88,"column":5}},"type":"if","locations":[{"start":{"line":86,"column":4},"end":{"line":88,"column":5}},{"start":{},"end":{}}],"line":86}},"s":{"0":1,"1":1,"2":3,"3":3,"4":3,"5":1,"6":2,"7":1,"8":1,"9":1,"10":1,"11":3,"12":3,"13":3,"14":2,"15":1,"16":1,"17":1,"18":1,"19":1,"20":4,"21":4,"22":4,"23":4,"24":4,"25":4,"26":1,"27":3,"28":3,"29":1,"30":2,"31":1,"32":1,"33":1,"34":1,"35":0,"36":1,"37":2,"38":2,"39":2,"40":2,"41":1,"42":1,"43":1,"44":0,"45":0,"46":1,"47":3,"48":3,"49":2,"50":1,"51":1,"52":1,"53":1,"54":1,"55":1},"f":{"0":3,"1":3,"2":4,"3":2,"4":3},"b":{"0":[1,2],"1":[2,0],"2":[1,1],"3":[2,2],"4":[1,3],"5":[4,2],"6":[1,2],"7":[2,1],"8":[2,0],"9":[1,0],"10":[1,1]},"_coverageSchema":"1a1c01bbd47fc00a2c39e90264f33305004495a9","hash":"51a9b8b70f4a2714d3b9c33b127932970af2cc86"}
,"/Users/agoley/hackathon/Air/server/controllers/sharingController.js": {"path":"/Users/agoley/hackathon/Air/server/controllers/sharingController.js","statementMap":{"0":{"start":{"line":1,"column":23},"end":{"line":1,"column":38}},"1":{"start":{"line":2,"column":17},"end":{"line":2,"column":46}},"2":{"start":{"line":5,"column":22},"end":{"line":31,"column":1}},"3":{"start":{"line":6,"column":2},"end":{"line":30,"column":3}},"4":{"start":{"line":7,"column":19},"end":{"line":7,"column":29}},"5":{"start":{"line":8,"column":21},"end":{"line":8,"column":48}},"6":{"start":{"line":10,"column":4},"end":{"line":12,"column":5}},"7":{"start":{"line":11,"column":6},"end":{"line":11,"column":67}},"8":{"start":{"line":15,"column":20},"end":{"line":15,"column":28}},"9":{"start":{"line":18,"column":28},"end":{"line":18,"column":66}},"10":{"start":{"line":20,"column":4},"end":{"line":26,"column":7}},"11":{"start":{"line":28,"column":4},"end":{"line":28,"column":52}},"12":{"start":{"line":29,"column":4},"end":{"line":29,"column":64}},"13":{"start":{"line":34,"column":20},"end":{"line":58,"column":1}},"14":{"start":{"line":35,"column":2},"end":{"line":57,"column":3}},"15":{"start":{"line":36,"column":19},"end":{"line":36,"column":29}},"16":{"start":{"line":37,"column":21},"end":{"line":37,"column":48}},"17":{"start":{"line":39,"column":4},"end":{"line":41,"column":5}},"18":{"start":{"line":40,"column":6},"end":{"line":40,"column":67}},"19":{"start":{"line":43,"column":4},"end":{"line":45,"column":5}},"20":{"start":{"line":44,"column":6},"end":{"line":44,"column":75}},"21":{"start":{"line":47,"column":4},"end":{"line":53,"column":7}},"22":{"start":{"line":55,"column":4},"end":{"line":55,"column":50}},"23":{"start":{"line":56,"column":4},"end":{"line":56,"column":68}},"24":{"start":{"line":61,"column":26},"end":{"line":81,"column":1}},"25":{"start":{"line":62,"column":2},"end":{"line":80,"column":3}},"26":{"start":{"line":63,"column":24},"end":{"line":63,"column":34}},"27":{"start":{"line":64,"column":21},"end":{"line":64,"column":58}},"28":{"start":{"line":66,"column":4},"end":{"line":68,"column":5}},"29":{"start":{"line":67,"column":6},"end":{"line":67,"column":74}},"30":{"start":{"line":70,"column":4},"end":{"line":76,"column":7}},"31":{"start":{"line":78,"column":4},"end":{"line":78,"column":56}},"32":{"start":{"line":79,"column":4},"end":{"line":79,"column":74}},"33":{"start":{"line":83,"column":0},"end":{"line":87,"column":2}}},"fnMap":{"0":{"name":"(anonymous_0)","decl":{"start":{"line":5,"column":22},"end":{"line":5,"column":23}},"loc":{"start":{"line":5,"column":42},"end":{"line":31,"column":1}},"line":5},"1":{"name":"(anonymous_1)","decl":{"start":{"line":34,"column":20},"end":{"line":34,"column":21}},"loc":{"start":{"line":34,"column":40},"end":{"line":58,"column":1}},"line":34},"2":{"name":"(anonymous_2)","decl":{"start":{"line":61,"column":26},"end":{"line":61,"column":27}},"loc":{"start":{"line":61,"column":46},"end":{"line":81,"column":1}},"line":61}},"branchMap":{"0":{"loc":{"start":{"line":10,"column":4},"end":{"line":12,"column":5}},"type":"if","locations":[{"start":{"line":10,"column":4},"end":{"line":12,"column":5}},{"start":{},"end":{}}],"line":10},"1":{"loc":{"start":{"line":39,"column":4},"end":{"line":41,"column":5}},"type":"if","locations":[{"start":{"line":39,"column":4},"end":{"line":41,"column":5}},{"start":{},"end":{}}],"line":39},"2":{"loc":{"start":{"line":43,"column":4},"end":{"line":45,"column":5}},"type":"if","locations":[{"start":{"line":43,"column":4},"end":{"line":45,"column":5}},{"start":{},"end":{}}],"line":43},"3":{"loc":{"start":{"line":66,"column":4},"end":{"line":68,"column":5}},"type":"if","locations":[{"start":{"line":66,"column":4},"end":{"line":68,"column":5}},{"start":{},"end":{}}],"line":66}},"s":{"0":0,"1":0,"2":0,"3":0,"4":0,"5":0,"6":0,"7":0,"8":0,"9":0,"10":0,"11":0,"12":0,"13":0,"14":0,"15":0,"16":0,"17":0,"18":0,"19":0,"20":0,"21":0,"22":0,"23":0,"24":0,"25":0,"26":0,"27":0,"28":0,"29":0,"30":0,"31":0,"32":0,"33":0},"f":{"0":0,"1":0,"2":0},"b":{"0":[0,0],"1":[0,0],"2":[0,0],"3":[0,0]}}
,"/Users/agoley/hackathon/Air/server/db/db.js": {"path":"/Users/agoley/hackathon/Air/server/db/db.js","statementMap":{"0":{"start":{"line":1,"column":17},"end":{"line":1,"column":30}},"1":{"start":{"line":2,"column":15},"end":{"line":2,"column":32}},"2":{"start":{"line":5,"column":0},"end":{"line":5,"column":16}},"3":{"start":{"line":8,"column":21},"end":{"line":8,"column":58}},"4":{"start":{"line":13,"column":0},"end":{"line":36,"column":1}},"5":{"start":{"line":14,"column":2},"end":{"line":17,"column":5}},"6":{"start":{"line":18,"column":2},"end":{"line":18,"column":59}},"7":{"start":{"line":19,"column":2},"end":{"line":19,"column":74}},"8":{"start":{"line":22,"column":2},"end":{"line":28,"column":5}},"9":{"start":{"line":29,"column":2},"end":{"line":29,"column":62}},"10":{"start":{"line":30,"column":2},"end":{"line":35,"column":5}},"11":{"start":{"line":39,"column":23},"end":{"line":57,"column":1}},"12":{"start":{"line":40,"column":2},"end":{"line":56,"column":3}},"13":{"start":{"line":41,"column":19},"end":{"line":41,"column":39}},"14":{"start":{"line":42,"column":4},"end":{"line":42,"column":51}},"15":{"start":{"line":45,"column":19},"end":{"line":45,"column":53}},"16":{"start":{"line":46,"column":4},"end":{"line":46,"column":67}},"17":{"start":{"line":48,"column":4},"end":{"line":48,"column":21}},"18":{"start":{"line":50,"column":4},"end":{"line":50,"column":55}},"19":{"start":{"line":51,"column":4},"end":{"line":55,"column":7}},"20":{"start":{"line":60,"column":0},"end":{"line":62,"column":1}},"21":{"start":{"line":61,"column":2},"end":{"line":61,"column":19}},"22":{"start":{"line":64,"column":0},"end":{"line":64,"column":22}}},"fnMap":{"0":{"name":"(anonymous_0)","decl":{"start":{"line":39,"column":23},"end":{"line":39,"column":24}},"loc":{"start":{"line":39,"column":35},"end":{"line":57,"column":1}},"line":39}},"branchMap":{"0":{"loc":{"start":{"line":13,"column":0},"end":{"line":36,"column":1}},"type":"if","locations":[{"start":{"line":13,"column":0},"end":{"line":36,"column":1}},{"start":{"line":20,"column":7},"end":{"line":36,"column":1}}],"line":13},"1":{"loc":{"start":{"line":13,"column":4},"end":{"line":13,"column":51}},"type":"binary-expr","locations":[{"start":{"line":13,"column":4},"end":{"line":13,"column":16}},{"start":{"line":13,"column":20},"end":{"line":13,"column":51}}],"line":13},"2":{"loc":{"start":{"line":23,"column":10},"end":{"line":23,"column":44}},"type":"binary-expr","locations":[{"start":{"line":23,"column":10},"end":{"line":23,"column":29}},{"start":{"line":23,"column":33},"end":{"line":23,"column":44}}],"line":23},"3":{"loc":{"start":{"line":24,"column":10},"end":{"line":24,"column":37}},"type":"binary-expr","locations":[{"start":{"line":24,"column":10},"end":{"line":24,"column":29}},{"start":{"line":24,"column":33},"end":{"line":24,"column":37}}],"line":24},"4":{"loc":{"start":{"line":25,"column":14},"end":{"line":25,"column":51}},"type":"binary-expr","locations":[{"start":{"line":25,"column":14},"end":{"line":25,"column":33}},{"start":{"line":25,"column":37},"end":{"line":25,"column":51}}],"line":25},"5":{"loc":{"start":{"line":26,"column":10},"end":{"line":26,"column":43}},"type":"binary-expr","locations":[{"start":{"line":26,"column":10},"end":{"line":26,"column":29}},{"start":{"line":26,"column":33},"end":{"line":26,"column":43}}],"line":26},"6":{"loc":{"start":{"line":60,"column":0},"end":{"line":62,"column":1}},"type":"if","locations":[{"start":{"line":60,"column":0},"end":{"line":62,"column":1}},{"start":{},"end":{}}],"line":60}},"s":{"0":2,"1":2,"2":2,"3":2,"4":2,"5":0,"6":0,"7":0,"8":2,"9":2,"10":2,"11":2,"12":0,"13":0,"14":0,"15":0,"16":0,"17":0,"18":0,"19":0,"20":2,"21":0,"22":2},"f":{"0":0},"b":{"0":[0,2],"1":[2,0],"2":[2,2],"3":[2,2],"4":[2,2],"5":[2,2],"6":[0,2]},"_coverageSchema":"1a1c01bbd47fc00a2c39e90264f33305004495a9","hash":"cc5a98fcda962bbbff092167137f3fcbb71f5c91"}
,"/Users/agoley/hackathon/Air/server/db/migrations.js": {"path":"/Users/agoley/hackathon/Air/server/db/migrations.js","statementMap":{"0":{"start":{"line":1,"column":13},"end":{"line":1,"column":32}},"1":{"start":{"line":3,"column":28},"end":{"line":37,"column":1}},"2":{"start":{"line":4,"column":27},"end":{"line":13,"column":3}},"3":{"start":{"line":15,"column":2},"end":{"line":36,"column":3}},"4":{"start":{"line":16,"column":4},"end":{"line":16,"column":47}},"5":{"start":{"line":17,"column":19},"end":{"line":17,"column":53}},"6":{"start":{"line":18,"column":4},"end":{"line":18,"column":56}},"7":{"start":{"line":21,"column":28},"end":{"line":25,"column":5}},"8":{"start":{"line":26,"column":24},"end":{"line":26,"column":57}},"9":{"start":{"line":27,"column":4},"end":{"line":27,"column":64}},"10":{"start":{"line":29,"column":4},"end":{"line":29,"column":60}},"11":{"start":{"line":30,"column":4},"end":{"line":34,"column":7}},"12":{"start":{"line":35,"column":4},"end":{"line":35,"column":16}},"13":{"start":{"line":39,"column":31},"end":{"line":49,"column":1}},"14":{"start":{"line":40,"column":2},"end":{"line":40,"column":48}},"15":{"start":{"line":41,"column":17},"end":{"line":41,"column":37}},"16":{"start":{"line":42,"column":2},"end":{"line":48,"column":3}},"17":{"start":{"line":43,"column":19},"end":{"line":43,"column":69}},"18":{"start":{"line":44,"column":4},"end":{"line":44,"column":72}},"19":{"start":{"line":45,"column":4},"end":{"line":45,"column":16}},"20":{"start":{"line":47,"column":4},"end":{"line":47,"column":21}},"21":{"start":{"line":51,"column":22},"end":{"line":70,"column":1}},"22":{"start":{"line":52,"column":2},"end":{"line":69,"column":3}},"23":{"start":{"line":53,"column":4},"end":{"line":53,"column":51}},"24":{"start":{"line":56,"column":4},"end":{"line":56,"column":35}},"25":{"start":{"line":59,"column":4},"end":{"line":59,"column":32}},"26":{"start":{"line":60,"column":4},"end":{"line":60,"column":57}},"27":{"start":{"line":62,"column":4},"end":{"line":62,"column":46}},"28":{"start":{"line":63,"column":4},"end":{"line":67,"column":7}},"29":{"start":{"line":68,"column":4},"end":{"line":68,"column":16}},"30":{"start":{"line":73,"column":0},"end":{"line":83,"column":1}},"31":{"start":{"line":74,"column":2},"end":{"line":82,"column":7}},"32":{"start":{"line":76,"column":6},"end":{"line":76,"column":51}},"33":{"start":{"line":77,"column":6},"end":{"line":77,"column":22}},"34":{"start":{"line":80,"column":6},"end":{"line":80,"column":45}},"35":{"start":{"line":81,"column":6},"end":{"line":81,"column":22}},"36":{"start":{"line":85,"column":0},"end":{"line":89,"column":2}}},"fnMap":{"0":{"name":"(anonymous_0)","decl":{"start":{"line":3,"column":28},"end":{"line":3,"column":29}},"loc":{"start":{"line":3,"column":40},"end":{"line":37,"column":1}},"line":3},"1":{"name":"(anonymous_1)","decl":{"start":{"line":39,"column":31},"end":{"line":39,"column":32}},"loc":{"start":{"line":39,"column":43},"end":{"line":49,"column":1}},"line":39},"2":{"name":"(anonymous_2)","decl":{"start":{"line":51,"column":22},"end":{"line":51,"column":23}},"loc":{"start":{"line":51,"column":34},"end":{"line":70,"column":1}},"line":51},"3":{"name":"(anonymous_3)","decl":{"start":{"line":75,"column":10},"end":{"line":75,"column":11}},"loc":{"start":{"line":75,"column":16},"end":{"line":78,"column":5}},"line":75},"4":{"name":"(anonymous_4)","decl":{"start":{"line":79,"column":11},"end":{"line":79,"column":12}},"loc":{"start":{"line":79,"column":20},"end":{"line":82,"column":5}},"line":79}},"branchMap":{"0":{"loc":{"start":{"line":73,"column":0},"end":{"line":83,"column":1}},"type":"if","locations":[{"start":{"line":73,"column":0},"end":{"line":83,"column":1}},{"start":{},"end":{}}],"line":73}},"s":{"0":0,"1":0,"2":0,"3":0,"4":0,"5":0,"6":0,"7":0,"8":0,"9":0,"10":0,"11":0,"12":0,"13":0,"14":0,"15":0,"16":0,"17":0,"18":0,"19":0,"20":0,"21":0,"22":0,"23":0,"24":0,"25":0,"26":0,"27":0,"28":0,"29":0,"30":0,"31":0,"32":0,"33":0,"34":0,"35":0,"36":0},"f":{"0":0,"1":0,"2":0,"3":0,"4":0},"b":{"0":[0,0]}}
,"/Users/agoley/hackathon/Air/server/models/Document.js": {"path":"/Users/agoley/hackathon/Air/server/models/Document.js","statementMap":{"0":{"start":{"line":1,"column":13},"end":{"line":1,"column":32}},"1":{"start":{"line":7,"column":6},"end":{"line":7,"column":74}},"2":{"start":{"line":8,"column":19},"end":{"line":8,"column":35}},"3":{"start":{"line":10,"column":4},"end":{"line":16,"column":5}},"4":{"start":{"line":11,"column":23},"end":{"line":11,"column":54}},"5":{"start":{"line":12,"column":6},"end":{"line":12,"column":21}},"6":{"start":{"line":14,"column":6},"end":{"line":14,"column":55}},"7":{"start":{"line":15,"column":6},"end":{"line":15,"column":18}},"8":{"start":{"line":21,"column":18},"end":{"line":21,"column":57}},"9":{"start":{"line":22,"column":19},"end":{"line":22,"column":23}},"10":{"start":{"line":24,"column":4},"end":{"line":30,"column":5}},"11":{"start":{"line":25,"column":23},"end":{"line":25,"column":54}},"12":{"start":{"line":26,"column":6},"end":{"line":26,"column":21}},"13":{"start":{"line":28,"column":6},"end":{"line":28,"column":54}},"14":{"start":{"line":29,"column":6},"end":{"line":29,"column":18}},"15":{"start":{"line":35,"column":18},"end":{"line":35,"column":63}},"16":{"start":{"line":36,"column":19},"end":{"line":36,"column":28}},"17":{"start":{"line":38,"column":4},"end":{"line":44,"column":5}},"18":{"start":{"line":39,"column":23},"end":{"line":39,"column":54}},"19":{"start":{"line":40,"column":6},"end":{"line":40,"column":21}},"20":{"start":{"line":42,"column":6},"end":{"line":42,"column":61}},"21":{"start":{"line":43,"column":6},"end":{"line":43,"column":18}},"22":{"start":{"line":50,"column":6},"end":{"line":50,"column":111}},"23":{"start":{"line":51,"column":19},"end":{"line":51,"column":39}},"24":{"start":{"line":53,"column":4},"end":{"line":59,"column":5}},"25":{"start":{"line":54,"column":23},"end":{"line":54,"column":54}},"26":{"start":{"line":55,"column":6},"end":{"line":55,"column":21}},"27":{"start":{"line":57,"column":6},"end":{"line":57,"column":55}},"28":{"start":{"line":58,"column":6},"end":{"line":58,"column":18}},"29":{"start":{"line":64,"column":18},"end":{"line":64,"column":67}},"30":{"start":{"line":65,"column":19},"end":{"line":65,"column":23}},"31":{"start":{"line":67,"column":4},"end":{"line":73,"column":5}},"32":{"start":{"line":68,"column":23},"end":{"line":68,"column":54}},"33":{"start":{"line":69,"column":6},"end":{"line":69,"column":21}},"34":{"start":{"line":71,"column":6},"end":{"line":71,"column":55}},"35":{"start":{"line":72,"column":6},"end":{"line":72,"column":18}},"36":{"start":{"line":79,"column":6},"end":{"line":79,"column":88}},"37":{"start":{"line":81,"column":4},"end":{"line":87,"column":5}},"38":{"start":{"line":82,"column":23},"end":{"line":82,"column":46}},"39":{"start":{"line":83,"column":6},"end":{"line":83,"column":18}},"40":{"start":{"line":85,"column":6},"end":{"line":85,"column":60}},"41":{"start":{"line":86,"column":6},"end":{"line":86,"column":18}},"42":{"start":{"line":93,"column":6},"end":{"line":93,"column":68}},"43":{"start":{"line":94,"column":19},"end":{"line":94,"column":32}},"44":{"start":{"line":96,"column":4},"end":{"line":102,"column":5}},"45":{"start":{"line":97,"column":23},"end":{"line":97,"column":54}},"46":{"start":{"line":98,"column":6},"end":{"line":98,"column":21}},"47":{"start":{"line":100,"column":6},"end":{"line":100,"column":54}},"48":{"start":{"line":101,"column":6},"end":{"line":101,"column":18}},"49":{"start":{"line":106,"column":0},"end":{"line":106,"column":26}}},"fnMap":{"0":{"name":"(anonymous_0)","decl":{"start":{"line":5,"column":2},"end":{"line":5,"column":3}},"loc":{"start":{"line":5,"column":38},"end":{"line":17,"column":3}},"line":5},"1":{"name":"(anonymous_1)","decl":{"start":{"line":20,"column":2},"end":{"line":20,"column":3}},"loc":{"start":{"line":20,"column":28},"end":{"line":31,"column":3}},"line":20},"2":{"name":"(anonymous_2)","decl":{"start":{"line":34,"column":2},"end":{"line":34,"column":3}},"loc":{"start":{"line":34,"column":38},"end":{"line":45,"column":3}},"line":34},"3":{"name":"(anonymous_3)","decl":{"start":{"line":48,"column":2},"end":{"line":48,"column":3}},"loc":{"start":{"line":48,"column":46},"end":{"line":60,"column":3}},"line":48},"4":{"name":"(anonymous_4)","decl":{"start":{"line":63,"column":2},"end":{"line":63,"column":3}},"loc":{"start":{"line":63,"column":26},"end":{"line":74,"column":3}},"line":63},"5":{"name":"(anonymous_5)","decl":{"start":{"line":77,"column":2},"end":{"line":77,"column":3}},"loc":{"start":{"line":77,"column":25},"end":{"line":88,"column":3}},"line":77},"6":{"name":"(anonymous_6)","decl":{"start":{"line":91,"column":2},"end":{"line":91,"column":3}},"loc":{"start":{"line":91,"column":39},"end":{"line":103,"column":3}},"line":91}},"branchMap":{},"s":{"0":3,"1":2,"2":2,"3":2,"4":2,"5":1,"6":1,"7":1,"8":3,"9":3,"10":3,"11":3,"12":2,"13":1,"14":1,"15":0,"16":0,"17":0,"18":0,"19":0,"20":0,"21":0,"22":3,"23":3,"24":3,"25":3,"26":3,"27":0,"28":0,"29":2,"30":2,"31":2,"32":2,"33":1,"34":1,"35":1,"36":2,"37":2,"38":2,"39":2,"40":0,"41":0,"42":0,"43":0,"44":0,"45":0,"46":0,"47":0,"48":0,"49":3},"f":{"0":2,"1":3,"2":0,"3":3,"4":2,"5":2,"6":0},"b":{},"_coverageSchema":"1a1c01bbd47fc00a2c39e90264f33305004495a9","hash":"fe0313e97b0aea18ef20f6720b17aca81f8dda43"}
,"/Users/agoley/hackathon/Air/server/routes/documents.js": {"path":"/Users/agoley/hackathon/Air/server/routes/documents.js","statementMap":{"0":{"start":{"line":1,"column":16},"end":{"line":1,"column":34}},"1":{"start":{"line":2,"column":15},"end":{"line":2,"column":31}},"2":{"start":{"line":9,"column":4},"end":{"line":9,"column":49}},"3":{"start":{"line":12,"column":0},"end":{"line":12,"column":33}},"4":{"start":{"line":15,"column":0},"end":{"line":15,"column":36}},"5":{"start":{"line":18,"column":0},"end":{"line":18,"column":35}},"6":{"start":{"line":21,"column":0},"end":{"line":21,"column":38}},"7":{"start":{"line":24,"column":0},"end":{"line":24,"column":33}},"8":{"start":{"line":26,"column":0},"end":{"line":26,"column":24}}},"fnMap":{},"branchMap":{},"s":{"0":1,"1":1,"2":1,"3":1,"4":1,"5":1,"6":1,"7":1,"8":1},"f":{},"b":{},"_coverageSchema":"1a1c01bbd47fc00a2c39e90264f33305004495a9","hash":"ba29d43b01a3b14196d1c64a2c0da11f74f82a38"}
,"/Users/agoley/hackathon/Air/server/routes/sharing.js": {"path":"/Users/agoley/hackathon/Air/server/routes/sharing.js","statementMap":{"0":{"start":{"line":1,"column":16},"end":{"line":1,"column":34}},"1":{"start":{"line":2,"column":15},"end":{"line":2,"column":31}},"2":{"start":{"line":7,"column":4},"end":{"line":7,"column":47}},"3":{"start":{"line":10,"column":0},"end":{"line":10,"column":41}},"4":{"start":{"line":13,"column":0},"end":{"line":13,"column":42}},"5":{"start":{"line":16,"column":0},"end":{"line":16,"column":50}},"6":{"start":{"line":18,"column":0},"end":{"line":18,"column":24}}},"fnMap":{},"branchMap":{},"s":{"0":0,"1":0,"2":0,"3":0,"4":0,"5":0,"6":0},"f":{},"b":{}}
,"/Users/agoley/hackathon/Air/server/websocket/websocketHandler.js": {"path":"/Users/agoley/hackathon/Air/server/websocket/websocketHandler.js","statementMap":{"0":{"start":{"line":1,"column":17},"end":{"line":1,"column":46}},"1":{"start":{"line":4,"column":26},"end":{"line":4,"column":35}},"2":{"start":{"line":7,"column":23},"end":{"line":61,"column":1}},"3":{"start":{"line":8,"column":2},"end":{"line":60,"column":5}},"4":{"start":{"line":9,"column":4},"end":{"line":9,"column":56}},"5":{"start":{"line":10,"column":21},"end":{"line":10,"column":25}},"6":{"start":{"line":11,"column":17},"end":{"line":11,"column":21}},"7":{"start":{"line":13,"column":4},"end":{"line":51,"column":7}},"8":{"start":{"line":14,"column":6},"end":{"line":50,"column":7}},"9":{"start":{"line":15,"column":21},"end":{"line":15,"column":40}},"10":{"start":{"line":17,"column":8},"end":{"line":44,"column":9}},"11":{"start":{"line":19,"column":12},"end":{"line":19,"column":66}},"12":{"start":{"line":20,"column":12},"end":{"line":20,"column":41}},"13":{"start":{"line":21,"column":12},"end":{"line":21,"column":33}},"14":{"start":{"line":22,"column":12},"end":{"line":22,"column":31}},"15":{"start":{"line":23,"column":12},"end":{"line":23,"column":18}},"16":{"start":{"line":26,"column":12},"end":{"line":26,"column":68}},"17":{"start":{"line":27,"column":12},"end":{"line":27,"column":18}},"18":{"start":{"line":30,"column":12},"end":{"line":30,"column":61}},"19":{"start":{"line":31,"column":12},"end":{"line":31,"column":30}},"20":{"start":{"line":32,"column":12},"end":{"line":32,"column":18}},"21":{"start":{"line":35,"column":12},"end":{"line":35,"column":60}},"22":{"start":{"line":36,"column":12},"end":{"line":36,"column":18}},"23":{"start":{"line":39,"column":12},"end":{"line":39,"column":60}},"24":{"start":{"line":40,"column":12},"end":{"line":40,"column":18}},"25":{"start":{"line":43,"column":12},"end":{"line":43,"column":71}},"26":{"start":{"line":46,"column":8},"end":{"line":46,"column":66}},"27":{"start":{"line":47,"column":8},"end":{"line":49,"column":10}},"28":{"start":{"line":54,"column":4},"end":{"line":59,"column":7}},"29":{"start":{"line":55,"column":6},"end":{"line":57,"column":7}},"30":{"start":{"line":56,"column":8},"end":{"line":56,"column":75}},"31":{"start":{"line":58,"column":6},"end":{"line":58,"column":49}},"32":{"start":{"line":64,"column":27},"end":{"line":117,"column":1}},"33":{"start":{"line":65,"column":25},"end":{"line":65,"column":29}},"34":{"start":{"line":67,"column":2},"end":{"line":116,"column":3}},"35":{"start":{"line":69,"column":21},"end":{"line":69,"column":56}},"36":{"start":{"line":70,"column":4},"end":{"line":78,"column":5}},"37":{"start":{"line":71,"column":6},"end":{"line":76,"column":8}},"38":{"start":{"line":77,"column":6},"end":{"line":77,"column":13}},"39":{"start":{"line":81,"column":4},"end":{"line":83,"column":5}},"40":{"start":{"line":82,"column":6},"end":{"line":82,"column":51}},"41":{"start":{"line":84,"column":4},"end":{"line":84,"column":46}},"42":{"start":{"line":87,"column":4},"end":{"line":97,"column":6}},"43":{"start":{"line":100,"column":4},"end":{"line":104,"column":7}},"44":{"start":{"line":106,"column":4},"end":{"line":110,"column":6}},"45":{"start":{"line":112,"column":4},"end":{"line":112,"column":66}},"46":{"start":{"line":113,"column":4},"end":{"line":115,"column":6}},"47":{"start":{"line":120,"column":29},"end":{"line":170,"column":1}},"48":{"start":{"line":121,"column":41},"end":{"line":121,"column":45}},"49":{"start":{"line":123,"column":2},"end":{"line":134,"column":3}},"50":{"start":{"line":127,"column":4},"end":{"line":132,"column":6}},"51":{"start":{"line":133,"column":4},"end":{"line":133,"column":11}},"52":{"start":{"line":136,"column":2},"end":{"line":169,"column":3}},"53":{"start":{"line":138,"column":28},"end":{"line":141,"column":6}},"54":{"start":{"line":144,"column":4},"end":{"line":152,"column":7}},"55":{"start":{"line":155,"column":4},"end":{"line":161,"column":6}},"56":{"start":{"line":163,"column":4},"end":{"line":163,"column":60}},"57":{"start":{"line":165,"column":4},"end":{"line":165,"column":67}},"58":{"start":{"line":166,"column":4},"end":{"line":168,"column":6}},"59":{"start":{"line":173,"column":28},"end":{"line":197,"column":1}},"60":{"start":{"line":174,"column":33},"end":{"line":174,"column":37}},"61":{"start":{"line":176,"column":2},"end":{"line":196,"column":3}},"62":{"start":{"line":177,"column":24},"end":{"line":177,"column":57}},"63":{"start":{"line":178,"column":4},"end":{"line":178,"column":27}},"64":{"start":{"line":181,"column":4},"end":{"line":191,"column":5}},"65":{"start":{"line":182,"column":6},"end":{"line":187,"column":9}},"66":{"start":{"line":190,"column":6},"end":{"line":190,"column":43}},"67":{"start":{"line":193,"column":4},"end":{"line":195,"column":6}},"68":{"start":{"line":200,"column":27},"end":{"line":222,"column":1}},"69":{"start":{"line":201,"column":51},"end":{"line":201,"column":55}},"70":{"start":{"line":204,"column":2},"end":{"line":212,"column":3}},"71":{"start":{"line":205,"column":4},"end":{"line":210,"column":6}},"72":{"start":{"line":211,"column":4},"end":{"line":211,"column":11}},"73":{"start":{"line":215,"column":2},"end":{"line":221,"column":5}},"74":{"start":{"line":225,"column":27},"end":{"line":246,"column":1}},"75":{"start":{"line":226,"column":33},"end":{"line":226,"column":37}},"76":{"start":{"line":229,"column":2},"end":{"line":237,"column":3}},"77":{"start":{"line":230,"column":4},"end":{"line":235,"column":6}},"78":{"start":{"line":236,"column":4},"end":{"line":236,"column":11}},"79":{"start":{"line":240,"column":2},"end":{"line":245,"column":5}},"80":{"start":{"line":249,"column":28},"end":{"line":264,"column":1}},"81":{"start":{"line":255,"column":2},"end":{"line":255,"column":49}},"82":{"start":{"line":255,"column":42},"end":{"line":255,"column":49}},"83":{"start":{"line":257,"column":22},"end":{"line":257,"column":55}},"84":{"start":{"line":258,"column":2},"end":{"line":263,"column":5}},"85":{"start":{"line":259,"column":4},"end":{"line":262,"column":5}},"86":{"start":{"line":261,"column":6},"end":{"line":261,"column":43}},"87":{"start":{"line":266,"column":0},"end":{"line":266,"column":32}}},"fnMap":{"0":{"name":"(anonymous_0)","decl":{"start":{"line":7,"column":23},"end":{"line":7,"column":24}},"loc":{"start":{"line":7,"column":32},"end":{"line":61,"column":1}},"line":7},"1":{"name":"(anonymous_1)","decl":{"start":{"line":8,"column":23},"end":{"line":8,"column":24}},"loc":{"start":{"line":8,"column":31},"end":{"line":60,"column":3}},"line":8},"2":{"name":"(anonymous_2)","decl":{"start":{"line":13,"column":21},"end":{"line":13,"column":22}},"loc":{"start":{"line":13,"column":40},"end":{"line":51,"column":5}},"line":13},"3":{"name":"(anonymous_3)","decl":{"start":{"line":54,"column":19},"end":{"line":54,"column":20}},"loc":{"start":{"line":54,"column":25},"end":{"line":59,"column":5}},"line":54},"4":{"name":"(anonymous_4)","decl":{"start":{"line":64,"column":27},"end":{"line":64,"column":28}},"loc":{"start":{"line":64,"column":66},"end":{"line":117,"column":1}},"line":64},"5":{"name":"(anonymous_5)","decl":{"start":{"line":120,"column":29},"end":{"line":120,"column":30}},"loc":{"start":{"line":120,"column":68},"end":{"line":170,"column":1}},"line":120},"6":{"name":"(anonymous_6)","decl":{"start":{"line":173,"column":28},"end":{"line":173,"column":29}},"loc":{"start":{"line":173,"column":61},"end":{"line":197,"column":1}},"line":173},"7":{"name":"(anonymous_7)","decl":{"start":{"line":200,"column":27},"end":{"line":200,"column":28}},"loc":{"start":{"line":200,"column":60},"end":{"line":222,"column":1}},"line":200},"8":{"name":"(anonymous_8)","decl":{"start":{"line":225,"column":27},"end":{"line":225,"column":28}},"loc":{"start":{"line":225,"column":60},"end":{"line":246,"column":1}},"line":225},"9":{"name":"(anonymous_9)","decl":{"start":{"line":249,"column":28},"end":{"line":249,"column":29}},"loc":{"start":{"line":254,"column":5},"end":{"line":264,"column":1}},"line":254},"10":{"name":"(anonymous_10)","decl":{"start":{"line":258,"column":22},"end":{"line":258,"column":23}},"loc":{"start":{"line":258,"column":34},"end":{"line":263,"column":3}},"line":258}},"branchMap":{"0":{"loc":{"start":{"line":17,"column":8},"end":{"line":44,"column":9}},"type":"switch","locations":[{"start":{"line":18,"column":10},"end":{"line":23,"column":18}},{"start":{"line":25,"column":10},"end":{"line":27,"column":18}},{"start":{"line":29,"column":10},"end":{"line":32,"column":18}},{"start":{"line":34,"column":10},"end":{"line":36,"column":18}},{"start":{"line":38,"column":10},"end":{"line":40,"column":18}},{"start":{"line":42,"column":10},"end":{"line":43,"column":71}}],"line":17},"1":{"loc":{"start":{"line":55,"column":6},"end":{"line":57,"column":7}},"type":"if","locations":[{"start":{"line":55,"column":6},"end":{"line":57,"column":7}},{"start":{},"end":{}}],"line":55},"2":{"loc":{"start":{"line":70,"column":4},"end":{"line":78,"column":5}},"type":"if","locations":[{"start":{"line":70,"column":4},"end":{"line":78,"column":5}},{"start":{},"end":{}}],"line":70},"3":{"loc":{"start":{"line":81,"column":4},"end":{"line":83,"column":5}},"type":"if","locations":[{"start":{"line":81,"column":4},"end":{"line":83,"column":5}},{"start":{},"end":{}}],"line":81},"4":{"loc":{"start":{"line":123,"column":2},"end":{"line":134,"column":3}},"type":"if","locations":[{"start":{"line":123,"column":2},"end":{"line":134,"column":3}},{"start":{},"end":{}}],"line":123},"5":{"loc":{"start":{"line":124,"column":4},"end":{"line":125,"column":46}},"type":"binary-expr","locations":[{"start":{"line":124,"column":4},"end":{"line":124,"column":38}},{"start":{"line":125,"column":4},"end":{"line":125,"column":46}}],"line":124},"6":{"loc":{"start":{"line":139,"column":13},"end":{"line":139,"column":31}},"type":"binary-expr","locations":[{"start":{"line":139,"column":13},"end":{"line":139,"column":18}},{"start":{"line":139,"column":22},"end":{"line":139,"column":31}}],"line":139},"7":{"loc":{"start":{"line":140,"column":15},"end":{"line":140,"column":58}},"type":"cond-expr","locations":[{"start":{"line":140,"column":39},"end":{"line":140,"column":46}},{"start":{"line":140,"column":49},"end":{"line":140,"column":58}}],"line":140},"8":{"loc":{"start":{"line":176,"column":2},"end":{"line":196,"column":3}},"type":"if","locations":[{"start":{"line":176,"column":2},"end":{"line":196,"column":3}},{"start":{},"end":{}}],"line":176},"9":{"loc":{"start":{"line":181,"column":4},"end":{"line":191,"column":5}},"type":"if","locations":[{"start":{"line":181,"column":4},"end":{"line":191,"column":5}},{"start":{"line":188,"column":11},"end":{"line":191,"column":5}}],"line":181},"10":{"loc":{"start":{"line":185,"column":16},"end":{"line":185,"column":35}},"type":"binary-expr","locations":[{"start":{"line":185,"column":16},"end":{"line":185,"column":22}},{"start":{"line":185,"column":26},"end":{"line":185,"column":35}}],"line":185},"11":{"loc":{"start":{"line":204,"column":2},"end":{"line":212,"column":3}},"type":"if","locations":[{"start":{"line":204,"column":2},"end":{"line":212,"column":3}},{"start":{},"end":{}}],"line":204},"12":{"loc":{"start":{"line":204,"column":6},"end":{"line":204,"column":38}},"type":"binary-expr","locations":[{"start":{"line":204,"column":6},"end":{"line":204,"column":17}},{"start":{"line":204,"column":21},"end":{"line":204,"column":28}},{"start":{"line":204,"column":32},"end":{"line":204,"column":38}}],"line":204},"13":{"loc":{"start":{"line":220,"column":15},"end":{"line":220,"column":38}},"type":"binary-expr","locations":[{"start":{"line":220,"column":15},"end":{"line":220,"column":24}},{"start":{"line":220,"column":28},"end":{"line":220,"column":38}}],"line":220},"14":{"loc":{"start":{"line":229,"column":2},"end":{"line":237,"column":3}},"type":"if","locations":[{"start":{"line":229,"column":2},"end":{"line":237,"column":3}},{"start":{},"end":{}}],"line":229},"15":{"loc":{"start":{"line":229,"column":6},"end":{"line":229,"column":28}},"type":"binary-expr","locations":[{"start":{"line":229,"column":6},"end":{"line":229,"column":17}},{"start":{"line":229,"column":21},"end":{"line":229,"column":28}}],"line":229},"16":{"loc":{"start":{"line":255,"column":2},"end":{"line":255,"column":49}},"type":"if","locations":[{"start":{"line":255,"column":2},"end":{"line":255,"column":49}},{"start":{},"end":{}}],"line":255},"17":{"loc":{"start":{"line":259,"column":4},"end":{"line":262,"column":5}},"type":"if","locations":[{"start":{"line":259,"column":4},"end":{"line":262,"column":5}},{"start":{},"end":{}}],"line":259},"18":{"loc":{"start":{"line":259,"column":8},"end":{"line":259,"column":55}},"type":"binary-expr","locations":[{"start":{"line":259,"column":8},"end":{"line":259,"column":28}},{"start":{"line":259,"column":32},"end":{"line":259,"column":55}}],"line":259}},"s":{"0":1,"1":1,"2":1,"3":12,"4":11,"5":11,"6":11,"7":11,"8":11,"9":11,"10":10,"11":4,"12":4,"13":4,"14":4,"15":4,"16":1,"17":1,"18":1,"19":1,"20":1,"21":2,"22":2,"23":1,"24":1,"25":1,"26":1,"27":1,"28":11,"29":1,"30":0,"31":1,"32":1,"33":4,"34":4,"35":4,"36":4,"37":1,"38":1,"39":3,"40":1,"41":3,"42":3,"43":3,"44":3,"45":0,"46":0,"47":1,"48":1,"49":1,"50":0,"51":0,"52":1,"53":1,"54":1,"55":0,"56":0,"57":1,"58":1,"59":1,"60":1,"61":1,"62":1,"63":1,"64":1,"65":1,"66":0,"67":1,"68":1,"69":2,"70":2,"71":1,"72":1,"73":1,"74":1,"75":1,"76":1,"77":0,"78":0,"79":1,"80":1,"81":6,"82":0,"83":6,"84":6,"85":12,"86":9,"87":1},"f":{"0":12,"1":11,"2":11,"3":1,"4":4,"5":1,"6":1,"7":2,"8":1,"9":6,"10":12},"b":{"0":[4,1,1,2,1,1],"1":[0,1],"2":[1,3],"3":[1,2],"4":[0,1],"5":[1,1],"6":[1,0],"7":[1,0],"8":[1,0],"9":[1,0],"10":[1,0],"11":[1,1],"12":[2,1,1],"13":[1,0],"14":[0,1],"15":[1,1],"16":[0,6],"17":[9,3],"18":[12,9]},"_coverageSchema":"1a1c01bbd47fc00a2c39e90264f33305004495a9","hash":"47922bbf451f6693dd4ea6e96db9370c7b176471"}
}
