TN:
SF:server.js
FN:35,(anonymous_0)
FN:84,(anonymous_1)
FN:115,(anonymous_2)
FN:130,(anonymous_3)
FN:142,(anonymous_4)
FN:156,(anonymous_5)
FN:233,(anonymous_6)
FN:244,(anonymous_7)
FN:253,(anonymous_8)
FNF:9
FNH:0
FNDA:0,(anonymous_0)
FNDA:0,(anonymous_1)
FNDA:0,(anonymous_2)
FNDA:0,(anonymous_3)
FNDA:0,(anonymous_4)
FNDA:0,(anonymous_5)
FNDA:0,(anonymous_6)
FNDA:0,(anonymous_7)
FNDA:0,(anonymous_8)
DA:1,0
DA:2,0
DA:3,0
DA:4,0
DA:5,0
DA:6,0
DA:9,0
DA:12,0
DA:13,0
DA:16,0
DA:19,0
DA:20,0
DA:23,0
DA:30,0
DA:31,0
DA:32,0
DA:35,0
DA:36,0
DA:37,0
DA:40,0
DA:47,0
DA:48,0
DA:50,0
DA:51,0
DA:52,0
DA:54,0
DA:55,0
DA:58,0
DA:70,0
DA:80,0
DA:81,0
DA:84,0
DA:85,0
DA:86,0
DA:95,0
DA:96,0
DA:103,0
DA:104,0
DA:107,0
DA:108,0
DA:109,0
DA:111,0
DA:113,0
DA:114,0
DA:115,0
DA:117,0
DA:118,0
DA:120,0
DA:125,0
DA:127,0
DA:130,0
DA:131,0
DA:133,0
DA:135,0
DA:141,0
DA:142,0
DA:143,0
DA:144,0
DA:150,0
DA:155,0
DA:156,0
DA:157,0
DA:233,0
DA:234,0
DA:235,0
DA:242,0
DA:244,0
DA:245,0
DA:247,0
DA:248,0
DA:249,0
DA:252,0
DA:253,0
DA:254,0
DA:257,0
DA:258,0
DA:259,0
DA:264,0
DA:266,0
LF:79
LH:0
BRDA:24,0,0,0
BRDA:24,0,1,0
BRDA:50,1,0,0
BRDA:50,1,1,0
BRDA:85,2,0,0
BRDA:85,2,1,0
BRDA:107,3,0,0
BRDA:107,3,1,0
BRDA:107,4,0,0
BRDA:107,4,1,0
BRDA:113,5,0,0
BRDA:113,5,1,0
BRDA:117,6,0,0
BRDA:117,6,1,0
BRDA:131,7,0,0
BRDA:131,7,1,0
BRDA:143,8,0,0
BRDA:143,8,1,0
BRDA:150,9,0,0
BRDA:150,9,1,0
BRDA:151,10,0,0
BRDA:151,10,1,0
BRDA:237,11,0,0
BRDA:237,11,1,0
BRDA:252,12,0,0
BRDA:252,12,1,0
BRF:26
BRH:0
end_of_record
TN:
SF:controllers/documentsController.js
FN:4,(anonymous_0)
FN:21,(anonymous_1)
FN:38,(anonymous_2)
FN:81,(anonymous_3)
FN:99,(anonymous_4)
FNF:5
FNH:5
FNDA:3,(anonymous_0)
FNDA:3,(anonymous_1)
FNDA:4,(anonymous_2)
FNDA:2,(anonymous_3)
FNDA:3,(anonymous_4)
DA:1,1
DA:4,1
DA:5,3
DA:6,3
DA:8,3
DA:9,1
DA:12,2
DA:13,1
DA:15,1
DA:16,1
DA:21,1
DA:22,3
DA:23,3
DA:24,3
DA:26,2
DA:27,1
DA:30,1
DA:32,1
DA:33,1
DA:38,1
DA:39,4
DA:40,4
DA:41,4
DA:44,4
DA:45,4
DA:47,4
DA:48,1
DA:53,3
DA:54,3
DA:55,1
DA:58,2
DA:63,1
DA:65,1
DA:68,1
DA:69,1
DA:76,0
DA:81,1
DA:82,2
DA:83,2
DA:84,2
DA:86,2
DA:87,1
DA:90,1
DA:91,1
DA:93,0
DA:94,0
DA:99,1
DA:100,3
DA:101,3
DA:102,2
DA:104,1
DA:105,1
DA:106,1
DA:107,1
DA:108,1
DA:116,1
LF:56
LH:53
BRDA:8,0,0,1
BRDA:8,0,1,2
BRDA:12,1,0,2
BRDA:12,1,1,0
BRDA:26,2,0,1
BRDA:26,2,1,1
BRDA:44,3,0,2
BRDA:44,3,1,2
BRDA:47,4,0,1
BRDA:47,4,1,3
BRDA:47,5,0,4
BRDA:47,5,1,2
BRDA:54,6,0,1
BRDA:54,6,1,2
BRDA:59,7,0,2
BRDA:59,7,1,1
BRDA:60,8,0,2
BRDA:60,8,1,0
BRDA:68,9,0,1
BRDA:68,9,1,0
BRDA:86,10,0,1
BRDA:86,10,1,1
BRF:22
BRH:19
end_of_record
TN:
SF:controllers/sharingController.js
FN:5,(anonymous_0)
FN:34,(anonymous_1)
FN:61,(anonymous_2)
FNF:3
FNH:0
FNDA:0,(anonymous_0)
FNDA:0,(anonymous_1)
FNDA:0,(anonymous_2)
DA:1,0
DA:2,0
DA:5,0
DA:6,0
DA:7,0
DA:8,0
DA:10,0
DA:11,0
DA:15,0
DA:18,0
DA:20,0
DA:28,0
DA:29,0
DA:34,0
DA:35,0
DA:36,0
DA:37,0
DA:39,0
DA:40,0
DA:43,0
DA:44,0
DA:47,0
DA:55,0
DA:56,0
DA:61,0
DA:62,0
DA:63,0
DA:64,0
DA:66,0
DA:67,0
DA:70,0
DA:78,0
DA:79,0
DA:83,0
LF:34
LH:0
BRDA:10,0,0,0
BRDA:10,0,1,0
BRDA:39,1,0,0
BRDA:39,1,1,0
BRDA:43,2,0,0
BRDA:43,2,1,0
BRDA:66,3,0,0
BRDA:66,3,1,0
BRF:8
BRH:0
end_of_record
TN:
SF:db/db.js
FN:39,(anonymous_0)
FNF:1
FNH:0
FNDA:0,(anonymous_0)
DA:1,2
DA:2,2
DA:5,2
DA:8,2
DA:13,2
DA:14,0
DA:18,0
DA:19,0
DA:22,2
DA:29,2
DA:30,2
DA:39,2
DA:40,0
DA:41,0
DA:42,0
DA:45,0
DA:46,0
DA:48,0
DA:50,0
DA:51,0
DA:60,2
DA:61,0
DA:64,2
LF:23
LH:11
BRDA:13,0,0,0
BRDA:13,0,1,2
BRDA:13,1,0,2
BRDA:13,1,1,0
BRDA:23,2,0,2
BRDA:23,2,1,2
BRDA:24,3,0,2
BRDA:24,3,1,2
BRDA:25,4,0,2
BRDA:25,4,1,2
BRDA:26,5,0,2
BRDA:26,5,1,2
BRDA:60,6,0,0
BRDA:60,6,1,2
BRF:14
BRH:11
end_of_record
TN:
SF:db/migrations.js
FN:3,(anonymous_0)
FN:39,(anonymous_1)
FN:51,(anonymous_2)
FN:75,(anonymous_3)
FN:79,(anonymous_4)
FNF:5
FNH:0
FNDA:0,(anonymous_0)
FNDA:0,(anonymous_1)
FNDA:0,(anonymous_2)
FNDA:0,(anonymous_3)
FNDA:0,(anonymous_4)
DA:1,0
DA:3,0
DA:4,0
DA:15,0
DA:16,0
DA:17,0
DA:18,0
DA:21,0
DA:26,0
DA:27,0
DA:29,0
DA:30,0
DA:35,0
DA:39,0
DA:40,0
DA:41,0
DA:42,0
DA:43,0
DA:44,0
DA:45,0
DA:47,0
DA:51,0
DA:52,0
DA:53,0
DA:56,0
DA:59,0
DA:60,0
DA:62,0
DA:63,0
DA:68,0
DA:73,0
DA:74,0
DA:76,0
DA:77,0
DA:80,0
DA:81,0
DA:85,0
LF:37
LH:0
BRDA:73,0,0,0
BRDA:73,0,1,0
BRF:2
BRH:0
end_of_record
TN:
SF:models/Document.js
FN:5,(anonymous_0)
FN:20,(anonymous_1)
FN:34,(anonymous_2)
FN:48,(anonymous_3)
FN:63,(anonymous_4)
FN:77,(anonymous_5)
FN:91,(anonymous_6)
FNF:7
FNH:5
FNDA:2,(anonymous_0)
FNDA:3,(anonymous_1)
FNDA:0,(anonymous_2)
FNDA:3,(anonymous_3)
FNDA:2,(anonymous_4)
FNDA:2,(anonymous_5)
FNDA:0,(anonymous_6)
DA:1,3
DA:7,2
DA:8,2
DA:10,2
DA:11,2
DA:12,1
DA:14,1
DA:15,1
DA:21,3
DA:22,3
DA:24,3
DA:25,3
DA:26,2
DA:28,1
DA:29,1
DA:35,0
DA:36,0
DA:38,0
DA:39,0
DA:40,0
DA:42,0
DA:43,0
DA:50,3
DA:51,3
DA:53,3
DA:54,3
DA:55,3
DA:57,0
DA:58,0
DA:64,2
DA:65,2
DA:67,2
DA:68,2
DA:69,1
DA:71,1
DA:72,1
DA:79,2
DA:81,2
DA:82,2
DA:83,2
DA:85,0
DA:86,0
DA:93,0
DA:94,0
DA:96,0
DA:97,0
DA:98,0
DA:100,0
DA:101,0
DA:106,3
LF:50
LH:32
BRF:0
BRH:0
end_of_record
TN:
SF:routes/documents.js
FNF:0
FNH:0
DA:1,1
DA:2,1
DA:9,1
DA:12,1
DA:15,1
DA:18,1
DA:21,1
DA:24,1
DA:26,1
LF:9
LH:9
BRF:0
BRH:0
end_of_record
TN:
SF:routes/sharing.js
FNF:0
FNH:0
DA:1,0
DA:2,0
DA:7,0
DA:10,0
DA:13,0
DA:16,0
DA:18,0
LF:7
LH:0
BRF:0
BRH:0
end_of_record
TN:
SF:websocket/websocketHandler.js
FN:7,(anonymous_0)
FN:8,(anonymous_1)
FN:13,(anonymous_2)
FN:54,(anonymous_3)
FN:64,(anonymous_4)
FN:120,(anonymous_5)
FN:173,(anonymous_6)
FN:200,(anonymous_7)
FN:225,(anonymous_8)
FN:249,(anonymous_9)
FN:258,(anonymous_10)
FNF:11
FNH:11
FNDA:12,(anonymous_0)
FNDA:11,(anonymous_1)
FNDA:11,(anonymous_2)
FNDA:1,(anonymous_3)
FNDA:4,(anonymous_4)
FNDA:1,(anonymous_5)
FNDA:1,(anonymous_6)
FNDA:2,(anonymous_7)
FNDA:1,(anonymous_8)
FNDA:6,(anonymous_9)
FNDA:12,(anonymous_10)
DA:1,1
DA:4,1
DA:7,1
DA:8,12
DA:9,11
DA:10,11
DA:11,11
DA:13,11
DA:14,11
DA:15,11
DA:17,10
DA:19,4
DA:20,4
DA:21,4
DA:22,4
DA:23,4
DA:26,1
DA:27,1
DA:30,1
DA:31,1
DA:32,1
DA:35,2
DA:36,2
DA:39,1
DA:40,1
DA:43,1
DA:46,1
DA:47,1
DA:54,11
DA:55,1
DA:56,0
DA:58,1
DA:64,1
DA:65,4
DA:67,4
DA:69,4
DA:70,4
DA:71,1
DA:77,1
DA:81,3
DA:82,1
DA:84,3
DA:87,3
DA:100,3
DA:106,3
DA:112,0
DA:113,0
DA:120,1
DA:121,1
DA:123,1
DA:127,0
DA:133,0
DA:136,1
DA:138,1
DA:144,1
DA:155,0
DA:163,0
DA:165,1
DA:166,1
DA:173,1
DA:174,1
DA:176,1
DA:177,1
DA:178,1
DA:181,1
DA:182,1
DA:190,0
DA:193,1
DA:200,1
DA:201,2
DA:204,2
DA:205,1
DA:211,1
DA:215,1
DA:225,1
DA:226,1
DA:229,1
DA:230,0
DA:236,0
DA:240,1
DA:249,1
DA:255,6
DA:257,6
DA:258,6
DA:259,12
DA:261,9
DA:266,1
LF:87
LH:77
BRDA:17,0,0,4
BRDA:17,0,1,1
BRDA:17,0,2,1
BRDA:17,0,3,2
BRDA:17,0,4,1
BRDA:17,0,5,1
BRDA:55,1,0,0
BRDA:55,1,1,1
BRDA:70,2,0,1
BRDA:70,2,1,3
BRDA:81,3,0,1
BRDA:81,3,1,2
BRDA:123,4,0,0
BRDA:123,4,1,1
BRDA:124,5,0,1
BRDA:124,5,1,1
BRDA:139,6,0,1
BRDA:139,6,1,0
BRDA:140,7,0,1
BRDA:140,7,1,0
BRDA:176,8,0,1
BRDA:176,8,1,0
BRDA:181,9,0,1
BRDA:181,9,1,0
BRDA:185,10,0,1
BRDA:185,10,1,0
BRDA:204,11,0,1
BRDA:204,11,1,1
BRDA:204,12,0,2
BRDA:204,12,1,1
BRDA:204,12,2,1
BRDA:220,13,0,1
BRDA:220,13,1,0
BRDA:229,14,0,0
BRDA:229,14,1,1
BRDA:229,15,0,1
BRDA:229,15,1,1
BRDA:255,16,0,0
BRDA:255,16,1,6
BRDA:259,17,0,9
BRDA:259,17,1,3
BRDA:259,18,0,12
BRDA:259,18,1,9
BRF:43
BRH:33
end_of_record
