{"/Users/agoley/hackathon/Air/client/src/App.js": {"path":"/Users/agoley/hackathon/Air/client/src/App.js","statementMap":{"0":{"start":{"line":10,"column":2},"end":{"line":38,"column":4}}},"fnMap":{"0":{"name":"App","decl":{"start":{"line":9,"column":9},"end":{"line":9,"column":12}},"loc":{"start":{"line":9,"column":15},"end":{"line":39,"column":1}},"line":9}},"branchMap":{},"s":{"0":0},"f":{"0":0},"b":{}}
,"/Users/agoley/hackathon/Air/client/src/index.js": {"path":"/Users/agoley/hackathon/Air/client/src/index.js","statementMap":{"0":{"start":{"line":7,"column":13},"end":{"line":7,"column":65}},"1":{"start":{"line":8,"column":0},"end":{"line":14,"column":2}}},"fnMap":{},"branchMap":{},"s":{"0":0,"1":0},"f":{},"b":{}}
,"/Users/agoley/hackathon/Air/client/src/components/ApiDebugger.js": {"path":"/Users/agoley/hackathon/Air/client/src/components/ApiDebugger.js","statementMap":{"0":{"start":{"line":4,"column":20},"end":{"line":93,"column":1}},"1":{"start":{"line":5,"column":42},"end":{"line":5,"column":54}},"2":{"start":{"line":6,"column":36},"end":{"line":6,"column":50}},"3":{"start":{"line":7,"column":30},"end":{"line":7,"column":42}},"4":{"start":{"line":8,"column":32},"end":{"line":8,"column":46}},"5":{"start":{"line":10,"column":2},"end":{"line":55,"column":9}},"6":{"start":{"line":11,"column":20},"end":{"line":52,"column":5}},"7":{"start":{"line":12,"column":6},"end":{"line":12,"column":23}},"8":{"start":{"line":15,"column":6},"end":{"line":23,"column":7}},"9":{"start":{"line":16,"column":8},"end":{"line":16,"column":50}},"10":{"start":{"line":17,"column":21},"end":{"line":17,"column":57}},"11":{"start":{"line":18,"column":8},"end":{"line":18,"column":44}},"12":{"start":{"line":19,"column":8},"end":{"line":19,"column":30}},"13":{"start":{"line":21,"column":8},"end":{"line":21,"column":59}},"14":{"start":{"line":22,"column":8},"end":{"line":22,"column":65}},"15":{"start":{"line":22,"column":29},"end":{"line":22,"column":62}},"16":{"start":{"line":26,"column":6},"end":{"line":34,"column":7}},"17":{"start":{"line":27,"column":8},"end":{"line":27,"column":53}},"18":{"start":{"line":28,"column":20},"end":{"line":28,"column":57}},"19":{"start":{"line":29,"column":8},"end":{"line":29,"column":40}},"20":{"start":{"line":30,"column":8},"end":{"line":30,"column":26}},"21":{"start":{"line":32,"column":8},"end":{"line":32,"column":56}},"22":{"start":{"line":33,"column":8},"end":{"line":33,"column":62}},"23":{"start":{"line":33,"column":29},"end":{"line":33,"column":59}},"24":{"start":{"line":37,"column":6},"end":{"line":49,"column":7}},"25":{"start":{"line":38,"column":8},"end":{"line":48,"column":9}},"26":{"start":{"line":39,"column":10},"end":{"line":39,"column":57}},"27":{"start":{"line":40,"column":25},"end":{"line":43,"column":12}},"28":{"start":{"line":44,"column":10},"end":{"line":44,"column":56}},"29":{"start":{"line":46,"column":10},"end":{"line":46,"column":62}},"30":{"start":{"line":47,"column":10},"end":{"line":47,"column":66}},"31":{"start":{"line":47,"column":31},"end":{"line":47,"column":63}},"32":{"start":{"line":51,"column":6},"end":{"line":51,"column":24}},"33":{"start":{"line":54,"column":4},"end":{"line":54,"column":14}},"34":{"start":{"line":57,"column":2},"end":{"line":59,"column":3}},"35":{"start":{"line":58,"column":4},"end":{"line":58,"column":37}},"36":{"start":{"line":61,"column":2},"end":{"line":92,"column":4}}},"fnMap":{"0":{"name":"(anonymous_0)","decl":{"start":{"line":4,"column":20},"end":{"line":4,"column":21}},"loc":{"start":{"line":4,"column":26},"end":{"line":93,"column":1}},"line":4},"1":{"name":"(anonymous_1)","decl":{"start":{"line":10,"column":12},"end":{"line":10,"column":13}},"loc":{"start":{"line":10,"column":18},"end":{"line":55,"column":3}},"line":10},"2":{"name":"(anonymous_2)","decl":{"start":{"line":11,"column":20},"end":{"line":11,"column":21}},"loc":{"start":{"line":11,"column":32},"end":{"line":52,"column":5}},"line":11},"3":{"name":"(anonymous_3)","decl":{"start":{"line":22,"column":18},"end":{"line":22,"column":19}},"loc":{"start":{"line":22,"column":29},"end":{"line":22,"column":62}},"line":22},"4":{"name":"(anonymous_4)","decl":{"start":{"line":33,"column":18},"end":{"line":33,"column":19}},"loc":{"start":{"line":33,"column":29},"end":{"line":33,"column":59}},"line":33},"5":{"name":"(anonymous_5)","decl":{"start":{"line":47,"column":20},"end":{"line":47,"column":21}},"loc":{"start":{"line":47,"column":31},"end":{"line":47,"column":63}},"line":47}},"branchMap":{"0":{"loc":{"start":{"line":37,"column":6},"end":{"line":49,"column":7}},"type":"if","locations":[{"start":{"line":37,"column":6},"end":{"line":49,"column":7}},{"start":{},"end":{}}],"line":37},"1":{"loc":{"start":{"line":57,"column":2},"end":{"line":59,"column":3}},"type":"if","locations":[{"start":{"line":57,"column":2},"end":{"line":59,"column":3}},{"start":{},"end":{}}],"line":57},"2":{"loc":{"start":{"line":67,"column":9},"end":{"line":71,"column":9}},"type":"cond-expr","locations":[{"start":{"line":68,"column":10},"end":{"line":68,"column":69}},{"start":{"line":70,"column":10},"end":{"line":70,"column":60}}],"line":67},"3":{"loc":{"start":{"line":76,"column":9},"end":{"line":82,"column":9}},"type":"cond-expr","locations":[{"start":{"line":77,"column":10},"end":{"line":77,"column":66}},{"start":{"line":78,"column":12},"end":{"line":82,"column":9}}],"line":76},"4":{"loc":{"start":{"line":78,"column":12},"end":{"line":82,"column":9}},"type":"cond-expr","locations":[{"start":{"line":79,"column":10},"end":{"line":79,"column":57}},{"start":{"line":81,"column":10},"end":{"line":81,"column":48}}],"line":78},"5":{"loc":{"start":{"line":85,"column":7},"end":{"line":90,"column":7}},"type":"binary-expr","locations":[{"start":{"line":85,"column":7},"end":{"line":85,"column":20}},{"start":{"line":86,"column":8},"end":{"line":89,"column":14}}],"line":85}},"s":{"0":0,"1":0,"2":0,"3":0,"4":0,"5":0,"6":0,"7":0,"8":0,"9":0,"10":0,"11":0,"12":0,"13":0,"14":0,"15":0,"16":0,"17":0,"18":0,"19":0,"20":0,"21":0,"22":0,"23":0,"24":0,"25":0,"26":0,"27":0,"28":0,"29":0,"30":0,"31":0,"32":0,"33":0,"34":0,"35":0,"36":0},"f":{"0":0,"1":0,"2":0,"3":0,"4":0,"5":0},"b":{"0":[0,0],"1":[0,0],"2":[0,0],"3":[0,0],"4":[0,0],"5":[0,0]}}
,"/Users/agoley/hackathon/Air/client/src/components/DocumentForm.js": {"path":"/Users/agoley/hackathon/Air/client/src/components/DocumentForm.js","statementMap":{"0":{"start":{"line":3,"column":21},"end":{"line":58,"column":1}},"1":{"start":{"line":8,"column":28},"end":{"line":8,"column":57}},"2":{"start":{"line":9,"column":32},"end":{"line":9,"column":63}},"3":{"start":{"line":10,"column":42},"end":{"line":10,"column":57}},"4":{"start":{"line":12,"column":23},"end":{"line":29,"column":3}},"5":{"start":{"line":13,"column":4},"end":{"line":13,"column":23}},"6":{"start":{"line":15,"column":4},"end":{"line":18,"column":5}},"7":{"start":{"line":16,"column":6},"end":{"line":16,"column":36}},"8":{"start":{"line":17,"column":6},"end":{"line":17,"column":13}},"9":{"start":{"line":20,"column":4},"end":{"line":20,"column":26}},"10":{"start":{"line":22,"column":4},"end":{"line":28,"column":5}},"11":{"start":{"line":23,"column":6},"end":{"line":23,"column":41}},"12":{"start":{"line":25,"column":6},"end":{"line":25,"column":57}},"13":{"start":{"line":27,"column":6},"end":{"line":27,"column":29}},"14":{"start":{"line":31,"column":2},"end":{"line":57,"column":4}},"15":{"start":{"line":38,"column":27},"end":{"line":38,"column":51}},"16":{"start":{"line":47,"column":27},"end":{"line":47,"column":53}}},"fnMap":{"0":{"name":"(anonymous_0)","decl":{"start":{"line":3,"column":21},"end":{"line":3,"column":22}},"loc":{"start":{"line":7,"column":6},"end":{"line":58,"column":1}},"line":7},"1":{"name":"(anonymous_1)","decl":{"start":{"line":12,"column":23},"end":{"line":12,"column":24}},"loc":{"start":{"line":12,"column":36},"end":{"line":29,"column":3}},"line":12},"2":{"name":"(anonymous_2)","decl":{"start":{"line":38,"column":20},"end":{"line":38,"column":21}},"loc":{"start":{"line":38,"column":27},"end":{"line":38,"column":51}},"line":38},"3":{"name":"(anonymous_3)","decl":{"start":{"line":47,"column":20},"end":{"line":47,"column":21}},"loc":{"start":{"line":47,"column":27},"end":{"line":47,"column":53}},"line":47}},"branchMap":{"0":{"loc":{"start":{"line":5,"column":2},"end":{"line":5,"column":44}},"type":"default-arg","locations":[{"start":{"line":5,"column":18},"end":{"line":5,"column":44}}],"line":5},"1":{"loc":{"start":{"line":6,"column":2},"end":{"line":6,"column":21}},"type":"default-arg","locations":[{"start":{"line":6,"column":15},"end":{"line":6,"column":21}}],"line":6},"2":{"loc":{"start":{"line":15,"column":4},"end":{"line":18,"column":5}},"type":"if","locations":[{"start":{"line":15,"column":4},"end":{"line":18,"column":5}},{"start":{},"end":{}}],"line":15},"3":{"loc":{"start":{"line":53,"column":11},"end":{"line":53,"column":50}},"type":"cond-expr","locations":[{"start":{"line":53,"column":26},"end":{"line":53,"column":37}},{"start":{"line":53,"column":40},"end":{"line":53,"column":50}}],"line":53}},"s":{"0":0,"1":0,"2":0,"3":0,"4":0,"5":0,"6":0,"7":0,"8":0,"9":0,"10":0,"11":0,"12":0,"13":0,"14":0,"15":0,"16":0},"f":{"0":0,"1":0,"2":0,"3":0},"b":{"0":[0],"1":[0],"2":[0,0],"3":[0,0]}}
,"/Users/agoley/hackathon/Air/client/src/components/Navbar.js": {"path":"/Users/agoley/hackathon/Air/client/src/components/Navbar.js","statementMap":{"0":{"start":{"line":4,"column":15},"end":{"line":19,"column":1}},"1":{"start":{"line":5,"column":2},"end":{"line":18,"column":4}},"2":{"start":{"line":21,"column":15},"end":{"line":46,"column":1}}},"fnMap":{"0":{"name":"(anonymous_0)","decl":{"start":{"line":4,"column":15},"end":{"line":4,"column":16}},"loc":{"start":{"line":4,"column":21},"end":{"line":19,"column":1}},"line":4}},"branchMap":{},"s":{"0":0,"1":0,"2":0},"f":{"0":0},"b":{}}
,"/Users/agoley/hackathon/Air/client/src/components/RichTextEditor.js": {"path":"/Users/agoley/hackathon/Air/client/src/components/RichTextEditor.js","statementMap":{"0":{"start":{"line":12,"column":23},"end":{"line":265,"column":1}},"1":{"start":{"line":23,"column":21},"end":{"line":23,"column":33}},"2":{"start":{"line":25,"column":4},"end":{"line":55,"column":8}},"3":{"start":{"line":25,"column":36},"end":{"line":55,"column":5}},"4":{"start":{"line":26,"column":23},"end":{"line":26,"column":52}},"5":{"start":{"line":28,"column":23},"end":{"line":28,"column":52}},"6":{"start":{"line":29,"column":8},"end":{"line":53,"column":9}},"7":{"start":{"line":30,"column":33},"end":{"line":30,"column":54}},"8":{"start":{"line":31,"column":10},"end":{"line":52,"column":11}},"9":{"start":{"line":32,"column":30},"end":{"line":32,"column":51}},"10":{"start":{"line":36,"column":28},"end":{"line":36,"column":57}},"11":{"start":{"line":37,"column":12},"end":{"line":37,"column":40}},"12":{"start":{"line":38,"column":26},"end":{"line":38,"column":59}},"13":{"start":{"line":40,"column":12},"end":{"line":40,"column":45}},"14":{"start":{"line":43,"column":12},"end":{"line":51,"column":13}},"15":{"start":{"line":44,"column":14},"end":{"line":50,"column":20}},"16":{"start":{"line":45,"column":16},"end":{"line":49,"column":17}},"17":{"start":{"line":46,"column":18},"end":{"line":46,"column":49}},"18":{"start":{"line":48,"column":18},"end":{"line":48,"column":66}},"19":{"start":{"line":58,"column":4},"end":{"line":143,"column":22}},"20":{"start":{"line":59,"column":6},"end":{"line":59,"column":70}},"21":{"start":{"line":60,"column":21},"end":{"line":60,"column":50}},"22":{"start":{"line":61,"column":6},"end":{"line":64,"column":7}},"23":{"start":{"line":62,"column":8},"end":{"line":62,"column":43}},"24":{"start":{"line":63,"column":8},"end":{"line":63,"column":15}},"25":{"start":{"line":67,"column":30},"end":{"line":69,"column":7}},"26":{"start":{"line":70,"column":6},"end":{"line":70,"column":59}},"27":{"start":{"line":70,"column":42},"end":{"line":70,"column":57}},"28":{"start":{"line":73,"column":26},"end":{"line":73,"column":79}},"29":{"start":{"line":74,"column":6},"end":{"line":74,"column":55}},"30":{"start":{"line":74,"column":38},"end":{"line":74,"column":53}},"31":{"start":{"line":77,"column":21},"end":{"line":85,"column":7}},"32":{"start":{"line":88,"column":6},"end":{"line":142,"column":9}},"33":{"start":{"line":89,"column":8},"end":{"line":141,"column":9}},"34":{"start":{"line":90,"column":10},"end":{"line":140,"column":11}},"35":{"start":{"line":91,"column":27},"end":{"line":94,"column":13}},"36":{"start":{"line":95,"column":12},"end":{"line":137,"column":13}},"37":{"start":{"line":96,"column":28},"end":{"line":96,"column":57}},"38":{"start":{"line":97,"column":36},"end":{"line":97,"column":65}},"39":{"start":{"line":98,"column":14},"end":{"line":98,"column":63}},"40":{"start":{"line":99,"column":14},"end":{"line":99,"column":72}},"41":{"start":{"line":102,"column":14},"end":{"line":112,"column":16}},"42":{"start":{"line":115,"column":28},"end":{"line":115,"column":57}},"43":{"start":{"line":116,"column":14},"end":{"line":116,"column":68}},"44":{"start":{"line":117,"column":14},"end":{"line":127,"column":16}},"45":{"start":{"line":128,"column":14},"end":{"line":128,"column":47}},"46":{"start":{"line":131,"column":36},"end":{"line":131,"column":47}},"47":{"start":{"line":132,"column":14},"end":{"line":136,"column":15}},"48":{"start":{"line":133,"column":16},"end":{"line":133,"column":57}},"49":{"start":{"line":135,"column":16},"end":{"line":135,"column":60}},"50":{"start":{"line":139,"column":12},"end":{"line":139,"column":80}},"51":{"start":{"line":146,"column":4},"end":{"line":182,"column":22}},"52":{"start":{"line":147,"column":21},"end":{"line":147,"column":50}},"53":{"start":{"line":148,"column":6},"end":{"line":148,"column":26}},"54":{"start":{"line":148,"column":19},"end":{"line":148,"column":26}},"55":{"start":{"line":150,"column":27},"end":{"line":174,"column":7}},"56":{"start":{"line":152,"column":32},"end":{"line":154,"column":9}},"57":{"start":{"line":155,"column":8},"end":{"line":173,"column":11}},"58":{"start":{"line":156,"column":25},"end":{"line":156,"column":67}},"59":{"start":{"line":157,"column":25},"end":{"line":157,"column":44}},"60":{"start":{"line":158,"column":10},"end":{"line":172,"column":11}},"61":{"start":{"line":159,"column":12},"end":{"line":171,"column":13}},"62":{"start":{"line":160,"column":29},"end":{"line":163,"column":15}},"63":{"start":{"line":164,"column":14},"end":{"line":168,"column":15}},"64":{"start":{"line":165,"column":16},"end":{"line":165,"column":60}},"65":{"start":{"line":166,"column":16},"end":{"line":166,"column":62}},"66":{"start":{"line":167,"column":16},"end":{"line":167,"column":66}},"67":{"start":{"line":176,"column":30},"end":{"line":176,"column":75}},"68":{"start":{"line":177,"column":6},"end":{"line":177,"column":63}},"69":{"start":{"line":179,"column":6},"end":{"line":181,"column":8}},"70":{"start":{"line":180,"column":8},"end":{"line":180,"column":68}},"71":{"start":{"line":185,"column":20},"end":{"line":205,"column":5}},"72":{"start":{"line":186,"column":13},"end":{"line":203,"column":7}},"73":{"start":{"line":207,"column":20},"end":{"line":223,"column":5}},"74":{"start":{"line":225,"column":25},"end":{"line":234,"column":5}},"75":{"start":{"line":228,"column":8},"end":{"line":230,"column":9}},"76":{"start":{"line":229,"column":10},"end":{"line":229,"column":28}},"77":{"start":{"line":236,"column":34},"end":{"line":243,"column":5}},"78":{"start":{"line":238,"column":8},"end":{"line":240,"column":9}},"79":{"start":{"line":239,"column":10},"end":{"line":239,"column":35}},"80":{"start":{"line":245,"column":4},"end":{"line":263,"column":6}}},"fnMap":{"0":{"name":"(anonymous_0)","decl":{"start":{"line":13,"column":2},"end":{"line":13,"column":3}},"loc":{"start":{"line":22,"column":7},"end":{"line":264,"column":3}},"line":22},"1":{"name":"(anonymous_1)","decl":{"start":{"line":25,"column":29},"end":{"line":25,"column":30}},"loc":{"start":{"line":25,"column":36},"end":{"line":55,"column":5}},"line":25},"2":{"name":"(anonymous_2)","decl":{"start":{"line":26,"column":17},"end":{"line":26,"column":18}},"loc":{"start":{"line":26,"column":23},"end":{"line":26,"column":52}},"line":26},"3":{"name":"(anonymous_3)","decl":{"start":{"line":27,"column":21},"end":{"line":27,"column":22}},"loc":{"start":{"line":27,"column":34},"end":{"line":54,"column":7}},"line":27},"4":{"name":"(anonymous_4)","decl":{"start":{"line":44,"column":25},"end":{"line":44,"column":26}},"loc":{"start":{"line":44,"column":31},"end":{"line":50,"column":15}},"line":44},"5":{"name":"(anonymous_5)","decl":{"start":{"line":58,"column":14},"end":{"line":58,"column":15}},"loc":{"start":{"line":58,"column":20},"end":{"line":143,"column":5}},"line":58},"6":{"name":"(anonymous_6)","decl":{"start":{"line":70,"column":30},"end":{"line":70,"column":31}},"loc":{"start":{"line":70,"column":42},"end":{"line":70,"column":57}},"line":70},"7":{"name":"(anonymous_7)","decl":{"start":{"line":74,"column":26},"end":{"line":74,"column":27}},"loc":{"start":{"line":74,"column":38},"end":{"line":74,"column":53}},"line":74},"8":{"name":"(anonymous_8)","decl":{"start":{"line":88,"column":41},"end":{"line":88,"column":42}},"loc":{"start":{"line":88,"column":60},"end":{"line":142,"column":7}},"line":88},"9":{"name":"(anonymous_9)","decl":{"start":{"line":146,"column":14},"end":{"line":146,"column":15}},"loc":{"start":{"line":146,"column":20},"end":{"line":182,"column":5}},"line":146},"10":{"name":"(anonymous_10)","decl":{"start":{"line":150,"column":27},"end":{"line":150,"column":28}},"loc":{"start":{"line":150,"column":33},"end":{"line":174,"column":7}},"line":150},"11":{"name":"(anonymous_11)","decl":{"start":{"line":155,"column":32},"end":{"line":155,"column":33}},"loc":{"start":{"line":155,"column":51},"end":{"line":173,"column":9}},"line":155},"12":{"name":"(anonymous_12)","decl":{"start":{"line":179,"column":13},"end":{"line":179,"column":14}},"loc":{"start":{"line":179,"column":19},"end":{"line":181,"column":7}},"line":179},"13":{"name":"(anonymous_13)","decl":{"start":{"line":186,"column":6},"end":{"line":186,"column":7}},"loc":{"start":{"line":186,"column":13},"end":{"line":203,"column":7}},"line":186},"14":{"name":"(anonymous_14)","decl":{"start":{"line":226,"column":6},"end":{"line":226,"column":7}},"loc":{"start":{"line":226,"column":42},"end":{"line":232,"column":7}},"line":226},"15":{"name":"(anonymous_15)","decl":{"start":{"line":237,"column":6},"end":{"line":237,"column":7}},"loc":{"start":{"line":237,"column":33},"end":{"line":241,"column":7}},"line":237}},"branchMap":{"0":{"loc":{"start":{"line":17,"column":6},"end":{"line":17,"column":37}},"type":"default-arg","locations":[{"start":{"line":17,"column":20},"end":{"line":17,"column":37}}],"line":17},"1":{"loc":{"start":{"line":19,"column":6},"end":{"line":19,"column":22}},"type":"default-arg","locations":[{"start":{"line":19,"column":20},"end":{"line":19,"column":22}}],"line":19},"2":{"loc":{"start":{"line":29,"column":8},"end":{"line":53,"column":9}},"type":"if","locations":[{"start":{"line":29,"column":8},"end":{"line":53,"column":9}},{"start":{},"end":{}}],"line":29},"3":{"loc":{"start":{"line":31,"column":10},"end":{"line":52,"column":11}},"type":"if","locations":[{"start":{"line":31,"column":10},"end":{"line":52,"column":11}},{"start":{},"end":{}}],"line":31},"4":{"loc":{"start":{"line":43,"column":12},"end":{"line":51,"column":13}},"type":"if","locations":[{"start":{"line":43,"column":12},"end":{"line":51,"column":13}},{"start":{},"end":{}}],"line":43},"5":{"loc":{"start":{"line":43,"column":16},"end":{"line":43,"column":66}},"type":"binary-expr","locations":[{"start":{"line":43,"column":16},"end":{"line":43,"column":25}},{"start":{"line":43,"column":29},"end":{"line":43,"column":66}}],"line":43},"6":{"loc":{"start":{"line":61,"column":6},"end":{"line":64,"column":7}},"type":"if","locations":[{"start":{"line":61,"column":6},"end":{"line":64,"column":7}},{"start":{},"end":{}}],"line":61},"7":{"loc":{"start":{"line":89,"column":8},"end":{"line":141,"column":9}},"type":"if","locations":[{"start":{"line":89,"column":8},"end":{"line":141,"column":9}},{"start":{},"end":{}}],"line":89},"8":{"loc":{"start":{"line":89,"column":12},"end":{"line":89,"column":60}},"type":"binary-expr","locations":[{"start":{"line":89,"column":12},"end":{"line":89,"column":24}},{"start":{"line":89,"column":28},"end":{"line":89,"column":60}}],"line":89},"9":{"loc":{"start":{"line":93,"column":14},"end":{"line":93,"column":38}},"type":"binary-expr","locations":[{"start":{"line":93,"column":14},"end":{"line":93,"column":33}},{"start":{"line":93,"column":37},"end":{"line":93,"column":38}}],"line":93},"10":{"loc":{"start":{"line":95,"column":12},"end":{"line":137,"column":13}},"type":"if","locations":[{"start":{"line":95,"column":12},"end":{"line":137,"column":13}},{"start":{},"end":{}}],"line":95},"11":{"loc":{"start":{"line":132,"column":14},"end":{"line":136,"column":15}},"type":"if","locations":[{"start":{"line":132,"column":14},"end":{"line":136,"column":15}},{"start":{"line":134,"column":21},"end":{"line":136,"column":15}}],"line":132},"12":{"loc":{"start":{"line":148,"column":6},"end":{"line":148,"column":26}},"type":"if","locations":[{"start":{"line":148,"column":6},"end":{"line":148,"column":26}},{"start":{},"end":{}}],"line":148},"13":{"loc":{"start":{"line":158,"column":10},"end":{"line":172,"column":11}},"type":"if","locations":[{"start":{"line":158,"column":10},"end":{"line":172,"column":11}},{"start":{},"end":{}}],"line":158},"14":{"loc":{"start":{"line":158,"column":14},"end":{"line":158,"column":36}},"type":"binary-expr","locations":[{"start":{"line":158,"column":14},"end":{"line":158,"column":20}},{"start":{"line":158,"column":24},"end":{"line":158,"column":36}}],"line":158},"15":{"loc":{"start":{"line":162,"column":16},"end":{"line":162,"column":40}},"type":"binary-expr","locations":[{"start":{"line":162,"column":16},"end":{"line":162,"column":35}},{"start":{"line":162,"column":39},"end":{"line":162,"column":40}}],"line":162},"16":{"loc":{"start":{"line":164,"column":14},"end":{"line":168,"column":15}},"type":"if","locations":[{"start":{"line":164,"column":14},"end":{"line":168,"column":15}},{"start":{},"end":{}}],"line":164},"17":{"loc":{"start":{"line":176,"column":30},"end":{"line":176,"column":75}},"type":"binary-expr","locations":[{"start":{"line":176,"column":30},"end":{"line":176,"column":55}},{"start":{"line":176,"column":59},"end":{"line":176,"column":75}}],"line":176},"18":{"loc":{"start":{"line":228,"column":8},"end":{"line":230,"column":9}},"type":"if","locations":[{"start":{"line":228,"column":8},"end":{"line":230,"column":9}},{"start":{},"end":{}}],"line":228},"19":{"loc":{"start":{"line":238,"column":8},"end":{"line":240,"column":9}},"type":"if","locations":[{"start":{"line":238,"column":8},"end":{"line":240,"column":9}},{"start":{},"end":{}}],"line":238},"20":{"loc":{"start":{"line":238,"column":12},"end":{"line":238,"column":50}},"type":"binary-expr","locations":[{"start":{"line":238,"column":12},"end":{"line":238,"column":29}},{"start":{"line":238,"column":33},"end":{"line":238,"column":50}}],"line":238}},"s":{"0":1,"1":7,"2":7,"3":0,"4":0,"5":0,"6":0,"7":0,"8":0,"9":0,"10":0,"11":0,"12":0,"13":0,"14":0,"15":0,"16":0,"17":0,"18":0,"19":7,"20":7,"21":7,"22":7,"23":0,"24":0,"25":7,"26":7,"27":0,"28":7,"29":0,"30":0,"31":0,"32":0,"33":0,"34":0,"35":0,"36":0,"37":0,"38":0,"39":0,"40":0,"41":0,"42":0,"43":0,"44":0,"45":0,"46":0,"47":0,"48":0,"49":0,"50":0,"51":7,"52":0,"53":0,"54":0,"55":0,"56":0,"57":0,"58":0,"59":0,"60":0,"61":0,"62":0,"63":0,"64":0,"65":0,"66":0,"67":0,"68":0,"69":0,"70":0,"71":7,"72":7,"73":7,"74":7,"75":0,"76":0,"77":7,"78":0,"79":0,"80":7},"f":{"0":7,"1":0,"2":0,"3":0,"4":0,"5":7,"6":0,"7":0,"8":0,"9":0,"10":0,"11":0,"12":0,"13":7,"14":0,"15":0},"b":{"0":[0],"1":[5],"2":[0,0],"3":[0,0],"4":[0,0],"5":[0,0],"6":[0,7],"7":[0,0],"8":[0,0],"9":[0,0],"10":[0,0],"11":[0,0],"12":[0,0],"13":[0,0],"14":[0,0],"15":[0,0],"16":[0,0],"17":[0,0],"18":[0,0],"19":[0,0],"20":[0,0]},"_coverageSchema":"1a1c01bbd47fc00a2c39e90264f33305004495a9","hash":"6dcb48b6351bca7bd4c7f497000b6b4cae22d9a9"}
,"/Users/agoley/hackathon/Air/client/src/components/RouteHandler.js": {"path":"/Users/agoley/hackathon/Air/client/src/components/RouteHandler.js","statementMap":{"0":{"start":{"line":4,"column":21},"end":{"line":16,"column":1}},"1":{"start":{"line":5,"column":19},"end":{"line":5,"column":32}},"2":{"start":{"line":6,"column":19},"end":{"line":6,"column":32}},"3":{"start":{"line":8,"column":2},"end":{"line":13,"column":27}},"4":{"start":{"line":10,"column":4},"end":{"line":12,"column":5}},"5":{"start":{"line":11,"column":6},"end":{"line":11,"column":39}},"6":{"start":{"line":15,"column":2},"end":{"line":15,"column":18}}},"fnMap":{"0":{"name":"(anonymous_0)","decl":{"start":{"line":4,"column":21},"end":{"line":4,"column":22}},"loc":{"start":{"line":4,"column":39},"end":{"line":16,"column":1}},"line":4},"1":{"name":"(anonymous_1)","decl":{"start":{"line":8,"column":12},"end":{"line":8,"column":13}},"loc":{"start":{"line":8,"column":18},"end":{"line":13,"column":3}},"line":8}},"branchMap":{"0":{"loc":{"start":{"line":10,"column":4},"end":{"line":12,"column":5}},"type":"if","locations":[{"start":{"line":10,"column":4},"end":{"line":12,"column":5}},{"start":{},"end":{}}],"line":10}},"s":{"0":0,"1":0,"2":0,"3":0,"4":0,"5":0,"6":0},"f":{"0":0,"1":0},"b":{"0":[0,0]}}
,"/Users/agoley/hackathon/Air/client/src/components/ShareModal.js": {"path":"/Users/agoley/hackathon/Air/client/src/components/ShareModal.js","statementMap":{"0":{"start":{"line":3,"column":19},"end":{"line":43,"column":1}},"1":{"start":{"line":4,"column":30},"end":{"line":4,"column":45}},"2":{"start":{"line":6,"column":21},"end":{"line":15,"column":3}},"3":{"start":{"line":7,"column":4},"end":{"line":14,"column":7}},"4":{"start":{"line":8,"column":6},"end":{"line":8,"column":22}},"5":{"start":{"line":9,"column":6},"end":{"line":9,"column":27}},"6":{"start":{"line":9,"column":18},"end":{"line":9,"column":27}},"7":{"start":{"line":11,"column":6},"end":{"line":13,"column":15}},"8":{"start":{"line":12,"column":8},"end":{"line":12,"column":25}},"9":{"start":{"line":17,"column":2},"end":{"line":17,"column":27}},"10":{"start":{"line":17,"column":15},"end":{"line":17,"column":27}},"11":{"start":{"line":19,"column":2},"end":{"line":42,"column":4}},"12":{"start":{"line":30,"column":28},"end":{"line":30,"column":45}}},"fnMap":{"0":{"name":"(anonymous_0)","decl":{"start":{"line":3,"column":19},"end":{"line":3,"column":20}},"loc":{"start":{"line":3,"column":62},"end":{"line":43,"column":1}},"line":3},"1":{"name":"(anonymous_1)","decl":{"start":{"line":6,"column":21},"end":{"line":6,"column":22}},"loc":{"start":{"line":6,"column":27},"end":{"line":15,"column":3}},"line":6},"2":{"name":"(anonymous_2)","decl":{"start":{"line":7,"column":49},"end":{"line":7,"column":50}},"loc":{"start":{"line":7,"column":55},"end":{"line":14,"column":5}},"line":7},"3":{"name":"(anonymous_3)","decl":{"start":{"line":11,"column":17},"end":{"line":11,"column":18}},"loc":{"start":{"line":11,"column":23},"end":{"line":13,"column":7}},"line":11},"4":{"name":"(anonymous_4)","decl":{"start":{"line":30,"column":21},"end":{"line":30,"column":22}},"loc":{"start":{"line":30,"column":28},"end":{"line":30,"column":45}},"line":30}},"branchMap":{"0":{"loc":{"start":{"line":9,"column":6},"end":{"line":9,"column":27}},"type":"if","locations":[{"start":{"line":9,"column":6},"end":{"line":9,"column":27}},{"start":{},"end":{}}],"line":9},"1":{"loc":{"start":{"line":17,"column":2},"end":{"line":17,"column":27}},"type":"if","locations":[{"start":{"line":17,"column":2},"end":{"line":17,"column":27}},{"start":{},"end":{}}],"line":17},"2":{"loc":{"start":{"line":32,"column":40},"end":{"line":32,"column":67}},"type":"cond-expr","locations":[{"start":{"line":32,"column":49},"end":{"line":32,"column":58}},{"start":{"line":32,"column":61},"end":{"line":32,"column":67}}],"line":32}},"s":{"0":1,"1":0,"2":0,"3":0,"4":0,"5":0,"6":0,"7":0,"8":0,"9":0,"10":0,"11":0,"12":0},"f":{"0":0,"1":0,"2":0,"3":0,"4":0},"b":{"0":[0,0],"1":[0,0],"2":[0,0]},"_coverageSchema":"1a1c01bbd47fc00a2c39e90264f33305004495a9","hash":"ce12f60c04bf573567e1c51f266a1fe4b6138ee6"}
,"/Users/agoley/hackathon/Air/client/src/pages/DocumentEditor.js": {"path":"/Users/agoley/hackathon/Air/client/src/pages/DocumentEditor.js","statementMap":{"0":{"start":{"line":8,"column":23},"end":{"line":582,"column":1}},"1":{"start":{"line":9,"column":17},"end":{"line":9,"column":28}},"2":{"start":{"line":10,"column":19},"end":{"line":10,"column":32}},"3":{"start":{"line":11,"column":34},"end":{"line":11,"column":48}},"4":{"start":{"line":12,"column":28},"end":{"line":12,"column":40}},"5":{"start":{"line":13,"column":32},"end":{"line":13,"column":44}},"6":{"start":{"line":14,"column":32},"end":{"line":14,"column":46}},"7":{"start":{"line":15,"column":28},"end":{"line":15,"column":42}},"8":{"start":{"line":16,"column":34},"end":{"line":16,"column":49}},"9":{"start":{"line":17,"column":40},"end":{"line":17,"column":51}},"10":{"start":{"line":18,"column":40},"end":{"line":18,"column":52}},"11":{"start":{"line":19,"column":46},"end":{"line":19,"column":61}},"12":{"start":{"line":20,"column":34},"end":{"line":20,"column":46}},"13":{"start":{"line":21,"column":28},"end":{"line":21,"column":66}},"14":{"start":{"line":23,"column":25},"end":{"line":23,"column":37}},"15":{"start":{"line":24,"column":27},"end":{"line":24,"column":39}},"16":{"start":{"line":25,"column":27},"end":{"line":25,"column":61}},"17":{"start":{"line":26,"column":27},"end":{"line":26,"column":36}},"18":{"start":{"line":27,"column":27},"end":{"line":27,"column":40}},"19":{"start":{"line":28,"column":20},"end":{"line":28,"column":32}},"20":{"start":{"line":29,"column":31},"end":{"line":29,"column":44}},"21":{"start":{"line":31,"column":24},"end":{"line":66,"column":10}},"22":{"start":{"line":32,"column":4},"end":{"line":65,"column":5}},"23":{"start":{"line":33,"column":6},"end":{"line":33,"column":52}},"24":{"start":{"line":34,"column":6},"end":{"line":34,"column":56}},"25":{"start":{"line":35,"column":6},"end":{"line":35,"column":23}},"26":{"start":{"line":36,"column":6},"end":{"line":36,"column":21}},"27":{"start":{"line":38,"column":19},"end":{"line":38,"column":57}},"28":{"start":{"line":39,"column":6},"end":{"line":39,"column":58}},"29":{"start":{"line":40,"column":6},"end":{"line":40,"column":24}},"30":{"start":{"line":41,"column":6},"end":{"line":41,"column":27}},"31":{"start":{"line":42,"column":6},"end":{"line":42,"column":31}},"32":{"start":{"line":43,"column":6},"end":{"line":47,"column":8}},"33":{"start":{"line":49,"column":6},"end":{"line":49,"column":53}},"34":{"start":{"line":50,"column":6},"end":{"line":55,"column":9}},"35":{"start":{"line":58,"column":6},"end":{"line":62,"column":8}},"36":{"start":{"line":64,"column":6},"end":{"line":64,"column":24}},"37":{"start":{"line":68,"column":2},"end":{"line":70,"column":22}},"38":{"start":{"line":69,"column":4},"end":{"line":69,"column":20}},"39":{"start":{"line":73,"column":2},"end":{"line":257,"column":21}},"40":{"start":{"line":74,"column":4},"end":{"line":74,"column":26}},"41":{"start":{"line":74,"column":19},"end":{"line":74,"column":26}},"42":{"start":{"line":76,"column":4},"end":{"line":76,"column":24}},"43":{"start":{"line":77,"column":4},"end":{"line":77,"column":31}},"44":{"start":{"line":79,"column":35},"end":{"line":134,"column":5}},"45":{"start":{"line":80,"column":6},"end":{"line":133,"column":7}},"46":{"start":{"line":81,"column":20},"end":{"line":81,"column":30}},"47":{"start":{"line":84,"column":8},"end":{"line":87,"column":9}},"48":{"start":{"line":85,"column":10},"end":{"line":85,"column":43}},"49":{"start":{"line":86,"column":10},"end":{"line":86,"column":17}},"50":{"start":{"line":90,"column":8},"end":{"line":95,"column":9}},"51":{"start":{"line":92,"column":10},"end":{"line":94,"column":12}},"52":{"start":{"line":97,"column":8},"end":{"line":97,"column":39}},"53":{"start":{"line":100,"column":8},"end":{"line":102,"column":9}},"54":{"start":{"line":101,"column":10},"end":{"line":101,"column":40}},"55":{"start":{"line":105,"column":8},"end":{"line":132,"column":9}},"56":{"start":{"line":109,"column":10},"end":{"line":109,"column":46}},"57":{"start":{"line":112,"column":10},"end":{"line":114,"column":11}},"58":{"start":{"line":113,"column":12},"end":{"line":113,"column":67}},"59":{"start":{"line":116,"column":10},"end":{"line":116,"column":44}},"60":{"start":{"line":119,"column":10},"end":{"line":121,"column":18}},"61":{"start":{"line":120,"column":12},"end":{"line":120,"column":49}},"62":{"start":{"line":122,"column":10},"end":{"line":126,"column":12}},"63":{"start":{"line":128,"column":10},"end":{"line":128,"column":80}},"64":{"start":{"line":129,"column":10},"end":{"line":131,"column":19}},"65":{"start":{"line":130,"column":12},"end":{"line":130,"column":51}},"66":{"start":{"line":136,"column":34},"end":{"line":138,"column":5}},"67":{"start":{"line":140,"column":30},"end":{"line":144,"column":5}},"68":{"start":{"line":141,"column":6},"end":{"line":143,"column":7}},"69":{"start":{"line":142,"column":8},"end":{"line":142,"column":41}},"70":{"start":{"line":146,"column":28},"end":{"line":159,"column":5}},"71":{"start":{"line":147,"column":6},"end":{"line":158,"column":7}},"72":{"start":{"line":148,"column":8},"end":{"line":148,"column":41}},"73":{"start":{"line":151,"column":8},"end":{"line":157,"column":9}},"74":{"start":{"line":152,"column":10},"end":{"line":156,"column":13}},"75":{"start":{"line":153,"column":31},"end":{"line":153,"column":42}},"76":{"start":{"line":154,"column":12},"end":{"line":154,"column":43}},"77":{"start":{"line":155,"column":12},"end":{"line":155,"column":30}},"78":{"start":{"line":161,"column":25},"end":{"line":166,"column":5}},"79":{"start":{"line":162,"column":6},"end":{"line":162,"column":77}},"80":{"start":{"line":163,"column":6},"end":{"line":165,"column":15}},"81":{"start":{"line":164,"column":8},"end":{"line":164,"column":47}},"82":{"start":{"line":168,"column":32},"end":{"line":191,"column":5}},"83":{"start":{"line":169,"column":6},"end":{"line":169,"column":51}},"84":{"start":{"line":170,"column":6},"end":{"line":170,"column":46}},"85":{"start":{"line":171,"column":6},"end":{"line":171,"column":65}},"86":{"start":{"line":173,"column":6},"end":{"line":190,"column":7}},"87":{"start":{"line":177,"column":8},"end":{"line":177,"column":71}},"88":{"start":{"line":178,"column":8},"end":{"line":189,"column":11}},"89":{"start":{"line":179,"column":29},"end":{"line":186,"column":11}},"90":{"start":{"line":187,"column":10},"end":{"line":187,"column":54}},"91":{"start":{"line":188,"column":10},"end":{"line":188,"column":28}},"92":{"start":{"line":193,"column":36},"end":{"line":202,"column":5}},"93":{"start":{"line":194,"column":6},"end":{"line":201,"column":7}},"94":{"start":{"line":195,"column":8},"end":{"line":199,"column":11}},"95":{"start":{"line":196,"column":29},"end":{"line":196,"column":40}},"96":{"start":{"line":197,"column":10},"end":{"line":197,"column":41}},"97":{"start":{"line":198,"column":10},"end":{"line":198,"column":28}},"98":{"start":{"line":200,"column":8},"end":{"line":200,"column":41}},"99":{"start":{"line":204,"column":32},"end":{"line":214,"column":5}},"100":{"start":{"line":205,"column":6},"end":{"line":205,"column":51}},"101":{"start":{"line":206,"column":6},"end":{"line":213,"column":7}},"102":{"start":{"line":207,"column":8},"end":{"line":212,"column":11}},"103":{"start":{"line":208,"column":29},"end":{"line":208,"column":40}},"104":{"start":{"line":209,"column":10},"end":{"line":209,"column":41}},"105":{"start":{"line":210,"column":10},"end":{"line":210,"column":63}},"106":{"start":{"line":211,"column":10},"end":{"line":211,"column":28}},"107":{"start":{"line":217,"column":39},"end":{"line":220,"column":5}},"108":{"start":{"line":221,"column":38},"end":{"line":224,"column":5}},"109":{"start":{"line":225,"column":34},"end":{"line":228,"column":5}},"110":{"start":{"line":229,"column":32},"end":{"line":229,"column":74}},"111":{"start":{"line":230,"column":29},"end":{"line":230,"column":64}},"112":{"start":{"line":231,"column":36},"end":{"line":234,"column":5}},"113":{"start":{"line":235,"column":40},"end":{"line":238,"column":5}},"114":{"start":{"line":239,"column":36},"end":{"line":242,"column":5}},"115":{"start":{"line":244,"column":4},"end":{"line":256,"column":6}},"116":{"start":{"line":246,"column":6},"end":{"line":246,"column":35}},"117":{"start":{"line":247,"column":6},"end":{"line":247,"column":34}},"118":{"start":{"line":248,"column":6},"end":{"line":248,"column":30}},"119":{"start":{"line":249,"column":6},"end":{"line":249,"column":28}},"120":{"start":{"line":250,"column":6},"end":{"line":250,"column":25}},"121":{"start":{"line":251,"column":6},"end":{"line":251,"column":32}},"122":{"start":{"line":252,"column":6},"end":{"line":252,"column":36}},"123":{"start":{"line":253,"column":6},"end":{"line":253,"column":32}},"124":{"start":{"line":255,"column":6},"end":{"line":255,"column":34}},"125":{"start":{"line":260,"column":2},"end":{"line":297,"column":11}},"126":{"start":{"line":261,"column":31},"end":{"line":271,"column":5}},"127":{"start":{"line":263,"column":6},"end":{"line":267,"column":9}},"128":{"start":{"line":270,"column":6},"end":{"line":270,"column":34}},"129":{"start":{"line":273,"column":35},"end":{"line":282,"column":5}},"130":{"start":{"line":274,"column":6},"end":{"line":281,"column":7}},"131":{"start":{"line":276,"column":8},"end":{"line":280,"column":11}},"132":{"start":{"line":284,"column":4},"end":{"line":284,"column":64}},"133":{"start":{"line":285,"column":4},"end":{"line":288,"column":6}},"134":{"start":{"line":290,"column":4},"end":{"line":296,"column":6}},"135":{"start":{"line":291,"column":6},"end":{"line":291,"column":69}},"136":{"start":{"line":292,"column":6},"end":{"line":295,"column":8}},"137":{"start":{"line":300,"column":2},"end":{"line":326,"column":23}},"138":{"start":{"line":301,"column":4},"end":{"line":301,"column":69}},"139":{"start":{"line":301,"column":62},"end":{"line":301,"column":69}},"140":{"start":{"line":303,"column":4},"end":{"line":308,"column":5}},"141":{"start":{"line":307,"column":6},"end":{"line":307,"column":13}},"142":{"start":{"line":310,"column":4},"end":{"line":312,"column":5}},"143":{"start":{"line":311,"column":6},"end":{"line":311,"column":43}},"144":{"start":{"line":314,"column":4},"end":{"line":319,"column":12}},"145":{"start":{"line":316,"column":6},"end":{"line":318,"column":7}},"146":{"start":{"line":317,"column":8},"end":{"line":317,"column":23}},"147":{"start":{"line":321,"column":4},"end":{"line":325,"column":6}},"148":{"start":{"line":322,"column":6},"end":{"line":324,"column":7}},"149":{"start":{"line":323,"column":8},"end":{"line":323,"column":45}},"150":{"start":{"line":328,"column":30},"end":{"line":335,"column":8}},"151":{"start":{"line":330,"column":4},"end":{"line":332,"column":5}},"152":{"start":{"line":331,"column":6},"end":{"line":331,"column":13}},"153":{"start":{"line":334,"column":4},"end":{"line":334,"column":27}},"154":{"start":{"line":337,"column":32},"end":{"line":364,"column":3}},"155":{"start":{"line":339,"column":6},"end":{"line":339,"column":47}},"156":{"start":{"line":340,"column":6},"end":{"line":340,"column":73}},"157":{"start":{"line":342,"column":6},"end":{"line":361,"column":7}},"158":{"start":{"line":344,"column":8},"end":{"line":346,"column":9}},"159":{"start":{"line":345,"column":10},"end":{"line":345,"column":49}},"160":{"start":{"line":348,"column":8},"end":{"line":360,"column":16}},"161":{"start":{"line":349,"column":10},"end":{"line":354,"column":13}},"162":{"start":{"line":355,"column":10},"end":{"line":359,"column":13}},"163":{"start":{"line":365,"column":23},"end":{"line":410,"column":3}},"164":{"start":{"line":366,"column":4},"end":{"line":372,"column":5}},"165":{"start":{"line":371,"column":6},"end":{"line":371,"column":13}},"166":{"start":{"line":374,"column":4},"end":{"line":409,"column":5}},"167":{"start":{"line":375,"column":6},"end":{"line":375,"column":24}},"168":{"start":{"line":376,"column":18},"end":{"line":376,"column":28}},"169":{"start":{"line":378,"column":6},"end":{"line":378,"column":64}},"170":{"start":{"line":379,"column":6},"end":{"line":383,"column":8}},"171":{"start":{"line":386,"column":6},"end":{"line":386,"column":38}},"172":{"start":{"line":389,"column":6},"end":{"line":389,"column":51}},"173":{"start":{"line":391,"column":6},"end":{"line":391,"column":51}},"174":{"start":{"line":393,"column":25},"end":{"line":393,"column":50}},"175":{"start":{"line":396,"column":6},"end":{"line":401,"column":7}},"176":{"start":{"line":397,"column":8},"end":{"line":398,"column":77}},"177":{"start":{"line":399,"column":13},"end":{"line":401,"column":7}},"178":{"start":{"line":400,"column":8},"end":{"line":400,"column":47}},"179":{"start":{"line":403,"column":6},"end":{"line":403,"column":54}},"180":{"start":{"line":404,"column":6},"end":{"line":406,"column":15}},"181":{"start":{"line":405,"column":8},"end":{"line":405,"column":47}},"182":{"start":{"line":408,"column":6},"end":{"line":408,"column":25}},"183":{"start":{"line":412,"column":23},"end":{"line":431,"column":3}},"184":{"start":{"line":413,"column":4},"end":{"line":419,"column":5}},"185":{"start":{"line":418,"column":6},"end":{"line":418,"column":13}},"186":{"start":{"line":421,"column":4},"end":{"line":430,"column":5}},"187":{"start":{"line":422,"column":6},"end":{"line":422,"column":44}},"188":{"start":{"line":423,"column":6},"end":{"line":423,"column":20}},"189":{"start":{"line":425,"column":6},"end":{"line":425,"column":53}},"190":{"start":{"line":426,"column":6},"end":{"line":426,"column":69}},"191":{"start":{"line":427,"column":6},"end":{"line":429,"column":15}},"192":{"start":{"line":428,"column":8},"end":{"line":428,"column":47}},"193":{"start":{"line":433,"column":22},"end":{"line":445,"column":3}},"194":{"start":{"line":434,"column":4},"end":{"line":444,"column":5}},"195":{"start":{"line":435,"column":24},"end":{"line":435,"column":60}},"196":{"start":{"line":436,"column":6},"end":{"line":436,"column":38}},"197":{"start":{"line":437,"column":6},"end":{"line":437,"column":30}},"198":{"start":{"line":439,"column":6},"end":{"line":439,"column":52}},"199":{"start":{"line":440,"column":6},"end":{"line":440,"column":68}},"200":{"start":{"line":441,"column":6},"end":{"line":443,"column":15}},"201":{"start":{"line":442,"column":8},"end":{"line":442,"column":47}},"202":{"start":{"line":447,"column":2},"end":{"line":449,"column":3}},"203":{"start":{"line":448,"column":4},"end":{"line":448,"column":59}},"204":{"start":{"line":451,"column":2},"end":{"line":477,"column":3}},"205":{"start":{"line":452,"column":4},"end":{"line":476,"column":6}},"206":{"start":{"line":462,"column":56},"end":{"line":462,"column":69}},"207":{"start":{"line":472,"column":35},"end":{"line":472,"column":48}},"208":{"start":{"line":479,"column":2},"end":{"line":481,"column":3}},"209":{"start":{"line":480,"column":4},"end":{"line":480,"column":58}},"210":{"start":{"line":483,"column":2},"end":{"line":581,"column":4}},"211":{"start":{"line":497,"column":31},"end":{"line":497,"column":55}},"212":{"start":{"line":527,"column":56},"end":{"line":527,"column":69}},"213":{"start":{"line":566,"column":25},"end":{"line":566,"column":49}},"214":{"start":{"line":568,"column":12},"end":{"line":571,"column":15}},"215":{"start":{"line":572,"column":12},"end":{"line":574,"column":21}},"216":{"start":{"line":573,"column":14},"end":{"line":573,"column":53}}},"fnMap":{"0":{"name":"(anonymous_0)","decl":{"start":{"line":8,"column":23},"end":{"line":8,"column":24}},"loc":{"start":{"line":8,"column":29},"end":{"line":582,"column":1}},"line":8},"1":{"name":"(anonymous_1)","decl":{"start":{"line":31,"column":36},"end":{"line":31,"column":37}},"loc":{"start":{"line":31,"column":48},"end":{"line":66,"column":3}},"line":31},"2":{"name":"(anonymous_2)","decl":{"start":{"line":68,"column":12},"end":{"line":68,"column":13}},"loc":{"start":{"line":68,"column":18},"end":{"line":70,"column":3}},"line":68},"3":{"name":"(anonymous_3)","decl":{"start":{"line":73,"column":12},"end":{"line":73,"column":13}},"loc":{"start":{"line":73,"column":18},"end":{"line":257,"column":3}},"line":73},"4":{"name":"(anonymous_4)","decl":{"start":{"line":79,"column":35},"end":{"line":79,"column":36}},"loc":{"start":{"line":79,"column":45},"end":{"line":134,"column":5}},"line":79},"5":{"name":"(anonymous_5)","decl":{"start":{"line":119,"column":21},"end":{"line":119,"column":22}},"loc":{"start":{"line":119,"column":27},"end":{"line":121,"column":11}},"line":119},"6":{"name":"(anonymous_6)","decl":{"start":{"line":129,"column":21},"end":{"line":129,"column":22}},"loc":{"start":{"line":129,"column":27},"end":{"line":131,"column":11}},"line":129},"7":{"name":"(anonymous_7)","decl":{"start":{"line":136,"column":34},"end":{"line":136,"column":35}},"loc":{"start":{"line":136,"column":44},"end":{"line":138,"column":5}},"line":136},"8":{"name":"(anonymous_8)","decl":{"start":{"line":140,"column":30},"end":{"line":140,"column":31}},"loc":{"start":{"line":140,"column":40},"end":{"line":144,"column":5}},"line":140},"9":{"name":"(anonymous_9)","decl":{"start":{"line":146,"column":28},"end":{"line":146,"column":29}},"loc":{"start":{"line":146,"column":38},"end":{"line":159,"column":5}},"line":146},"10":{"name":"(anonymous_10)","decl":{"start":{"line":152,"column":25},"end":{"line":152,"column":26}},"loc":{"start":{"line":152,"column":35},"end":{"line":156,"column":11}},"line":152},"11":{"name":"(anonymous_11)","decl":{"start":{"line":161,"column":25},"end":{"line":161,"column":26}},"loc":{"start":{"line":161,"column":35},"end":{"line":166,"column":5}},"line":161},"12":{"name":"(anonymous_12)","decl":{"start":{"line":163,"column":17},"end":{"line":163,"column":18}},"loc":{"start":{"line":163,"column":23},"end":{"line":165,"column":7}},"line":163},"13":{"name":"(anonymous_13)","decl":{"start":{"line":168,"column":32},"end":{"line":168,"column":33}},"loc":{"start":{"line":168,"column":42},"end":{"line":191,"column":5}},"line":168},"14":{"name":"(anonymous_14)","decl":{"start":{"line":178,"column":23},"end":{"line":178,"column":24}},"loc":{"start":{"line":178,"column":33},"end":{"line":189,"column":9}},"line":178},"15":{"name":"(anonymous_15)","decl":{"start":{"line":193,"column":36},"end":{"line":193,"column":37}},"loc":{"start":{"line":193,"column":46},"end":{"line":202,"column":5}},"line":193},"16":{"name":"(anonymous_16)","decl":{"start":{"line":195,"column":23},"end":{"line":195,"column":24}},"loc":{"start":{"line":195,"column":33},"end":{"line":199,"column":9}},"line":195},"17":{"name":"(anonymous_17)","decl":{"start":{"line":204,"column":32},"end":{"line":204,"column":33}},"loc":{"start":{"line":204,"column":42},"end":{"line":214,"column":5}},"line":204},"18":{"name":"(anonymous_18)","decl":{"start":{"line":207,"column":23},"end":{"line":207,"column":24}},"loc":{"start":{"line":207,"column":33},"end":{"line":212,"column":9}},"line":207},"19":{"name":"(anonymous_19)","decl":{"start":{"line":244,"column":11},"end":{"line":244,"column":12}},"loc":{"start":{"line":244,"column":17},"end":{"line":256,"column":5}},"line":244},"20":{"name":"(anonymous_20)","decl":{"start":{"line":260,"column":12},"end":{"line":260,"column":13}},"loc":{"start":{"line":260,"column":18},"end":{"line":297,"column":3}},"line":260},"21":{"name":"(anonymous_21)","decl":{"start":{"line":261,"column":31},"end":{"line":261,"column":32}},"loc":{"start":{"line":261,"column":37},"end":{"line":271,"column":5}},"line":261},"22":{"name":"(anonymous_22)","decl":{"start":{"line":273,"column":35},"end":{"line":273,"column":36}},"loc":{"start":{"line":273,"column":41},"end":{"line":282,"column":5}},"line":273},"23":{"name":"(anonymous_23)","decl":{"start":{"line":290,"column":11},"end":{"line":290,"column":12}},"loc":{"start":{"line":290,"column":17},"end":{"line":296,"column":5}},"line":290},"24":{"name":"(anonymous_24)","decl":{"start":{"line":300,"column":12},"end":{"line":300,"column":13}},"loc":{"start":{"line":300,"column":18},"end":{"line":326,"column":3}},"line":300},"25":{"name":"(anonymous_25)","decl":{"start":{"line":314,"column":40},"end":{"line":314,"column":41}},"loc":{"start":{"line":314,"column":46},"end":{"line":319,"column":5}},"line":314},"26":{"name":"(anonymous_26)","decl":{"start":{"line":321,"column":11},"end":{"line":321,"column":12}},"loc":{"start":{"line":321,"column":17},"end":{"line":325,"column":5}},"line":321},"27":{"name":"(anonymous_27)","decl":{"start":{"line":328,"column":42},"end":{"line":328,"column":43}},"loc":{"start":{"line":328,"column":58},"end":{"line":335,"column":3}},"line":328},"28":{"name":"(anonymous_28)","decl":{"start":{"line":338,"column":4},"end":{"line":338,"column":5}},"loc":{"start":{"line":338,"column":15},"end":{"line":362,"column":5}},"line":338},"29":{"name":"(anonymous_29)","decl":{"start":{"line":348,"column":46},"end":{"line":348,"column":47}},"loc":{"start":{"line":348,"column":52},"end":{"line":360,"column":9}},"line":348},"30":{"name":"(anonymous_30)","decl":{"start":{"line":365,"column":23},"end":{"line":365,"column":24}},"loc":{"start":{"line":365,"column":35},"end":{"line":410,"column":3}},"line":365},"31":{"name":"(anonymous_31)","decl":{"start":{"line":404,"column":17},"end":{"line":404,"column":18}},"loc":{"start":{"line":404,"column":23},"end":{"line":406,"column":7}},"line":404},"32":{"name":"(anonymous_32)","decl":{"start":{"line":412,"column":23},"end":{"line":412,"column":24}},"loc":{"start":{"line":412,"column":35},"end":{"line":431,"column":3}},"line":412},"33":{"name":"(anonymous_33)","decl":{"start":{"line":427,"column":17},"end":{"line":427,"column":18}},"loc":{"start":{"line":427,"column":23},"end":{"line":429,"column":7}},"line":427},"34":{"name":"(anonymous_34)","decl":{"start":{"line":433,"column":22},"end":{"line":433,"column":23}},"loc":{"start":{"line":433,"column":34},"end":{"line":445,"column":3}},"line":433},"35":{"name":"(anonymous_35)","decl":{"start":{"line":441,"column":17},"end":{"line":441,"column":18}},"loc":{"start":{"line":441,"column":23},"end":{"line":443,"column":7}},"line":441},"36":{"name":"(anonymous_36)","decl":{"start":{"line":462,"column":50},"end":{"line":462,"column":51}},"loc":{"start":{"line":462,"column":56},"end":{"line":462,"column":69}},"line":462},"37":{"name":"(anonymous_37)","decl":{"start":{"line":472,"column":29},"end":{"line":472,"column":30}},"loc":{"start":{"line":472,"column":35},"end":{"line":472,"column":48}},"line":472},"38":{"name":"(anonymous_38)","decl":{"start":{"line":497,"column":24},"end":{"line":497,"column":25}},"loc":{"start":{"line":497,"column":31},"end":{"line":497,"column":55}},"line":497},"39":{"name":"(anonymous_39)","decl":{"start":{"line":527,"column":50},"end":{"line":527,"column":51}},"loc":{"start":{"line":527,"column":56},"end":{"line":527,"column":69}},"line":527},"40":{"name":"(anonymous_40)","decl":{"start":{"line":566,"column":19},"end":{"line":566,"column":20}},"loc":{"start":{"line":566,"column":25},"end":{"line":566,"column":49}},"line":566},"41":{"name":"(anonymous_41)","decl":{"start":{"line":567,"column":18},"end":{"line":567,"column":19}},"loc":{"start":{"line":567,"column":24},"end":{"line":575,"column":11}},"line":567},"42":{"name":"(anonymous_42)","decl":{"start":{"line":572,"column":23},"end":{"line":572,"column":24}},"loc":{"start":{"line":572,"column":29},"end":{"line":574,"column":13}},"line":572}},"branchMap":{"0":{"loc":{"start":{"line":60,"column":10},"end":{"line":60,"column":50}},"type":"binary-expr","locations":[{"start":{"line":60,"column":10},"end":{"line":60,"column":35}},{"start":{"line":60,"column":39},"end":{"line":60,"column":50}}],"line":60},"1":{"loc":{"start":{"line":74,"column":4},"end":{"line":74,"column":26}},"type":"if","locations":[{"start":{"line":74,"column":4},"end":{"line":74,"column":26}},{"start":{},"end":{}}],"line":74},"2":{"loc":{"start":{"line":80,"column":6},"end":{"line":133,"column":7}},"type":"if","locations":[{"start":{"line":80,"column":6},"end":{"line":133,"column":7}},{"start":{},"end":{}}],"line":80},"3":{"loc":{"start":{"line":84,"column":8},"end":{"line":87,"column":9}},"type":"if","locations":[{"start":{"line":84,"column":8},"end":{"line":87,"column":9}},{"start":{},"end":{}}],"line":84},"4":{"loc":{"start":{"line":90,"column":8},"end":{"line":95,"column":9}},"type":"if","locations":[{"start":{"line":90,"column":8},"end":{"line":95,"column":9}},{"start":{},"end":{}}],"line":90},"5":{"loc":{"start":{"line":100,"column":8},"end":{"line":102,"column":9}},"type":"if","locations":[{"start":{"line":100,"column":8},"end":{"line":102,"column":9}},{"start":{},"end":{}}],"line":100},"6":{"loc":{"start":{"line":105,"column":8},"end":{"line":132,"column":9}},"type":"if","locations":[{"start":{"line":105,"column":8},"end":{"line":132,"column":9}},{"start":{},"end":{}}],"line":105},"7":{"loc":{"start":{"line":106,"column":10},"end":{"line":107,"column":68}},"type":"binary-expr","locations":[{"start":{"line":106,"column":10},"end":{"line":106,"column":43}},{"start":{"line":107,"column":10},"end":{"line":107,"column":68}}],"line":106},"8":{"loc":{"start":{"line":112,"column":10},"end":{"line":114,"column":11}},"type":"if","locations":[{"start":{"line":112,"column":10},"end":{"line":114,"column":11}},{"start":{},"end":{}}],"line":112},"9":{"loc":{"start":{"line":112,"column":14},"end":{"line":112,"column":66}},"type":"binary-expr","locations":[{"start":{"line":112,"column":14},"end":{"line":112,"column":31}},{"start":{"line":112,"column":35},"end":{"line":112,"column":66}}],"line":112},"10":{"loc":{"start":{"line":141,"column":6},"end":{"line":143,"column":7}},"type":"if","locations":[{"start":{"line":141,"column":6},"end":{"line":143,"column":7}},{"start":{},"end":{}}],"line":141},"11":{"loc":{"start":{"line":147,"column":6},"end":{"line":158,"column":7}},"type":"if","locations":[{"start":{"line":147,"column":6},"end":{"line":158,"column":7}},{"start":{},"end":{}}],"line":147},"12":{"loc":{"start":{"line":151,"column":8},"end":{"line":157,"column":9}},"type":"if","locations":[{"start":{"line":151,"column":8},"end":{"line":157,"column":9}},{"start":{},"end":{}}],"line":151},"13":{"loc":{"start":{"line":162,"column":38},"end":{"line":162,"column":73}},"type":"binary-expr","locations":[{"start":{"line":162,"column":38},"end":{"line":162,"column":50}},{"start":{"line":162,"column":54},"end":{"line":162,"column":73}}],"line":162},"14":{"loc":{"start":{"line":173,"column":6},"end":{"line":190,"column":7}},"type":"if","locations":[{"start":{"line":173,"column":6},"end":{"line":190,"column":7}},{"start":{},"end":{}}],"line":173},"15":{"loc":{"start":{"line":174,"column":8},"end":{"line":175,"column":47}},"type":"binary-expr","locations":[{"start":{"line":174,"column":8},"end":{"line":174,"column":52}},{"start":{"line":175,"column":8},"end":{"line":175,"column":47}}],"line":174},"16":{"loc":{"start":{"line":194,"column":6},"end":{"line":201,"column":7}},"type":"if","locations":[{"start":{"line":194,"column":6},"end":{"line":201,"column":7}},{"start":{},"end":{}}],"line":194},"17":{"loc":{"start":{"line":206,"column":6},"end":{"line":213,"column":7}},"type":"if","locations":[{"start":{"line":206,"column":6},"end":{"line":213,"column":7}},{"start":{},"end":{}}],"line":206},"18":{"loc":{"start":{"line":274,"column":6},"end":{"line":281,"column":7}},"type":"if","locations":[{"start":{"line":274,"column":6},"end":{"line":281,"column":7}},{"start":{},"end":{}}],"line":274},"19":{"loc":{"start":{"line":301,"column":4},"end":{"line":301,"column":69}},"type":"if","locations":[{"start":{"line":301,"column":4},"end":{"line":301,"column":69}},{"start":{},"end":{}}],"line":301},"20":{"loc":{"start":{"line":301,"column":8},"end":{"line":301,"column":60}},"type":"binary-expr","locations":[{"start":{"line":301,"column":8},"end":{"line":301,"column":15}},{"start":{"line":301,"column":19},"end":{"line":301,"column":28}},{"start":{"line":301,"column":32},"end":{"line":301,"column":60}}],"line":301},"21":{"loc":{"start":{"line":303,"column":4},"end":{"line":308,"column":5}},"type":"if","locations":[{"start":{"line":303,"column":4},"end":{"line":308,"column":5}},{"start":{},"end":{}}],"line":303},"22":{"loc":{"start":{"line":304,"column":6},"end":{"line":305,"column":50}},"type":"binary-expr","locations":[{"start":{"line":304,"column":6},"end":{"line":304,"column":46}},{"start":{"line":305,"column":6},"end":{"line":305,"column":50}}],"line":304},"23":{"loc":{"start":{"line":310,"column":4},"end":{"line":312,"column":5}},"type":"if","locations":[{"start":{"line":310,"column":4},"end":{"line":312,"column":5}},{"start":{},"end":{}}],"line":310},"24":{"loc":{"start":{"line":316,"column":6},"end":{"line":318,"column":7}},"type":"if","locations":[{"start":{"line":316,"column":6},"end":{"line":318,"column":7}},{"start":{},"end":{}}],"line":316},"25":{"loc":{"start":{"line":322,"column":6},"end":{"line":324,"column":7}},"type":"if","locations":[{"start":{"line":322,"column":6},"end":{"line":324,"column":7}},{"start":{},"end":{}}],"line":322},"26":{"loc":{"start":{"line":330,"column":4},"end":{"line":332,"column":5}},"type":"if","locations":[{"start":{"line":330,"column":4},"end":{"line":332,"column":5}},{"start":{},"end":{}}],"line":330},"27":{"loc":{"start":{"line":342,"column":6},"end":{"line":361,"column":7}},"type":"if","locations":[{"start":{"line":342,"column":6},"end":{"line":361,"column":7}},{"start":{},"end":{}}],"line":342},"28":{"loc":{"start":{"line":342,"column":10},"end":{"line":342,"column":48}},"type":"binary-expr","locations":[{"start":{"line":342,"column":10},"end":{"line":342,"column":15}},{"start":{"line":342,"column":19},"end":{"line":342,"column":48}}],"line":342},"29":{"loc":{"start":{"line":344,"column":8},"end":{"line":346,"column":9}},"type":"if","locations":[{"start":{"line":344,"column":8},"end":{"line":346,"column":9}},{"start":{},"end":{}}],"line":344},"30":{"loc":{"start":{"line":366,"column":4},"end":{"line":372,"column":5}},"type":"if","locations":[{"start":{"line":366,"column":4},"end":{"line":372,"column":5}},{"start":{},"end":{}}],"line":366},"31":{"loc":{"start":{"line":367,"column":6},"end":{"line":369,"column":53}},"type":"binary-expr","locations":[{"start":{"line":367,"column":6},"end":{"line":367,"column":14}},{"start":{"line":368,"column":7},"end":{"line":368,"column":47}},{"start":{"line":369,"column":8},"end":{"line":369,"column":52}}],"line":367},"32":{"loc":{"start":{"line":396,"column":6},"end":{"line":401,"column":7}},"type":"if","locations":[{"start":{"line":396,"column":6},"end":{"line":401,"column":7}},{"start":{"line":399,"column":13},"end":{"line":401,"column":7}}],"line":396},"33":{"loc":{"start":{"line":399,"column":13},"end":{"line":401,"column":7}},"type":"if","locations":[{"start":{"line":399,"column":13},"end":{"line":401,"column":7}},{"start":{},"end":{}}],"line":399},"34":{"loc":{"start":{"line":413,"column":4},"end":{"line":419,"column":5}},"type":"if","locations":[{"start":{"line":413,"column":4},"end":{"line":419,"column":5}},{"start":{},"end":{}}],"line":413},"35":{"loc":{"start":{"line":447,"column":2},"end":{"line":449,"column":3}},"type":"if","locations":[{"start":{"line":447,"column":2},"end":{"line":449,"column":3}},{"start":{},"end":{}}],"line":447},"36":{"loc":{"start":{"line":451,"column":2},"end":{"line":477,"column":3}},"type":"if","locations":[{"start":{"line":451,"column":2},"end":{"line":477,"column":3}},{"start":{},"end":{}}],"line":451},"37":{"loc":{"start":{"line":479,"column":2},"end":{"line":481,"column":3}},"type":"if","locations":[{"start":{"line":479,"column":2},"end":{"line":481,"column":3}},{"start":{},"end":{}}],"line":479},"38":{"loc":{"start":{"line":503,"column":15},"end":{"line":510,"column":15}},"type":"cond-expr","locations":[{"start":{"line":504,"column":16},"end":{"line":507,"column":23}},{"start":{"line":509,"column":16},"end":{"line":509,"column":73}}],"line":503},"39":{"loc":{"start":{"line":516,"column":11},"end":{"line":520,"column":11}},"type":"binary-expr","locations":[{"start":{"line":516,"column":11},"end":{"line":516,"column":26}},{"start":{"line":517,"column":12},"end":{"line":519,"column":18}}],"line":516},"40":{"loc":{"start":{"line":562,"column":7},"end":{"line":577,"column":7}},"type":"binary-expr","locations":[{"start":{"line":562,"column":7},"end":{"line":562,"column":21}},{"start":{"line":563,"column":8},"end":{"line":576,"column":10}}],"line":562},"41":{"loc":{"start":{"line":579,"column":7},"end":{"line":579,"column":70}},"type":"binary-expr","locations":[{"start":{"line":579,"column":7},"end":{"line":579,"column":17}},{"start":{"line":579,"column":21},"end":{"line":579,"column":70}}],"line":579}},"s":{"0":1,"1":24,"2":24,"3":24,"4":23,"5":23,"6":23,"7":23,"8":23,"9":23,"10":23,"11":23,"12":23,"13":23,"14":23,"15":23,"16":23,"17":23,"18":23,"19":23,"20":23,"21":23,"22":12,"23":12,"24":12,"25":12,"26":12,"27":12,"28":11,"29":11,"30":11,"31":11,"32":11,"33":1,"34":1,"35":1,"36":12,"37":23,"38":12,"39":23,"40":20,"41":12,"42":8,"43":8,"44":8,"45":0,"46":0,"47":0,"48":0,"49":0,"50":0,"51":0,"52":0,"53":0,"54":0,"55":0,"56":0,"57":0,"58":0,"59":0,"60":0,"61":0,"62":0,"63":0,"64":0,"65":0,"66":8,"67":8,"68":0,"69":0,"70":8,"71":0,"72":0,"73":0,"74":0,"75":0,"76":0,"77":0,"78":8,"79":0,"80":0,"81":0,"82":8,"83":0,"84":0,"85":0,"86":0,"87":0,"88":0,"89":0,"90":0,"91":0,"92":8,"93":0,"94":0,"95":0,"96":0,"97":0,"98":0,"99":8,"100":0,"101":0,"102":0,"103":0,"104":0,"105":0,"106":0,"107":8,"108":8,"109":8,"110":8,"111":8,"112":8,"113":8,"114":8,"115":8,"116":8,"117":0,"118":0,"119":0,"120":0,"121":0,"122":0,"123":0,"124":0,"125":23,"126":12,"127":0,"128":0,"129":12,"130":0,"131":0,"132":12,"133":12,"134":12,"135":12,"136":12,"137":23,"138":22,"139":12,"140":10,"141":8,"142":2,"143":0,"144":2,"145":0,"146":0,"147":2,"148":2,"149":2,"150":23,"151":1,"152":0,"153":1,"154":23,"155":0,"156":0,"157":0,"158":0,"159":0,"160":0,"161":0,"162":0,"163":23,"164":0,"165":0,"166":0,"167":0,"168":0,"169":0,"170":0,"171":0,"172":0,"173":0,"174":0,"175":0,"176":0,"177":0,"178":0,"179":0,"180":0,"181":0,"182":0,"183":23,"184":0,"185":0,"186":0,"187":0,"188":0,"189":0,"190":0,"191":0,"192":0,"193":23,"194":0,"195":0,"196":0,"197":0,"198":0,"199":0,"200":0,"201":0,"202":23,"203":12,"204":11,"205":1,"206":0,"207":0,"208":10,"209":0,"210":10,"211":1,"212":0,"213":0,"214":0,"215":0,"216":0},"f":{"0":24,"1":12,"2":12,"3":20,"4":0,"5":0,"6":0,"7":0,"8":0,"9":0,"10":0,"11":0,"12":0,"13":0,"14":0,"15":0,"16":0,"17":0,"18":0,"19":8,"20":12,"21":0,"22":0,"23":12,"24":22,"25":0,"26":2,"27":1,"28":0,"29":0,"30":0,"31":0,"32":0,"33":0,"34":0,"35":0,"36":0,"37":0,"38":1,"39":0,"40":0,"41":0,"42":0},"b":{"0":[1,1],"1":[12,8],"2":[0,0],"3":[0,0],"4":[0,0],"5":[0,0],"6":[0,0],"7":[0,0],"8":[0,0],"9":[0,0],"10":[0,0],"11":[0,0],"12":[0,0],"13":[0,0],"14":[0,0],"15":[0,0],"16":[0,0],"17":[0,0],"18":[0,0],"19":[12,10],"20":[22,10,10],"21":[8,2],"22":[10,9],"23":[0,2],"24":[0,0],"25":[2,0],"26":[0,1],"27":[0,0],"28":[0,0],"29":[0,0],"30":[0,0],"31":[0,0,0],"32":[0,0],"33":[0,0],"34":[0,0],"35":[12,11],"36":[1,10],"37":[0,10],"38":[0,10],"39":[10,0],"40":[10,0],"41":[10,0]},"_coverageSchema":"1a1c01bbd47fc00a2c39e90264f33305004495a9","hash":"71b86e8ebf3f78db4d6958aab77f01476aa52aad"}
,"/Users/agoley/hackathon/Air/client/src/pages/DocumentList.js": {"path":"/Users/agoley/hackathon/Air/client/src/pages/DocumentList.js","statementMap":{"0":{"start":{"line":6,"column":21},"end":{"line":143,"column":1}},"1":{"start":{"line":7,"column":36},"end":{"line":7,"column":48}},"2":{"start":{"line":8,"column":32},"end":{"line":8,"column":46}},"3":{"start":{"line":9,"column":28},"end":{"line":9,"column":42}},"4":{"start":{"line":10,"column":46},"end":{"line":10,"column":61}},"5":{"start":{"line":11,"column":19},"end":{"line":11,"column":32}},"6":{"start":{"line":13,"column":2},"end":{"line":15,"column":9}},"7":{"start":{"line":14,"column":4},"end":{"line":14,"column":21}},"8":{"start":{"line":17,"column":25},"end":{"line":29,"column":3}},"9":{"start":{"line":18,"column":4},"end":{"line":28,"column":5}},"10":{"start":{"line":19,"column":6},"end":{"line":19,"column":23}},"11":{"start":{"line":20,"column":19},"end":{"line":20,"column":55}},"12":{"start":{"line":21,"column":6},"end":{"line":21,"column":25}},"13":{"start":{"line":22,"column":6},"end":{"line":22,"column":21}},"14":{"start":{"line":24,"column":6},"end":{"line":24,"column":54}},"15":{"start":{"line":25,"column":6},"end":{"line":25,"column":68}},"16":{"start":{"line":27,"column":6},"end":{"line":27,"column":24}},"17":{"start":{"line":31,"column":31},"end":{"line":40,"column":3}},"18":{"start":{"line":32,"column":4},"end":{"line":39,"column":5}},"19":{"start":{"line":33,"column":21},"end":{"line":33,"column":68}},"20":{"start":{"line":34,"column":6},"end":{"line":34,"column":31}},"21":{"start":{"line":35,"column":6},"end":{"line":35,"column":42}},"22":{"start":{"line":37,"column":6},"end":{"line":37,"column":53}},"23":{"start":{"line":38,"column":6},"end":{"line":38,"column":60}},"24":{"start":{"line":42,"column":21},"end":{"line":44,"column":3}},"25":{"start":{"line":43,"column":4},"end":{"line":43,"column":49}},"26":{"start":{"line":46,"column":2},"end":{"line":48,"column":3}},"27":{"start":{"line":47,"column":4},"end":{"line":47,"column":60}},"28":{"start":{"line":50,"column":2},"end":{"line":57,"column":3}},"29":{"start":{"line":51,"column":4},"end":{"line":56,"column":6}},"30":{"start":{"line":59,"column":2},"end":{"line":142,"column":4}},"31":{"start":{"line":70,"column":25},"end":{"line":70,"column":59}},"32":{"start":{"line":95,"column":14},"end":{"line":124,"column":21}},"33":{"start":{"line":134,"column":29},"end":{"line":134,"column":52}}},"fnMap":{"0":{"name":"(anonymous_0)","decl":{"start":{"line":6,"column":21},"end":{"line":6,"column":22}},"loc":{"start":{"line":6,"column":27},"end":{"line":143,"column":1}},"line":6},"1":{"name":"(anonymous_1)","decl":{"start":{"line":13,"column":12},"end":{"line":13,"column":13}},"loc":{"start":{"line":13,"column":18},"end":{"line":15,"column":3}},"line":13},"2":{"name":"(anonymous_2)","decl":{"start":{"line":17,"column":25},"end":{"line":17,"column":26}},"loc":{"start":{"line":17,"column":37},"end":{"line":29,"column":3}},"line":17},"3":{"name":"(anonymous_3)","decl":{"start":{"line":31,"column":31},"end":{"line":31,"column":32}},"loc":{"start":{"line":31,"column":55},"end":{"line":40,"column":3}},"line":31},"4":{"name":"(anonymous_4)","decl":{"start":{"line":42,"column":21},"end":{"line":42,"column":22}},"loc":{"start":{"line":42,"column":37},"end":{"line":44,"column":3}},"line":42},"5":{"name":"(anonymous_5)","decl":{"start":{"line":70,"column":19},"end":{"line":70,"column":20}},"loc":{"start":{"line":70,"column":25},"end":{"line":70,"column":59}},"line":70},"6":{"name":"(anonymous_6)","decl":{"start":{"line":94,"column":27},"end":{"line":94,"column":28}},"loc":{"start":{"line":95,"column":14},"end":{"line":124,"column":21}},"line":95},"7":{"name":"(anonymous_7)","decl":{"start":{"line":134,"column":23},"end":{"line":134,"column":24}},"loc":{"start":{"line":134,"column":29},"end":{"line":134,"column":52}},"line":134}},"branchMap":{"0":{"loc":{"start":{"line":46,"column":2},"end":{"line":48,"column":3}},"type":"if","locations":[{"start":{"line":46,"column":2},"end":{"line":48,"column":3}},{"start":{},"end":{}}],"line":46},"1":{"loc":{"start":{"line":50,"column":2},"end":{"line":57,"column":3}},"type":"if","locations":[{"start":{"line":50,"column":2},"end":{"line":57,"column":3}},{"start":{},"end":{}}],"line":50},"2":{"loc":{"start":{"line":72,"column":11},"end":{"line":72,"column":57}},"type":"cond-expr","locations":[{"start":{"line":72,"column":28},"end":{"line":72,"column":36}},{"start":{"line":72,"column":39},"end":{"line":72,"column":57}}],"line":72},"3":{"loc":{"start":{"line":76,"column":7},"end":{"line":84,"column":7}},"type":"binary-expr","locations":[{"start":{"line":76,"column":7},"end":{"line":76,"column":21}},{"start":{"line":77,"column":8},"end":{"line":83,"column":14}}],"line":76},"4":{"loc":{"start":{"line":92,"column":9},"end":{"line":139,"column":9}},"type":"cond-expr","locations":[{"start":{"line":93,"column":10},"end":{"line":126,"column":16}},{"start":{"line":128,"column":10},"end":{"line":138,"column":16}}],"line":92},"5":{"loc":{"start":{"line":113,"column":25},"end":{"line":115,"column":67}},"type":"cond-expr","locations":[{"start":{"line":114,"column":28},"end":{"line":114,"column":66}},{"start":{"line":115,"column":28},"end":{"line":115,"column":67}}],"line":113},"6":{"loc":{"start":{"line":113,"column":25},"end":{"line":113,"column":76}},"type":"binary-expr","locations":[{"start":{"line":113,"column":25},"end":{"line":113,"column":39}},{"start":{"line":113,"column":43},"end":{"line":113,"column":76}}],"line":113}},"s":{"0":0,"1":0,"2":0,"3":0,"4":0,"5":0,"6":0,"7":0,"8":0,"9":0,"10":0,"11":0,"12":0,"13":0,"14":0,"15":0,"16":0,"17":0,"18":0,"19":0,"20":0,"21":0,"22":0,"23":0,"24":0,"25":0,"26":0,"27":0,"28":0,"29":0,"30":0,"31":0,"32":0,"33":0},"f":{"0":0,"1":0,"2":0,"3":0,"4":0,"5":0,"6":0,"7":0},"b":{"0":[0,0],"1":[0,0],"2":[0,0],"3":[0,0],"4":[0,0],"5":[0,0],"6":[0,0]}}
,"/Users/agoley/hackathon/Air/client/src/pages/SharedDocument.js": {"path":"/Users/agoley/hackathon/Air/client/src/pages/SharedDocument.js","statementMap":{"0":{"start":{"line":5,"column":23},"end":{"line":86,"column":1}},"1":{"start":{"line":6,"column":22},"end":{"line":6,"column":33}},"2":{"start":{"line":7,"column":19},"end":{"line":7,"column":32}},"3":{"start":{"line":8,"column":34},"end":{"line":8,"column":48}},"4":{"start":{"line":9,"column":32},"end":{"line":9,"column":46}},"5":{"start":{"line":10,"column":28},"end":{"line":10,"column":42}},"6":{"start":{"line":12,"column":2},"end":{"line":28,"column":16}},"7":{"start":{"line":13,"column":26},"end":{"line":25,"column":5}},"8":{"start":{"line":14,"column":6},"end":{"line":24,"column":7}},"9":{"start":{"line":15,"column":8},"end":{"line":15,"column":25}},"10":{"start":{"line":16,"column":21},"end":{"line":16,"column":66}},"11":{"start":{"line":17,"column":8},"end":{"line":17,"column":26}},"12":{"start":{"line":18,"column":8},"end":{"line":18,"column":23}},"13":{"start":{"line":20,"column":8},"end":{"line":20,"column":62}},"14":{"start":{"line":21,"column":8},"end":{"line":21,"column":76}},"15":{"start":{"line":23,"column":8},"end":{"line":23,"column":26}},"16":{"start":{"line":27,"column":4},"end":{"line":27,"column":20}},"17":{"start":{"line":30,"column":21},"end":{"line":32,"column":3}},"18":{"start":{"line":31,"column":4},"end":{"line":31,"column":49}},"19":{"start":{"line":34,"column":2},"end":{"line":36,"column":3}},"20":{"start":{"line":35,"column":4},"end":{"line":35,"column":66}},"21":{"start":{"line":38,"column":2},"end":{"line":45,"column":3}},"22":{"start":{"line":39,"column":4},"end":{"line":44,"column":6}},"23":{"start":{"line":42,"column":31},"end":{"line":42,"column":44}},"24":{"start":{"line":47,"column":2},"end":{"line":49,"column":3}},"25":{"start":{"line":48,"column":4},"end":{"line":48,"column":65}},"26":{"start":{"line":51,"column":2},"end":{"line":85,"column":4}},"27":{"start":{"line":56,"column":33},"end":{"line":56,"column":46}}},"fnMap":{"0":{"name":"(anonymous_0)","decl":{"start":{"line":5,"column":23},"end":{"line":5,"column":24}},"loc":{"start":{"line":5,"column":29},"end":{"line":86,"column":1}},"line":5},"1":{"name":"(anonymous_1)","decl":{"start":{"line":12,"column":12},"end":{"line":12,"column":13}},"loc":{"start":{"line":12,"column":18},"end":{"line":28,"column":3}},"line":12},"2":{"name":"(anonymous_2)","decl":{"start":{"line":13,"column":26},"end":{"line":13,"column":27}},"loc":{"start":{"line":13,"column":38},"end":{"line":25,"column":5}},"line":13},"3":{"name":"(anonymous_3)","decl":{"start":{"line":30,"column":21},"end":{"line":30,"column":22}},"loc":{"start":{"line":30,"column":37},"end":{"line":32,"column":3}},"line":30},"4":{"name":"(anonymous_4)","decl":{"start":{"line":42,"column":25},"end":{"line":42,"column":26}},"loc":{"start":{"line":42,"column":31},"end":{"line":42,"column":44}},"line":42},"5":{"name":"(anonymous_5)","decl":{"start":{"line":56,"column":27},"end":{"line":56,"column":28}},"loc":{"start":{"line":56,"column":33},"end":{"line":56,"column":46}},"line":56}},"branchMap":{"0":{"loc":{"start":{"line":34,"column":2},"end":{"line":36,"column":3}},"type":"if","locations":[{"start":{"line":34,"column":2},"end":{"line":36,"column":3}},{"start":{},"end":{}}],"line":34},"1":{"loc":{"start":{"line":38,"column":2},"end":{"line":45,"column":3}},"type":"if","locations":[{"start":{"line":38,"column":2},"end":{"line":45,"column":3}},{"start":{},"end":{}}],"line":38},"2":{"loc":{"start":{"line":47,"column":2},"end":{"line":49,"column":3}},"type":"if","locations":[{"start":{"line":47,"column":2},"end":{"line":49,"column":3}},{"start":{},"end":{}}],"line":47},"3":{"loc":{"start":{"line":67,"column":38},"end":{"line":67,"column":78}},"type":"binary-expr","locations":[{"start":{"line":67,"column":38},"end":{"line":67,"column":56}},{"start":{"line":67,"column":60},"end":{"line":67,"column":78}}],"line":67},"4":{"loc":{"start":{"line":81,"column":11},"end":{"line":81,"column":43}},"type":"binary-expr","locations":[{"start":{"line":81,"column":11},"end":{"line":81,"column":27}},{"start":{"line":81,"column":31},"end":{"line":81,"column":43}}],"line":81}},"s":{"0":0,"1":0,"2":0,"3":0,"4":0,"5":0,"6":0,"7":0,"8":0,"9":0,"10":0,"11":0,"12":0,"13":0,"14":0,"15":0,"16":0,"17":0,"18":0,"19":0,"20":0,"21":0,"22":0,"23":0,"24":0,"25":0,"26":0,"27":0},"f":{"0":0,"1":0,"2":0,"3":0,"4":0,"5":0},"b":{"0":[0,0],"1":[0,0],"2":[0,0],"3":[0,0],"4":[0,0]}}
,"/Users/agoley/hackathon/Air/client/src/services/api.js": {"path":"/Users/agoley/hackathon/Air/client/src/services/api.js","statementMap":{"0":{"start":{"line":5,"column":2},"end":{"line":8,"column":30}},"1":{"start":{"line":10,"column":0},"end":{"line":10,"column":47}},"2":{"start":{"line":12,"column":12},"end":{"line":14,"column":2}},"3":{"start":{"line":16,"column":28},"end":{"line":66,"column":1}},"4":{"start":{"line":19,"column":21},"end":{"line":19,"column":52}},"5":{"start":{"line":20,"column":4},"end":{"line":20,"column":25}},"6":{"start":{"line":25,"column":4},"end":{"line":25,"column":76}},"7":{"start":{"line":26,"column":21},"end":{"line":26,"column":58}},"8":{"start":{"line":27,"column":4},"end":{"line":27,"column":43}},"9":{"start":{"line":28,"column":4},"end":{"line":28,"column":25}},"10":{"start":{"line":33,"column":21},"end":{"line":33,"column":67}},"11":{"start":{"line":34,"column":4},"end":{"line":34,"column":25}},"12":{"start":{"line":39,"column":21},"end":{"line":39,"column":72}},"13":{"start":{"line":40,"column":4},"end":{"line":40,"column":25}},"14":{"start":{"line":45,"column":21},"end":{"line":45,"column":61}},"15":{"start":{"line":46,"column":4},"end":{"line":46,"column":25}},"16":{"start":{"line":51,"column":21},"end":{"line":51,"column":65}},"17":{"start":{"line":52,"column":4},"end":{"line":52,"column":25}},"18":{"start":{"line":57,"column":21},"end":{"line":57,"column":68}},"19":{"start":{"line":58,"column":4},"end":{"line":58,"column":25}},"20":{"start":{"line":63,"column":21},"end":{"line":63,"column":70}},"21":{"start":{"line":64,"column":4},"end":{"line":64,"column":25}}},"fnMap":{"0":{"name":"(anonymous_0)","decl":{"start":{"line":18,"column":19},"end":{"line":18,"column":20}},"loc":{"start":{"line":18,"column":31},"end":{"line":21,"column":3}},"line":18},"1":{"name":"(anonymous_1)","decl":{"start":{"line":24,"column":19},"end":{"line":24,"column":20}},"loc":{"start":{"line":24,"column":33},"end":{"line":29,"column":3}},"line":24},"2":{"name":"(anonymous_2)","decl":{"start":{"line":32,"column":18},"end":{"line":32,"column":19}},"loc":{"start":{"line":32,"column":42},"end":{"line":35,"column":3}},"line":32},"3":{"name":"(anonymous_3)","decl":{"start":{"line":38,"column":18},"end":{"line":38,"column":19}},"loc":{"start":{"line":38,"column":46},"end":{"line":41,"column":3}},"line":38},"4":{"name":"(anonymous_4)","decl":{"start":{"line":44,"column":18},"end":{"line":44,"column":19}},"loc":{"start":{"line":44,"column":32},"end":{"line":47,"column":3}},"line":44},"5":{"name":"(anonymous_5)","decl":{"start":{"line":50,"column":17},"end":{"line":50,"column":18}},"loc":{"start":{"line":50,"column":31},"end":{"line":53,"column":3}},"line":50},"6":{"name":"(anonymous_6)","decl":{"start":{"line":56,"column":15},"end":{"line":56,"column":16}},"loc":{"start":{"line":56,"column":29},"end":{"line":59,"column":3}},"line":56},"7":{"name":"(anonymous_7)","decl":{"start":{"line":62,"column":21},"end":{"line":62,"column":22}},"loc":{"start":{"line":62,"column":40},"end":{"line":65,"column":3}},"line":62}},"branchMap":{"0":{"loc":{"start":{"line":5,"column":2},"end":{"line":8,"column":30}},"type":"binary-expr","locations":[{"start":{"line":5,"column":2},"end":{"line":5,"column":31}},{"start":{"line":6,"column":3},"end":{"line":8,"column":29}}],"line":5},"1":{"loc":{"start":{"line":6,"column":3},"end":{"line":8,"column":29}},"type":"cond-expr","locations":[{"start":{"line":7,"column":6},"end":{"line":7,"column":43}},{"start":{"line":8,"column":6},"end":{"line":8,"column":29}}],"line":6}},"s":{"0":0,"1":0,"2":0,"3":0,"4":0,"5":0,"6":0,"7":0,"8":0,"9":0,"10":0,"11":0,"12":0,"13":0,"14":0,"15":0,"16":0,"17":0,"18":0,"19":0,"20":0,"21":0},"f":{"0":0,"1":0,"2":0,"3":0,"4":0,"5":0,"6":0,"7":0},"b":{"0":[0,0],"1":[0,0]}}
,"/Users/agoley/hackathon/Air/client/src/services/websocket.js": {"path":"/Users/agoley/hackathon/Air/client/src/services/websocket.js","statementMap":{"0":{"start":{"line":3,"column":4},"end":{"line":3,"column":23}},"1":{"start":{"line":4,"column":4},"end":{"line":4,"column":29}},"2":{"start":{"line":5,"column":4},"end":{"line":14,"column":6}},"3":{"start":{"line":15,"column":4},"end":{"line":15,"column":34}},"4":{"start":{"line":16,"column":4},"end":{"line":16,"column":31}},"5":{"start":{"line":17,"column":4},"end":{"line":17,"column":34}},"6":{"start":{"line":18,"column":4},"end":{"line":18,"column":33}},"7":{"start":{"line":19,"column":4},"end":{"line":19,"column":44}},"8":{"start":{"line":23,"column":21},"end":{"line":23,"column":73}},"9":{"start":{"line":25,"column":6},"end":{"line":28,"column":34}},"10":{"start":{"line":34,"column":6},"end":{"line":37,"column":50}},"11":{"start":{"line":39,"column":4},"end":{"line":39,"column":39}},"12":{"start":{"line":41,"column":4},"end":{"line":50,"column":6}},"13":{"start":{"line":42,"column":6},"end":{"line":42,"column":41}},"14":{"start":{"line":43,"column":6},"end":{"line":43,"column":30}},"15":{"start":{"line":44,"column":6},"end":{"line":44,"column":33}},"16":{"start":{"line":47,"column":6},"end":{"line":49,"column":7}},"17":{"start":{"line":48,"column":8},"end":{"line":48,"column":50}},"18":{"start":{"line":52,"column":4},"end":{"line":61,"column":6}},"19":{"start":{"line":53,"column":6},"end":{"line":60,"column":7}},"20":{"start":{"line":54,"column":21},"end":{"line":54,"column":43}},"21":{"start":{"line":55,"column":8},"end":{"line":57,"column":9}},"22":{"start":{"line":56,"column":10},"end":{"line":56,"column":74}},"23":{"start":{"line":56,"column":58},"end":{"line":56,"column":72}},"24":{"start":{"line":59,"column":8},"end":{"line":59,"column":67}},"25":{"start":{"line":63,"column":4},"end":{"line":79,"column":6}},"26":{"start":{"line":64,"column":6},"end":{"line":64,"column":71}},"27":{"start":{"line":65,"column":6},"end":{"line":65,"column":31}},"28":{"start":{"line":67,"column":6},"end":{"line":78,"column":7}},"29":{"start":{"line":68,"column":8},"end":{"line":74,"column":55}},"30":{"start":{"line":69,"column":10},"end":{"line":69,"column":35}},"31":{"start":{"line":70,"column":10},"end":{"line":72,"column":12}},"32":{"start":{"line":73,"column":10},"end":{"line":73,"column":25}},"33":{"start":{"line":76,"column":8},"end":{"line":76,"column":54}},"34":{"start":{"line":77,"column":8},"end":{"line":77,"column":70}},"35":{"start":{"line":81,"column":4},"end":{"line":84,"column":6}},"36":{"start":{"line":82,"column":6},"end":{"line":82,"column":47}},"37":{"start":{"line":83,"column":6},"end":{"line":83,"column":52}},"38":{"start":{"line":88,"column":4},"end":{"line":101,"column":5}},"39":{"start":{"line":89,"column":6},"end":{"line":91,"column":7}},"40":{"start":{"line":90,"column":8},"end":{"line":90,"column":51}},"41":{"start":{"line":93,"column":6},"end":{"line":95,"column":7}},"42":{"start":{"line":94,"column":8},"end":{"line":94,"column":44}},"43":{"start":{"line":97,"column":6},"end":{"line":97,"column":26}},"44":{"start":{"line":98,"column":6},"end":{"line":98,"column":25}},"45":{"start":{"line":99,"column":6},"end":{"line":99,"column":31}},"46":{"start":{"line":100,"column":6},"end":{"line":100,"column":36}},"47":{"start":{"line":105,"column":4},"end":{"line":109,"column":5}},"48":{"start":{"line":106,"column":6},"end":{"line":106,"column":42}},"49":{"start":{"line":107,"column":6},"end":{"line":107,"column":21}},"50":{"start":{"line":108,"column":6},"end":{"line":108,"column":13}},"51":{"start":{"line":111,"column":4},"end":{"line":111,"column":40}},"52":{"start":{"line":112,"column":4},"end":{"line":116,"column":7}},"53":{"start":{"line":120,"column":4},"end":{"line":125,"column":5}},"54":{"start":{"line":121,"column":6},"end":{"line":124,"column":9}},"55":{"start":{"line":126,"column":4},"end":{"line":126,"column":34}},"56":{"start":{"line":130,"column":4},"end":{"line":135,"column":7}},"57":{"start":{"line":139,"column":4},"end":{"line":143,"column":7}},"58":{"start":{"line":147,"column":4},"end":{"line":147,"column":25}},"59":{"start":{"line":151,"column":4},"end":{"line":153,"column":6}},"60":{"start":{"line":157,"column":4},"end":{"line":164,"column":5}},"61":{"start":{"line":158,"column":6},"end":{"line":158,"column":45}},"62":{"start":{"line":160,"column":6},"end":{"line":160,"column":67}},"63":{"start":{"line":161,"column":6},"end":{"line":163,"column":7}},"64":{"start":{"line":162,"column":8},"end":{"line":162,"column":23}},"65":{"start":{"line":168,"column":4},"end":{"line":170,"column":5}},"66":{"start":{"line":169,"column":6},"end":{"line":169,"column":43}},"67":{"start":{"line":171,"column":4},"end":{"line":171,"column":43}},"68":{"start":{"line":171,"column":17},"end":{"line":171,"column":42}},"69":{"start":{"line":175,"column":4},"end":{"line":179,"column":5}},"70":{"start":{"line":176,"column":6},"end":{"line":178,"column":8}},"71":{"start":{"line":177,"column":16},"end":{"line":177,"column":31}},"72":{"start":{"line":183,"column":4},"end":{"line":185,"column":5}},"73":{"start":{"line":184,"column":6},"end":{"line":184,"column":72}},"74":{"start":{"line":184,"column":49},"end":{"line":184,"column":70}},"75":{"start":{"line":190,"column":18},"end":{"line":190,"column":40}}},"fnMap":{"0":{"name":"(anonymous_0)","decl":{"start":{"line":2,"column":2},"end":{"line":2,"column":3}},"loc":{"start":{"line":2,"column":16},"end":{"line":20,"column":3}},"line":2},"1":{"name":"(anonymous_1)","decl":{"start":{"line":22,"column":2},"end":{"line":22,"column":3}},"loc":{"start":{"line":22,"column":12},"end":{"line":85,"column":3}},"line":22},"2":{"name":"(anonymous_2)","decl":{"start":{"line":41,"column":25},"end":{"line":41,"column":26}},"loc":{"start":{"line":41,"column":31},"end":{"line":50,"column":5}},"line":41},"3":{"name":"(anonymous_3)","decl":{"start":{"line":52,"column":28},"end":{"line":52,"column":29}},"loc":{"start":{"line":52,"column":39},"end":{"line":61,"column":5}},"line":52},"4":{"name":"(anonymous_4)","decl":{"start":{"line":56,"column":44},"end":{"line":56,"column":45}},"loc":{"start":{"line":56,"column":58},"end":{"line":56,"column":72}},"line":56},"5":{"name":"(anonymous_5)","decl":{"start":{"line":63,"column":26},"end":{"line":63,"column":27}},"loc":{"start":{"line":63,"column":37},"end":{"line":79,"column":5}},"line":63},"6":{"name":"(anonymous_6)","decl":{"start":{"line":68,"column":43},"end":{"line":68,"column":44}},"loc":{"start":{"line":68,"column":49},"end":{"line":74,"column":9}},"line":68},"7":{"name":"(anonymous_7)","decl":{"start":{"line":81,"column":26},"end":{"line":81,"column":27}},"loc":{"start":{"line":81,"column":37},"end":{"line":84,"column":5}},"line":81},"8":{"name":"(anonymous_8)","decl":{"start":{"line":87,"column":2},"end":{"line":87,"column":3}},"loc":{"start":{"line":87,"column":15},"end":{"line":102,"column":3}},"line":87},"9":{"name":"(anonymous_9)","decl":{"start":{"line":104,"column":2},"end":{"line":104,"column":3}},"loc":{"start":{"line":104,"column":27},"end":{"line":117,"column":3}},"line":104},"10":{"name":"(anonymous_10)","decl":{"start":{"line":119,"column":2},"end":{"line":119,"column":3}},"loc":{"start":{"line":119,"column":28},"end":{"line":127,"column":3}},"line":119},"11":{"name":"(anonymous_11)","decl":{"start":{"line":129,"column":2},"end":{"line":129,"column":3}},"loc":{"start":{"line":129,"column":45},"end":{"line":136,"column":3}},"line":129},"12":{"name":"(anonymous_12)","decl":{"start":{"line":138,"column":2},"end":{"line":138,"column":3}},"loc":{"start":{"line":138,"column":43},"end":{"line":144,"column":3}},"line":138},"13":{"name":"(anonymous_13)","decl":{"start":{"line":146,"column":2},"end":{"line":146,"column":3}},"loc":{"start":{"line":146,"column":16},"end":{"line":148,"column":3}},"line":146},"14":{"name":"(anonymous_14)","decl":{"start":{"line":150,"column":2},"end":{"line":150,"column":3}},"loc":{"start":{"line":150,"column":21},"end":{"line":154,"column":3}},"line":150},"15":{"name":"(anonymous_15)","decl":{"start":{"line":156,"column":2},"end":{"line":156,"column":3}},"loc":{"start":{"line":156,"column":20},"end":{"line":165,"column":3}},"line":156},"16":{"name":"(anonymous_16)","decl":{"start":{"line":167,"column":2},"end":{"line":167,"column":3}},"loc":{"start":{"line":167,"column":22},"end":{"line":172,"column":3}},"line":167},"17":{"name":"(anonymous_17)","decl":{"start":{"line":171,"column":11},"end":{"line":171,"column":12}},"loc":{"start":{"line":171,"column":17},"end":{"line":171,"column":42}},"line":171},"18":{"name":"(anonymous_18)","decl":{"start":{"line":174,"column":2},"end":{"line":174,"column":3}},"loc":{"start":{"line":174,"column":23},"end":{"line":180,"column":3}},"line":174},"19":{"name":"(anonymous_19)","decl":{"start":{"line":177,"column":8},"end":{"line":177,"column":9}},"loc":{"start":{"line":177,"column":16},"end":{"line":177,"column":31}},"line":177},"20":{"name":"(anonymous_20)","decl":{"start":{"line":182,"column":2},"end":{"line":182,"column":3}},"loc":{"start":{"line":182,"column":23},"end":{"line":186,"column":3}},"line":182},"21":{"name":"(anonymous_21)","decl":{"start":{"line":184,"column":35},"end":{"line":184,"column":36}},"loc":{"start":{"line":184,"column":49},"end":{"line":184,"column":70}},"line":184}},"branchMap":{"0":{"loc":{"start":{"line":23,"column":21},"end":{"line":23,"column":73}},"type":"cond-expr","locations":[{"start":{"line":23,"column":61},"end":{"line":23,"column":66}},{"start":{"line":23,"column":69},"end":{"line":23,"column":73}}],"line":23},"1":{"loc":{"start":{"line":25,"column":6},"end":{"line":28,"column":34}},"type":"binary-expr","locations":[{"start":{"line":25,"column":6},"end":{"line":25,"column":35}},{"start":{"line":26,"column":7},"end":{"line":28,"column":33}}],"line":25},"2":{"loc":{"start":{"line":26,"column":7},"end":{"line":28,"column":33}},"type":"cond-expr","locations":[{"start":{"line":27,"column":10},"end":{"line":27,"column":47}},{"start":{"line":28,"column":10},"end":{"line":28,"column":33}}],"line":26},"3":{"loc":{"start":{"line":34,"column":6},"end":{"line":37,"column":50}},"type":"binary-expr","locations":[{"start":{"line":34,"column":6},"end":{"line":34,"column":34}},{"start":{"line":35,"column":7},"end":{"line":37,"column":49}}],"line":34},"4":{"loc":{"start":{"line":35,"column":7},"end":{"line":37,"column":49}},"type":"cond-expr","locations":[{"start":{"line":36,"column":10},"end":{"line":36,"column":45}},{"start":{"line":37,"column":10},"end":{"line":37,"column":49}}],"line":35},"5":{"loc":{"start":{"line":47,"column":6},"end":{"line":49,"column":7}},"type":"if","locations":[{"start":{"line":47,"column":6},"end":{"line":49,"column":7}},{"start":{},"end":{}}],"line":47},"6":{"loc":{"start":{"line":55,"column":8},"end":{"line":57,"column":9}},"type":"if","locations":[{"start":{"line":55,"column":8},"end":{"line":57,"column":9}},{"start":{},"end":{}}],"line":55},"7":{"loc":{"start":{"line":67,"column":6},"end":{"line":78,"column":7}},"type":"if","locations":[{"start":{"line":67,"column":6},"end":{"line":78,"column":7}},{"start":{"line":75,"column":13},"end":{"line":78,"column":7}}],"line":67},"8":{"loc":{"start":{"line":88,"column":4},"end":{"line":101,"column":5}},"type":"if","locations":[{"start":{"line":88,"column":4},"end":{"line":101,"column":5}},{"start":{},"end":{}}],"line":88},"9":{"loc":{"start":{"line":89,"column":6},"end":{"line":91,"column":7}},"type":"if","locations":[{"start":{"line":89,"column":6},"end":{"line":91,"column":7}},{"start":{},"end":{}}],"line":89},"10":{"loc":{"start":{"line":93,"column":6},"end":{"line":95,"column":7}},"type":"if","locations":[{"start":{"line":93,"column":6},"end":{"line":95,"column":7}},{"start":{},"end":{}}],"line":93},"11":{"loc":{"start":{"line":105,"column":4},"end":{"line":109,"column":5}},"type":"if","locations":[{"start":{"line":105,"column":4},"end":{"line":109,"column":5}},{"start":{},"end":{}}],"line":105},"12":{"loc":{"start":{"line":120,"column":4},"end":{"line":125,"column":5}},"type":"if","locations":[{"start":{"line":120,"column":4},"end":{"line":125,"column":5}},{"start":{},"end":{}}],"line":120},"13":{"loc":{"start":{"line":157,"column":4},"end":{"line":164,"column":5}},"type":"if","locations":[{"start":{"line":157,"column":4},"end":{"line":164,"column":5}},{"start":{"line":159,"column":11},"end":{"line":164,"column":5}}],"line":157},"14":{"loc":{"start":{"line":157,"column":8},"end":{"line":157,"column":69}},"type":"binary-expr","locations":[{"start":{"line":157,"column":8},"end":{"line":157,"column":24}},{"start":{"line":157,"column":28},"end":{"line":157,"column":69}}],"line":157},"15":{"loc":{"start":{"line":161,"column":6},"end":{"line":163,"column":7}},"type":"if","locations":[{"start":{"line":161,"column":6},"end":{"line":163,"column":7}},{"start":{},"end":{}}],"line":161},"16":{"loc":{"start":{"line":168,"column":4},"end":{"line":170,"column":5}},"type":"if","locations":[{"start":{"line":168,"column":4},"end":{"line":170,"column":5}},{"start":{},"end":{}}],"line":168},"17":{"loc":{"start":{"line":175,"column":4},"end":{"line":179,"column":5}},"type":"if","locations":[{"start":{"line":175,"column":4},"end":{"line":179,"column":5}},{"start":{},"end":{}}],"line":175},"18":{"loc":{"start":{"line":183,"column":4},"end":{"line":185,"column":5}},"type":"if","locations":[{"start":{"line":183,"column":4},"end":{"line":185,"column":5}},{"start":{},"end":{}}],"line":183}},"s":{"0":1,"1":1,"2":1,"3":1,"4":1,"5":1,"6":1,"7":1,"8":8,"9":8,"10":8,"11":8,"12":8,"13":0,"14":0,"15":0,"16":0,"17":0,"18":8,"19":0,"20":0,"21":0,"22":0,"23":0,"24":0,"25":8,"26":0,"27":0,"28":0,"29":0,"30":0,"31":0,"32":0,"33":0,"34":0,"35":8,"36":0,"37":0,"38":1,"39":1,"40":0,"41":1,"42":0,"43":1,"44":0,"45":0,"46":0,"47":2,"48":1,"49":1,"50":1,"51":1,"52":1,"53":1,"54":1,"55":0,"56":1,"57":1,"58":1,"59":1,"60":4,"61":0,"62":0,"63":0,"64":0,"65":2,"66":0,"67":2,"68":0,"69":1,"70":0,"71":0,"72":0,"73":0,"74":0,"75":1},"f":{"0":1,"1":8,"2":0,"3":0,"4":0,"5":0,"6":0,"7":0,"8":1,"9":2,"10":1,"11":1,"12":1,"13":1,"14":1,"15":4,"16":2,"17":0,"18":1,"19":0,"20":0,"21":0},"b":{"0":[0,8],"1":[8,8],"2":[0,8],"3":[8,8],"4":[8,0],"5":[0,0],"6":[0,0],"7":[0,0],"8":[1,0],"9":[0,1],"10":[0,1],"11":[1,1],"12":[1,0],"13":[0,0],"14":[4,4],"15":[0,0],"16":[0,2],"17":[0,1],"18":[0,0]},"_coverageSchema":"1a1c01bbd47fc00a2c39e90264f33305004495a9","hash":"8fb7e24a99d7845be45caeed74ffac626483d021"}
}
