TN:
SF:src/App.js
FN:9,App
FNF:1
FNH:0
FNDA:0,App
DA:10,0
LF:1
LH:0
BRF:0
BRH:0
end_of_record
TN:
SF:src/index.js
FNF:0
FNH:0
DA:7,0
DA:8,0
LF:2
LH:0
BRF:0
BRH:0
end_of_record
TN:
SF:src/components/ApiDebugger.js
FN:4,(anonymous_0)
FN:10,(anonymous_1)
FN:11,(anonymous_2)
FN:22,(anonymous_3)
FN:33,(anonymous_4)
FN:47,(anonymous_5)
FNF:6
FNH:0
FNDA:0,(anonymous_0)
FNDA:0,(anonymous_1)
FNDA:0,(anonymous_2)
FNDA:0,(anonymous_3)
FNDA:0,(anonymous_4)
FNDA:0,(anonymous_5)
DA:4,0
DA:5,0
DA:6,0
DA:7,0
DA:8,0
DA:10,0
DA:11,0
DA:12,0
DA:15,0
DA:16,0
DA:17,0
DA:18,0
DA:19,0
DA:21,0
DA:22,0
DA:26,0
DA:27,0
DA:28,0
DA:29,0
DA:30,0
DA:32,0
DA:33,0
DA:37,0
DA:38,0
DA:39,0
DA:40,0
DA:44,0
DA:46,0
DA:47,0
DA:51,0
DA:54,0
DA:57,0
DA:58,0
DA:61,0
LF:34
LH:0
BRDA:37,0,0,0
BRDA:37,0,1,0
BRDA:57,1,0,0
BRDA:57,1,1,0
BRDA:67,2,0,0
BRDA:67,2,1,0
BRDA:76,3,0,0
BRDA:76,3,1,0
BRDA:78,4,0,0
BRDA:78,4,1,0
BRDA:85,5,0,0
BRDA:85,5,1,0
BRF:12
BRH:0
end_of_record
TN:
SF:src/components/DocumentForm.js
FN:3,(anonymous_0)
FN:12,(anonymous_1)
FN:38,(anonymous_2)
FN:47,(anonymous_3)
FNF:4
FNH:0
FNDA:0,(anonymous_0)
FNDA:0,(anonymous_1)
FNDA:0,(anonymous_2)
FNDA:0,(anonymous_3)
DA:3,0
DA:8,0
DA:9,0
DA:10,0
DA:12,0
DA:13,0
DA:15,0
DA:16,0
DA:17,0
DA:20,0
DA:22,0
DA:23,0
DA:25,0
DA:27,0
DA:31,0
DA:38,0
DA:47,0
LF:17
LH:0
BRDA:5,0,0,0
BRDA:6,1,0,0
BRDA:15,2,0,0
BRDA:15,2,1,0
BRDA:53,3,0,0
BRDA:53,3,1,0
BRF:6
BRH:0
end_of_record
TN:
SF:src/components/Navbar.js
FN:4,(anonymous_0)
FNF:1
FNH:0
FNDA:0,(anonymous_0)
DA:4,0
DA:5,0
DA:21,0
LF:3
LH:0
BRF:0
BRH:0
end_of_record
TN:
SF:src/components/RichTextEditor.js
FN:13,(anonymous_0)
FN:25,(anonymous_1)
FN:26,(anonymous_2)
FN:27,(anonymous_3)
FN:44,(anonymous_4)
FN:58,(anonymous_5)
FN:70,(anonymous_6)
FN:74,(anonymous_7)
FN:88,(anonymous_8)
FN:146,(anonymous_9)
FN:150,(anonymous_10)
FN:155,(anonymous_11)
FN:179,(anonymous_12)
FN:186,(anonymous_13)
FN:226,(anonymous_14)
FN:237,(anonymous_15)
FNF:16
FNH:3
FNDA:7,(anonymous_0)
FNDA:0,(anonymous_1)
FNDA:0,(anonymous_2)
FNDA:0,(anonymous_3)
FNDA:0,(anonymous_4)
FNDA:7,(anonymous_5)
FNDA:0,(anonymous_6)
FNDA:0,(anonymous_7)
FNDA:0,(anonymous_8)
FNDA:0,(anonymous_9)
FNDA:0,(anonymous_10)
FNDA:0,(anonymous_11)
FNDA:0,(anonymous_12)
FNDA:7,(anonymous_13)
FNDA:0,(anonymous_14)
FNDA:0,(anonymous_15)
DA:12,1
DA:23,7
DA:25,7
DA:26,0
DA:28,0
DA:29,0
DA:30,0
DA:31,0
DA:32,0
DA:36,0
DA:37,0
DA:38,0
DA:40,0
DA:43,0
DA:44,0
DA:45,0
DA:46,0
DA:48,0
DA:58,7
DA:59,7
DA:60,7
DA:61,7
DA:62,0
DA:63,0
DA:67,7
DA:70,7
DA:73,7
DA:74,0
DA:77,0
DA:88,0
DA:89,0
DA:90,0
DA:91,0
DA:95,0
DA:96,0
DA:97,0
DA:98,0
DA:99,0
DA:102,0
DA:115,0
DA:116,0
DA:117,0
DA:128,0
DA:131,0
DA:132,0
DA:133,0
DA:135,0
DA:139,0
DA:146,7
DA:147,0
DA:148,0
DA:150,0
DA:152,0
DA:155,0
DA:156,0
DA:157,0
DA:158,0
DA:159,0
DA:160,0
DA:164,0
DA:165,0
DA:166,0
DA:167,0
DA:176,0
DA:177,0
DA:179,0
DA:180,0
DA:185,7
DA:186,7
DA:207,7
DA:225,7
DA:228,0
DA:229,0
DA:236,7
DA:238,0
DA:239,0
DA:245,7
LF:77
LH:17
BRDA:17,0,0,0
BRDA:19,1,0,5
BRDA:29,2,0,0
BRDA:29,2,1,0
BRDA:31,3,0,0
BRDA:31,3,1,0
BRDA:43,4,0,0
BRDA:43,4,1,0
BRDA:43,5,0,0
BRDA:43,5,1,0
BRDA:61,6,0,0
BRDA:61,6,1,7
BRDA:89,7,0,0
BRDA:89,7,1,0
BRDA:89,8,0,0
BRDA:89,8,1,0
BRDA:93,9,0,0
BRDA:93,9,1,0
BRDA:95,10,0,0
BRDA:95,10,1,0
BRDA:132,11,0,0
BRDA:132,11,1,0
BRDA:148,12,0,0
BRDA:148,12,1,0
BRDA:158,13,0,0
BRDA:158,13,1,0
BRDA:158,14,0,0
BRDA:158,14,1,0
BRDA:162,15,0,0
BRDA:162,15,1,0
BRDA:164,16,0,0
BRDA:164,16,1,0
BRDA:176,17,0,0
BRDA:176,17,1,0
BRDA:228,18,0,0
BRDA:228,18,1,0
BRDA:238,19,0,0
BRDA:238,19,1,0
BRDA:238,20,0,0
BRDA:238,20,1,0
BRF:40
BRH:2
end_of_record
TN:
SF:src/components/RouteHandler.js
FN:4,(anonymous_0)
FN:8,(anonymous_1)
FNF:2
FNH:0
FNDA:0,(anonymous_0)
FNDA:0,(anonymous_1)
DA:4,0
DA:5,0
DA:6,0
DA:8,0
DA:10,0
DA:11,0
DA:15,0
LF:7
LH:0
BRDA:10,0,0,0
BRDA:10,0,1,0
BRF:2
BRH:0
end_of_record
TN:
SF:src/components/ShareModal.js
FN:3,(anonymous_0)
FN:6,(anonymous_1)
FN:7,(anonymous_2)
FN:11,(anonymous_3)
FN:30,(anonymous_4)
FNF:5
FNH:0
FNDA:0,(anonymous_0)
FNDA:0,(anonymous_1)
FNDA:0,(anonymous_2)
FNDA:0,(anonymous_3)
FNDA:0,(anonymous_4)
DA:3,1
DA:4,0
DA:6,0
DA:7,0
DA:8,0
DA:9,0
DA:11,0
DA:12,0
DA:17,0
DA:19,0
DA:30,0
LF:11
LH:1
BRDA:9,0,0,0
BRDA:9,0,1,0
BRDA:17,1,0,0
BRDA:17,1,1,0
BRDA:32,2,0,0
BRDA:32,2,1,0
BRF:6
BRH:0
end_of_record
TN:
SF:src/pages/DocumentEditor.js
FN:8,(anonymous_0)
FN:31,(anonymous_1)
FN:68,(anonymous_2)
FN:73,(anonymous_3)
FN:79,(anonymous_4)
FN:119,(anonymous_5)
FN:129,(anonymous_6)
FN:136,(anonymous_7)
FN:140,(anonymous_8)
FN:146,(anonymous_9)
FN:152,(anonymous_10)
FN:161,(anonymous_11)
FN:163,(anonymous_12)
FN:168,(anonymous_13)
FN:178,(anonymous_14)
FN:193,(anonymous_15)
FN:195,(anonymous_16)
FN:204,(anonymous_17)
FN:207,(anonymous_18)
FN:244,(anonymous_19)
FN:260,(anonymous_20)
FN:261,(anonymous_21)
FN:273,(anonymous_22)
FN:290,(anonymous_23)
FN:300,(anonymous_24)
FN:314,(anonymous_25)
FN:321,(anonymous_26)
FN:328,(anonymous_27)
FN:338,(anonymous_28)
FN:348,(anonymous_29)
FN:365,(anonymous_30)
FN:404,(anonymous_31)
FN:412,(anonymous_32)
FN:427,(anonymous_33)
FN:433,(anonymous_34)
FN:441,(anonymous_35)
FN:462,(anonymous_36)
FN:472,(anonymous_37)
FN:497,(anonymous_38)
FN:527,(anonymous_39)
FN:566,(anonymous_40)
FN:567,(anonymous_41)
FN:572,(anonymous_42)
FNF:43
FNH:11
FNDA:24,(anonymous_0)
FNDA:12,(anonymous_1)
FNDA:12,(anonymous_2)
FNDA:20,(anonymous_3)
FNDA:0,(anonymous_4)
FNDA:0,(anonymous_5)
FNDA:0,(anonymous_6)
FNDA:0,(anonymous_7)
FNDA:0,(anonymous_8)
FNDA:0,(anonymous_9)
FNDA:0,(anonymous_10)
FNDA:0,(anonymous_11)
FNDA:0,(anonymous_12)
FNDA:0,(anonymous_13)
FNDA:0,(anonymous_14)
FNDA:0,(anonymous_15)
FNDA:0,(anonymous_16)
FNDA:0,(anonymous_17)
FNDA:0,(anonymous_18)
FNDA:8,(anonymous_19)
FNDA:12,(anonymous_20)
FNDA:0,(anonymous_21)
FNDA:0,(anonymous_22)
FNDA:12,(anonymous_23)
FNDA:22,(anonymous_24)
FNDA:0,(anonymous_25)
FNDA:2,(anonymous_26)
FNDA:1,(anonymous_27)
FNDA:0,(anonymous_28)
FNDA:0,(anonymous_29)
FNDA:0,(anonymous_30)
FNDA:0,(anonymous_31)
FNDA:0,(anonymous_32)
FNDA:0,(anonymous_33)
FNDA:0,(anonymous_34)
FNDA:0,(anonymous_35)
FNDA:0,(anonymous_36)
FNDA:0,(anonymous_37)
FNDA:1,(anonymous_38)
FNDA:0,(anonymous_39)
FNDA:0,(anonymous_40)
FNDA:0,(anonymous_41)
FNDA:0,(anonymous_42)
DA:8,1
DA:9,24
DA:10,24
DA:11,24
DA:12,23
DA:13,23
DA:14,23
DA:15,23
DA:16,23
DA:17,23
DA:18,23
DA:19,23
DA:20,23
DA:21,23
DA:23,23
DA:24,23
DA:25,23
DA:26,23
DA:27,23
DA:28,23
DA:29,23
DA:31,23
DA:32,12
DA:33,12
DA:34,12
DA:35,12
DA:36,12
DA:38,12
DA:39,11
DA:40,11
DA:41,11
DA:42,11
DA:43,11
DA:49,1
DA:50,1
DA:58,1
DA:64,12
DA:68,23
DA:69,12
DA:73,23
DA:74,20
DA:76,8
DA:77,8
DA:79,8
DA:80,0
DA:81,0
DA:84,0
DA:85,0
DA:86,0
DA:90,0
DA:92,0
DA:97,0
DA:100,0
DA:101,0
DA:105,0
DA:109,0
DA:112,0
DA:113,0
DA:116,0
DA:119,0
DA:120,0
DA:122,0
DA:128,0
DA:129,0
DA:130,0
DA:136,8
DA:140,8
DA:141,0
DA:142,0
DA:146,8
DA:147,0
DA:148,0
DA:151,0
DA:152,0
DA:153,0
DA:154,0
DA:155,0
DA:161,8
DA:162,0
DA:163,0
DA:164,0
DA:168,8
DA:169,0
DA:170,0
DA:171,0
DA:173,0
DA:177,0
DA:178,0
DA:179,0
DA:187,0
DA:188,0
DA:193,8
DA:194,0
DA:195,0
DA:196,0
DA:197,0
DA:198,0
DA:200,0
DA:204,8
DA:205,0
DA:206,0
DA:207,0
DA:208,0
DA:209,0
DA:210,0
DA:211,0
DA:217,8
DA:221,8
DA:225,8
DA:229,8
DA:230,8
DA:231,8
DA:235,8
DA:239,8
DA:244,8
DA:246,8
DA:247,0
DA:248,0
DA:249,0
DA:250,0
DA:251,0
DA:252,0
DA:253,0
DA:255,0
DA:260,23
DA:261,12
DA:263,0
DA:270,0
DA:273,12
DA:274,0
DA:276,0
DA:284,12
DA:285,12
DA:290,12
DA:291,12
DA:292,12
DA:300,23
DA:301,22
DA:303,10
DA:307,8
DA:310,2
DA:311,0
DA:314,2
DA:316,0
DA:317,0
DA:321,2
DA:322,2
DA:323,2
DA:328,23
DA:330,1
DA:331,0
DA:334,1
DA:337,23
DA:339,0
DA:340,0
DA:342,0
DA:344,0
DA:345,0
DA:348,0
DA:349,0
DA:355,0
DA:365,23
DA:366,0
DA:371,0
DA:374,0
DA:375,0
DA:376,0
DA:378,0
DA:379,0
DA:386,0
DA:389,0
DA:391,0
DA:393,0
DA:396,0
DA:397,0
DA:399,0
DA:400,0
DA:403,0
DA:404,0
DA:405,0
DA:408,0
DA:412,23
DA:413,0
DA:418,0
DA:421,0
DA:422,0
DA:423,0
DA:425,0
DA:426,0
DA:427,0
DA:428,0
DA:433,23
DA:434,0
DA:435,0
DA:436,0
DA:437,0
DA:439,0
DA:440,0
DA:441,0
DA:442,0
DA:447,23
DA:448,12
DA:451,11
DA:452,1
DA:462,0
DA:472,0
DA:479,10
DA:480,0
DA:483,10
DA:497,1
DA:527,0
DA:566,0
DA:568,0
DA:572,0
DA:573,0
LF:215
LH:92
BRDA:60,0,0,1
BRDA:60,0,1,1
BRDA:74,1,0,12
BRDA:74,1,1,8
BRDA:80,2,0,0
BRDA:80,2,1,0
BRDA:84,3,0,0
BRDA:84,3,1,0
BRDA:90,4,0,0
BRDA:90,4,1,0
BRDA:100,5,0,0
BRDA:100,5,1,0
BRDA:105,6,0,0
BRDA:105,6,1,0
BRDA:106,7,0,0
BRDA:106,7,1,0
BRDA:112,8,0,0
BRDA:112,8,1,0
BRDA:112,9,0,0
BRDA:112,9,1,0
BRDA:141,10,0,0
BRDA:141,10,1,0
BRDA:147,11,0,0
BRDA:147,11,1,0
BRDA:151,12,0,0
BRDA:151,12,1,0
BRDA:162,13,0,0
BRDA:162,13,1,0
BRDA:173,14,0,0
BRDA:173,14,1,0
BRDA:174,15,0,0
BRDA:174,15,1,0
BRDA:194,16,0,0
BRDA:194,16,1,0
BRDA:206,17,0,0
BRDA:206,17,1,0
BRDA:274,18,0,0
BRDA:274,18,1,0
BRDA:301,19,0,12
BRDA:301,19,1,10
BRDA:301,20,0,22
BRDA:301,20,1,10
BRDA:301,20,2,10
BRDA:303,21,0,8
BRDA:303,21,1,2
BRDA:304,22,0,10
BRDA:304,22,1,9
BRDA:310,23,0,0
BRDA:310,23,1,2
BRDA:316,24,0,0
BRDA:316,24,1,0
BRDA:322,25,0,2
BRDA:322,25,1,0
BRDA:330,26,0,0
BRDA:330,26,1,1
BRDA:342,27,0,0
BRDA:342,27,1,0
BRDA:342,28,0,0
BRDA:342,28,1,0
BRDA:344,29,0,0
BRDA:344,29,1,0
BRDA:366,30,0,0
BRDA:366,30,1,0
BRDA:367,31,0,0
BRDA:367,31,1,0
BRDA:367,31,2,0
BRDA:396,32,0,0
BRDA:396,32,1,0
BRDA:399,33,0,0
BRDA:399,33,1,0
BRDA:413,34,0,0
BRDA:413,34,1,0
BRDA:447,35,0,12
BRDA:447,35,1,11
BRDA:451,36,0,1
BRDA:451,36,1,10
BRDA:479,37,0,0
BRDA:479,37,1,10
BRDA:503,38,0,0
BRDA:503,38,1,10
BRDA:516,39,0,10
BRDA:516,39,1,0
BRDA:562,40,0,10
BRDA:562,40,1,0
BRDA:579,41,0,10
BRDA:579,41,1,0
BRF:86
BRH:25
end_of_record
TN:
SF:src/pages/DocumentList.js
FN:6,(anonymous_0)
FN:13,(anonymous_1)
FN:17,(anonymous_2)
FN:31,(anonymous_3)
FN:42,(anonymous_4)
FN:70,(anonymous_5)
FN:94,(anonymous_6)
FN:134,(anonymous_7)
FNF:8
FNH:0
FNDA:0,(anonymous_0)
FNDA:0,(anonymous_1)
FNDA:0,(anonymous_2)
FNDA:0,(anonymous_3)
FNDA:0,(anonymous_4)
FNDA:0,(anonymous_5)
FNDA:0,(anonymous_6)
FNDA:0,(anonymous_7)
DA:6,0
DA:7,0
DA:8,0
DA:9,0
DA:10,0
DA:11,0
DA:13,0
DA:14,0
DA:17,0
DA:18,0
DA:19,0
DA:20,0
DA:21,0
DA:22,0
DA:24,0
DA:25,0
DA:27,0
DA:31,0
DA:32,0
DA:33,0
DA:34,0
DA:35,0
DA:37,0
DA:38,0
DA:42,0
DA:43,0
DA:46,0
DA:47,0
DA:50,0
DA:51,0
DA:59,0
DA:70,0
DA:95,0
DA:134,0
LF:34
LH:0
BRDA:46,0,0,0
BRDA:46,0,1,0
BRDA:50,1,0,0
BRDA:50,1,1,0
BRDA:72,2,0,0
BRDA:72,2,1,0
BRDA:76,3,0,0
BRDA:76,3,1,0
BRDA:92,4,0,0
BRDA:92,4,1,0
BRDA:113,5,0,0
BRDA:113,5,1,0
BRDA:113,6,0,0
BRDA:113,6,1,0
BRF:14
BRH:0
end_of_record
TN:
SF:src/pages/SharedDocument.js
FN:5,(anonymous_0)
FN:12,(anonymous_1)
FN:13,(anonymous_2)
FN:30,(anonymous_3)
FN:42,(anonymous_4)
FN:56,(anonymous_5)
FNF:6
FNH:0
FNDA:0,(anonymous_0)
FNDA:0,(anonymous_1)
FNDA:0,(anonymous_2)
FNDA:0,(anonymous_3)
FNDA:0,(anonymous_4)
FNDA:0,(anonymous_5)
DA:5,0
DA:6,0
DA:7,0
DA:8,0
DA:9,0
DA:10,0
DA:12,0
DA:13,0
DA:14,0
DA:15,0
DA:16,0
DA:17,0
DA:18,0
DA:20,0
DA:21,0
DA:23,0
DA:27,0
DA:30,0
DA:31,0
DA:34,0
DA:35,0
DA:38,0
DA:39,0
DA:42,0
DA:47,0
DA:48,0
DA:51,0
DA:56,0
LF:28
LH:0
BRDA:34,0,0,0
BRDA:34,0,1,0
BRDA:38,1,0,0
BRDA:38,1,1,0
BRDA:47,2,0,0
BRDA:47,2,1,0
BRDA:67,3,0,0
BRDA:67,3,1,0
BRDA:81,4,0,0
BRDA:81,4,1,0
BRF:10
BRH:0
end_of_record
TN:
SF:src/services/api.js
FN:18,(anonymous_0)
FN:24,(anonymous_1)
FN:32,(anonymous_2)
FN:38,(anonymous_3)
FN:44,(anonymous_4)
FN:50,(anonymous_5)
FN:56,(anonymous_6)
FN:62,(anonymous_7)
FNF:8
FNH:0
FNDA:0,(anonymous_0)
FNDA:0,(anonymous_1)
FNDA:0,(anonymous_2)
FNDA:0,(anonymous_3)
FNDA:0,(anonymous_4)
FNDA:0,(anonymous_5)
FNDA:0,(anonymous_6)
FNDA:0,(anonymous_7)
DA:5,0
DA:10,0
DA:12,0
DA:16,0
DA:19,0
DA:20,0
DA:25,0
DA:26,0
DA:27,0
DA:28,0
DA:33,0
DA:34,0
DA:39,0
DA:40,0
DA:45,0
DA:46,0
DA:51,0
DA:52,0
DA:57,0
DA:58,0
DA:63,0
DA:64,0
LF:22
LH:0
BRDA:5,0,0,0
BRDA:5,0,1,0
BRDA:6,1,0,0
BRDA:6,1,1,0
BRF:4
BRH:0
end_of_record
TN:
SF:src/services/websocket.js
FN:2,(anonymous_0)
FN:22,(anonymous_1)
FN:41,(anonymous_2)
FN:52,(anonymous_3)
FN:56,(anonymous_4)
FN:63,(anonymous_5)
FN:68,(anonymous_6)
FN:81,(anonymous_7)
FN:87,(anonymous_8)
FN:104,(anonymous_9)
FN:119,(anonymous_10)
FN:129,(anonymous_11)
FN:138,(anonymous_12)
FN:146,(anonymous_13)
FN:150,(anonymous_14)
FN:156,(anonymous_15)
FN:167,(anonymous_16)
FN:171,(anonymous_17)
FN:174,(anonymous_18)
FN:177,(anonymous_19)
FN:182,(anonymous_20)
FN:184,(anonymous_21)
FNF:22
FNH:12
FNDA:1,(anonymous_0)
FNDA:8,(anonymous_1)
FNDA:0,(anonymous_2)
FNDA:0,(anonymous_3)
FNDA:0,(anonymous_4)
FNDA:0,(anonymous_5)
FNDA:0,(anonymous_6)
FNDA:0,(anonymous_7)
FNDA:1,(anonymous_8)
FNDA:2,(anonymous_9)
FNDA:1,(anonymous_10)
FNDA:1,(anonymous_11)
FNDA:1,(anonymous_12)
FNDA:1,(anonymous_13)
FNDA:1,(anonymous_14)
FNDA:4,(anonymous_15)
FNDA:2,(anonymous_16)
FNDA:0,(anonymous_17)
FNDA:1,(anonymous_18)
FNDA:0,(anonymous_19)
FNDA:0,(anonymous_20)
FNDA:0,(anonymous_21)
DA:3,1
DA:4,1
DA:5,1
DA:15,1
DA:16,1
DA:17,1
DA:18,1
DA:19,1
DA:23,8
DA:25,8
DA:34,8
DA:39,8
DA:41,8
DA:42,0
DA:43,0
DA:44,0
DA:47,0
DA:48,0
DA:52,8
DA:53,0
DA:54,0
DA:55,0
DA:56,0
DA:59,0
DA:63,8
DA:64,0
DA:65,0
DA:67,0
DA:68,0
DA:69,0
DA:70,0
DA:73,0
DA:76,0
DA:77,0
DA:81,8
DA:82,0
DA:83,0
DA:88,1
DA:89,1
DA:90,0
DA:93,1
DA:94,0
DA:97,1
DA:98,0
DA:99,0
DA:100,0
DA:105,2
DA:106,1
DA:107,1
DA:108,1
DA:111,1
DA:112,1
DA:120,1
DA:121,1
DA:126,0
DA:130,1
DA:139,1
DA:147,1
DA:151,1
DA:157,4
DA:158,0
DA:160,0
DA:161,0
DA:162,0
DA:168,2
DA:169,0
DA:171,2
DA:175,1
DA:176,0
DA:177,0
DA:183,0
DA:184,0
DA:190,1
LF:73
LH:37
BRDA:23,0,0,0
BRDA:23,0,1,8
BRDA:25,1,0,8
BRDA:25,1,1,8
BRDA:26,2,0,0
BRDA:26,2,1,8
BRDA:34,3,0,8
BRDA:34,3,1,8
BRDA:35,4,0,8
BRDA:35,4,1,0
BRDA:47,5,0,0
BRDA:47,5,1,0
BRDA:55,6,0,0
BRDA:55,6,1,0
BRDA:67,7,0,0
BRDA:67,7,1,0
BRDA:88,8,0,1
BRDA:88,8,1,0
BRDA:89,9,0,0
BRDA:89,9,1,1
BRDA:93,10,0,0
BRDA:93,10,1,1
BRDA:105,11,0,1
BRDA:105,11,1,1
BRDA:120,12,0,1
BRDA:120,12,1,0
BRDA:157,13,0,0
BRDA:157,13,1,0
BRDA:157,14,0,4
BRDA:157,14,1,4
BRDA:161,15,0,0
BRDA:161,15,1,0
BRDA:168,16,0,0
BRDA:168,16,1,2
BRDA:175,17,0,0
BRDA:175,17,1,1
BRDA:183,18,0,0
BRDA:183,18,1,0
BRF:38
BRH:17
end_of_record
